--------------- Build Started: 07/21/2017 01:18:48 Project: Defcon_Badge, Configuration: ARM GCC 5.4-2016-q2-update Release ---------------
The code generation step is up to date.
arm-none-eabi-gcc.exe -c main.c -o .\CortexM0\ARM_GCC_541\Release\main.o -mcpu=cortex-m0 -mthumb -I. -IGenerated_Source\PSoC4 -Wa,-alh=.\CortexM0\ARM_GCC_541\Release/main.lst -g -D NDEBUG -Wall -ffunction-sections -ffat-lto-objects -Os
arm-none-eabi-gcc.exe -c binary.c -o .\CortexM0\ARM_GCC_541\Release\binary.o -mcpu=cortex-m0 -mthumb -I. -IGenerated_Source\PSoC4 -Wa,-alh=.\CortexM0\ARM_GCC_541\Release/binary.lst -g -D NDEBUG -Wall -ffunction-sections -ffat-lto-objects -Os
arm-none-eabi-gcc.exe -c lightlib.c -o .\CortexM0\ARM_GCC_541\Release\lightlib.o -mcpu=cortex-m0 -mthumb -I. -IGenerated_Source\PSoC4 -Wa,-alh=.\CortexM0\ARM_GCC_541\Release/lightlib.lst -g -D NDEBUG -Wall -ffunction-sections -ffat-lto-objects -Os
arm-none-eabi-gcc.exe -c morse.c -o .\CortexM0\ARM_GCC_541\Release\morse.o -mcpu=cortex-m0 -mthumb -I. -IGenerated_Source\PSoC4 -Wa,-alh=.\CortexM0\ARM_GCC_541\Release/morse.lst -g -D NDEBUG -Wall -ffunction-sections -ffat-lto-objects -Os
arm-none-eabi-gcc.exe -c state.c -o .\CortexM0\ARM_GCC_541\Release\state.o -mcpu=cortex-m0 -mthumb -I. -IGenerated_Source\PSoC4 -Wa,-alh=.\CortexM0\ARM_GCC_541\Release/state.lst -g -D NDEBUG -Wall -ffunction-sections -ffat-lto-objects -Os
arm-none-eabi-gcc.exe -c togglelib.c -o .\CortexM0\ARM_GCC_541\Release\togglelib.o -mcpu=cortex-m0 -mthumb -I. -IGenerated_Source\PSoC4 -Wa,-alh=.\CortexM0\ARM_GCC_541\Release/togglelib.lst -g -D NDEBUG -Wall -ffunction-sections -ffat-lto-objects -Os
arm-none-eabi-gcc.exe -c Generated_Source\PSoC4\cyfitter_cfg.c -o .\CortexM0\ARM_GCC_541\Release\cyfitter_cfg.o -mcpu=cortex-m0 -mthumb -I. -IGenerated_Source\PSoC4 -Wa,-alh=.\CortexM0\ARM_GCC_541\Release/cyfitter_cfg.lst -g -D NDEBUG -Wall -ffunction-sections -ffat-lto-objects -Os
arm-none-eabi-gcc.exe -c Generated_Source\PSoC4\cybootloader.c -o .\CortexM0\ARM_GCC_541\Release\cybootloader.o -mcpu=cortex-m0 -mthumb -I. -IGenerated_Source\PSoC4 -Wa,-alh=.\CortexM0\ARM_GCC_541\Release/cybootloader.lst -g -D NDEBUG -Wall -ffunction-sections -ffat-lto-objects -Os
arm-none-eabi-gcc.exe -c Generated_Source\PSoC4\cymetadata.c -o .\CortexM0\ARM_GCC_541\Release\cymetadata.o -mcpu=cortex-m0 -mthumb -I. -IGenerated_Source\PSoC4 -Wa,-alh=.\CortexM0\ARM_GCC_541\Release/cymetadata.lst -g -D NDEBUG -Wall -ffunction-sections -ffat-lto-objects -Os
arm-none-eabi-gcc.exe -c Generated_Source\PSoC4\Bootloadable.c -o .\CortexM0\ARM_GCC_541\Release\Bootloadable.o -mcpu=cortex-m0 -mthumb -I. -IGenerated_Source\PSoC4 -Wa,-alh=.\CortexM0\ARM_GCC_541\Release/Bootloadable.lst -g -D NDEBUG -Wall -ffunction-sections -ffat-lto-objects -Os
arm-none-eabi-gcc.exe -c Generated_Source\PSoC4\Board_LED.c -o .\CortexM0\ARM_GCC_541\Release\Board_LED.o -mcpu=cortex-m0 -mthumb -I. -IGenerated_Source\PSoC4 -Wa,-alh=.\CortexM0\ARM_GCC_541\Release/Board_LED.lst -g -D NDEBUG -Wall -ffunction-sections -ffat-lto-objects -Os
arm-none-eabi-gcc.exe -c Generated_Source\PSoC4\Board_LED_PM.c -o .\CortexM0\ARM_GCC_541\Release\Board_LED_PM.o -mcpu=cortex-m0 -mthumb -I. -IGenerated_Source\PSoC4 -Wa,-alh=.\CortexM0\ARM_GCC_541\Release/Board_LED_PM.lst -g -D NDEBUG -Wall -ffunction-sections -ffat-lto-objects -Os
arm-none-eabi-gcc.exe -c Generated_Source\PSoC4\IR_LED.c -o .\CortexM0\ARM_GCC_541\Release\IR_LED.o -mcpu=cortex-m0 -mthumb -I. -IGenerated_Source\PSoC4 -Wa,-alh=.\CortexM0\ARM_GCC_541\Release/IR_LED.lst -g -D NDEBUG -Wall -ffunction-sections -ffat-lto-objects -Os
arm-none-eabi-gcc.exe -c Generated_Source\PSoC4\IR_LED_PM.c -o .\CortexM0\ARM_GCC_541\Release\IR_LED_PM.o -mcpu=cortex-m0 -mthumb -I. -IGenerated_Source\PSoC4 -Wa,-alh=.\CortexM0\ARM_GCC_541\Release/IR_LED_PM.lst -g -D NDEBUG -Wall -ffunction-sections -ffat-lto-objects -Os
arm-none-eabi-gcc.exe -c Generated_Source\PSoC4\SWL.c -o .\CortexM0\ARM_GCC_541\Release\SWL.o -mcpu=cortex-m0 -mthumb -I. -IGenerated_Source\PSoC4 -Wa,-alh=.\CortexM0\ARM_GCC_541\Release/SWL.lst -g -D NDEBUG -Wall -ffunction-sections -ffat-lto-objects -Os
arm-none-eabi-gcc.exe -c Generated_Source\PSoC4\SWL_PM.c -o .\CortexM0\ARM_GCC_541\Release\SWL_PM.o -mcpu=cortex-m0 -mthumb -I. -IGenerated_Source\PSoC4 -Wa,-alh=.\CortexM0\ARM_GCC_541\Release/SWL_PM.lst -g -D NDEBUG -Wall -ffunction-sections -ffat-lto-objects -Os
arm-none-eabi-gcc.exe -c Generated_Source\PSoC4\SWL_Int.c -o .\CortexM0\ARM_GCC_541\Release\SWL_Int.o -mcpu=cortex-m0 -mthumb -I. -IGenerated_Source\PSoC4 -Wa,-alh=.\CortexM0\ARM_GCC_541\Release/SWL_Int.lst -g -D NDEBUG -Wall -ffunction-sections -ffat-lto-objects -Os
arm-none-eabi-gcc.exe -c Generated_Source\PSoC4\SWR.c -o .\CortexM0\ARM_GCC_541\Release\SWR.o -mcpu=cortex-m0 -mthumb -I. -IGenerated_Source\PSoC4 -Wa,-alh=.\CortexM0\ARM_GCC_541\Release/SWR.lst -g -D NDEBUG -Wall -ffunction-sections -ffat-lto-objects -Os
arm-none-eabi-gcc.exe -c Generated_Source\PSoC4\SWR_PM.c -o .\CortexM0\ARM_GCC_541\Release\SWR_PM.o -mcpu=cortex-m0 -mthumb -I. -IGenerated_Source\PSoC4 -Wa,-alh=.\CortexM0\ARM_GCC_541\Release/SWR_PM.lst -g -D NDEBUG -Wall -ffunction-sections -ffat-lto-objects -Os
arm-none-eabi-gcc.exe -c Generated_Source\PSoC4\SWR_Int.c -o .\CortexM0\ARM_GCC_541\Release\SWR_Int.o -mcpu=cortex-m0 -mthumb -I. -IGenerated_Source\PSoC4 -Wa,-alh=.\CortexM0\ARM_GCC_541\Release/SWR_Int.lst -g -D NDEBUG -Wall -ffunction-sections -ffat-lto-objects -Os
arm-none-eabi-gcc.exe -c Generated_Source\PSoC4\SWB.c -o .\CortexM0\ARM_GCC_541\Release\SWB.o -mcpu=cortex-m0 -mthumb -I. -IGenerated_Source\PSoC4 -Wa,-alh=.\CortexM0\ARM_GCC_541\Release/SWB.lst -g -D NDEBUG -Wall -ffunction-sections -ffat-lto-objects -Os
arm-none-eabi-gcc.exe -c Generated_Source\PSoC4\SWB_PM.c -o .\CortexM0\ARM_GCC_541\Release\SWB_PM.o -mcpu=cortex-m0 -mthumb -I. -IGenerated_Source\PSoC4 -Wa,-alh=.\CortexM0\ARM_GCC_541\Release/SWB_PM.lst -g -D NDEBUG -Wall -ffunction-sections -ffat-lto-objects -Os
arm-none-eabi-gcc.exe -c Generated_Source\PSoC4\SWB_Int.c -o .\CortexM0\ARM_GCC_541\Release\SWB_Int.o -mcpu=cortex-m0 -mthumb -I. -IGenerated_Source\PSoC4 -Wa,-alh=.\CortexM0\ARM_GCC_541\Release/SWB_Int.lst -g -D NDEBUG -Wall -ffunction-sections -ffat-lto-objects -Os
arm-none-eabi-gcc.exe -c Generated_Source\PSoC4\Left_LED_Green.c -o .\CortexM0\ARM_GCC_541\Release\Left_LED_Green.o -mcpu=cortex-m0 -mthumb -I. -IGenerated_Source\PSoC4 -Wa,-alh=.\CortexM0\ARM_GCC_541\Release/Left_LED_Green.lst -g -D NDEBUG -Wall -ffunction-sections -ffat-lto-objects -Os
arm-none-eabi-gcc.exe -c Generated_Source\PSoC4\Left_LED_Green_PM.c -o .\CortexM0\ARM_GCC_541\Release\Left_LED_Green_PM.o -mcpu=cortex-m0 -mthumb -I. -IGenerated_Source\PSoC4 -Wa,-alh=.\CortexM0\ARM_GCC_541\Release/Left_LED_Green_PM.lst -g -D NDEBUG -Wall -ffunction-sections -ffat-lto-objects -Os
arm-none-eabi-gcc.exe -c Generated_Source\PSoC4\Right_LED_Green.c -o .\CortexM0\ARM_GCC_541\Release\Right_LED_Green.o -mcpu=cortex-m0 -mthumb -I. -IGenerated_Source\PSoC4 -Wa,-alh=.\CortexM0\ARM_GCC_541\Release/Right_LED_Green.lst -g -D NDEBUG -Wall -ffunction-sections -ffat-lto-objects -Os
arm-none-eabi-gcc.exe -c Generated_Source\PSoC4\Right_LED_Green_PM.c -o .\CortexM0\ARM_GCC_541\Release\Right_LED_Green_PM.o -mcpu=cortex-m0 -mthumb -I. -IGenerated_Source\PSoC4 -Wa,-alh=.\CortexM0\ARM_GCC_541\Release/Right_LED_Green_PM.lst -g -D NDEBUG -Wall -ffunction-sections -ffat-lto-objects -Os
arm-none-eabi-gcc.exe -c Generated_Source\PSoC4\PWM_Right_LED_Red.c -o .\CortexM0\ARM_GCC_541\Release\PWM_Right_LED_Red.o -mcpu=cortex-m0 -mthumb -I. -IGenerated_Source\PSoC4 -Wa,-alh=.\CortexM0\ARM_GCC_541\Release/PWM_Right_LED_Red.lst -g -D NDEBUG -Wall -ffunction-sections -ffat-lto-objects -Os
arm-none-eabi-gcc.exe -c Generated_Source\PSoC4\PWM_Right_LED_Red_PM.c -o .\CortexM0\ARM_GCC_541\Release\PWM_Right_LED_Red_PM.o -mcpu=cortex-m0 -mthumb -I. -IGenerated_Source\PSoC4 -Wa,-alh=.\CortexM0\ARM_GCC_541\Release/PWM_Right_LED_Red_PM.lst -g -D NDEBUG -Wall -ffunction-sections -ffat-lto-objects -Os
arm-none-eabi-gcc.exe -c Generated_Source\PSoC4\clk_4kHz.c -o .\CortexM0\ARM_GCC_541\Release\clk_4kHz.o -mcpu=cortex-m0 -mthumb -I. -IGenerated_Source\PSoC4 -Wa,-alh=.\CortexM0\ARM_GCC_541\Release/clk_4kHz.lst -g -D NDEBUG -Wall -ffunction-sections -ffat-lto-objects -Os
arm-none-eabi-gcc.exe -c Generated_Source\PSoC4\PWM_Left_LED_Red.c -o .\CortexM0\ARM_GCC_541\Release\PWM_Left_LED_Red.o -mcpu=cortex-m0 -mthumb -I. -IGenerated_Source\PSoC4 -Wa,-alh=.\CortexM0\ARM_GCC_541\Release/PWM_Left_LED_Red.lst -g -D NDEBUG -Wall -ffunction-sections -ffat-lto-objects -Os
arm-none-eabi-gcc.exe -c Generated_Source\PSoC4\PWM_Left_LED_Red_PM.c -o .\CortexM0\ARM_GCC_541\Release\PWM_Left_LED_Red_PM.o -mcpu=cortex-m0 -mthumb -I. -IGenerated_Source\PSoC4 -Wa,-alh=.\CortexM0\ARM_GCC_541\Release/PWM_Left_LED_Red_PM.lst -g -D NDEBUG -Wall -ffunction-sections -ffat-lto-objects -Os
arm-none-eabi-gcc.exe -c Generated_Source\PSoC4\Left_LED_Red.c -o .\CortexM0\ARM_GCC_541\Release\Left_LED_Red.o -mcpu=cortex-m0 -mthumb -I. -IGenerated_Source\PSoC4 -Wa,-alh=.\CortexM0\ARM_GCC_541\Release/Left_LED_Red.lst -g -D NDEBUG -Wall -ffunction-sections -ffat-lto-objects -Os
arm-none-eabi-gcc.exe -c Generated_Source\PSoC4\Left_LED_Red_PM.c -o .\CortexM0\ARM_GCC_541\Release\Left_LED_Red_PM.o -mcpu=cortex-m0 -mthumb -I. -IGenerated_Source\PSoC4 -Wa,-alh=.\CortexM0\ARM_GCC_541\Release/Left_LED_Red_PM.lst -g -D NDEBUG -Wall -ffunction-sections -ffat-lto-objects -Os
arm-none-eabi-gcc.exe -c Generated_Source\PSoC4\Right_LED_Red.c -o .\CortexM0\ARM_GCC_541\Release\Right_LED_Red.o -mcpu=cortex-m0 -mthumb -I. -IGenerated_Source\PSoC4 -Wa,-alh=.\CortexM0\ARM_GCC_541\Release/Right_LED_Red.lst -g -D NDEBUG -Wall -ffunction-sections -ffat-lto-objects -Os
arm-none-eabi-gcc.exe -c Generated_Source\PSoC4\Right_LED_Red_PM.c -o .\CortexM0\ARM_GCC_541\Release\Right_LED_Red_PM.o -mcpu=cortex-m0 -mthumb -I. -IGenerated_Source\PSoC4 -Wa,-alh=.\CortexM0\ARM_GCC_541\Release/Right_LED_Red_PM.lst -g -D NDEBUG -Wall -ffunction-sections -ffat-lto-objects -Os
arm-none-eabi-gcc.exe -c Generated_Source\PSoC4\Left_LED_Blue.c -o .\CortexM0\ARM_GCC_541\Release\Left_LED_Blue.o -mcpu=cortex-m0 -mthumb -I. -IGenerated_Source\PSoC4 -Wa,-alh=.\CortexM0\ARM_GCC_541\Release/Left_LED_Blue.lst -g -D NDEBUG -Wall -ffunction-sections -ffat-lto-objects -Os
arm-none-eabi-gcc.exe -c Generated_Source\PSoC4\Left_LED_Blue_PM.c -o .\CortexM0\ARM_GCC_541\Release\Left_LED_Blue_PM.o -mcpu=cortex-m0 -mthumb -I. -IGenerated_Source\PSoC4 -Wa,-alh=.\CortexM0\ARM_GCC_541\Release/Left_LED_Blue_PM.lst -g -D NDEBUG -Wall -ffunction-sections -ffat-lto-objects -Os
arm-none-eabi-gcc.exe -c Generated_Source\PSoC4\Right_LED_Blue.c -o .\CortexM0\ARM_GCC_541\Release\Right_LED_Blue.o -mcpu=cortex-m0 -mthumb -I. -IGenerated_Source\PSoC4 -Wa,-alh=.\CortexM0\ARM_GCC_541\Release/Right_LED_Blue.lst -g -D NDEBUG -Wall -ffunction-sections -ffat-lto-objects -Os
arm-none-eabi-gcc.exe -c Generated_Source\PSoC4\Right_LED_Blue_PM.c -o .\CortexM0\ARM_GCC_541\Release\Right_LED_Blue_PM.o -mcpu=cortex-m0 -mthumb -I. -IGenerated_Source\PSoC4 -Wa,-alh=.\CortexM0\ARM_GCC_541\Release/Right_LED_Blue_PM.lst -g -D NDEBUG -Wall -ffunction-sections -ffat-lto-objects -Os
arm-none-eabi-gcc.exe -c Generated_Source\PSoC4\Cm0Start.c -o .\CortexM0\ARM_GCC_541\Release\Cm0Start.o -mcpu=cortex-m0 -mthumb -I. -IGenerated_Source\PSoC4 -Wa,-alh=.\CortexM0\ARM_GCC_541\Release/Cm0Start.lst -g -D NDEBUG -Wall -ffunction-sections -ffat-lto-objects -Os
arm-none-eabi-gcc.exe -c Generated_Source\PSoC4\CyFlash.c -o .\CortexM0\ARM_GCC_541\Release\CyFlash.o -mcpu=cortex-m0 -mthumb -I. -IGenerated_Source\PSoC4 -Wa,-alh=.\CortexM0\ARM_GCC_541\Release/CyFlash.lst -g -D NDEBUG -Wall -ffunction-sections -ffat-lto-objects -Os
arm-none-eabi-gcc.exe -c Generated_Source\PSoC4\CyLib.c -o .\CortexM0\ARM_GCC_541\Release\CyLib.o -mcpu=cortex-m0 -mthumb -I. -IGenerated_Source\PSoC4 -Wa,-alh=.\CortexM0\ARM_GCC_541\Release/CyLib.lst -g -D NDEBUG -Wall -ffunction-sections -ffat-lto-objects -Os
arm-none-eabi-gcc.exe -c Generated_Source\PSoC4\cyPm.c -o .\CortexM0\ARM_GCC_541\Release\cyPm.o -mcpu=cortex-m0 -mthumb -I. -IGenerated_Source\PSoC4 -Wa,-alh=.\CortexM0\ARM_GCC_541\Release/cyPm.lst -g -D NDEBUG -Wall -ffunction-sections -ffat-lto-objects -Os
arm-none-eabi-gcc.exe -c Generated_Source\PSoC4\cyutils.c -o .\CortexM0\ARM_GCC_541\Release\cyutils.o -mcpu=cortex-m0 -mthumb -I. -IGenerated_Source\PSoC4 -Wa,-alh=.\CortexM0\ARM_GCC_541\Release/cyutils.lst -g -D NDEBUG -Wall -ffunction-sections -ffat-lto-objects -Os
arm-none-eabi-gcc.exe -c Generated_Source\PSoC4\CyLFClk.c -o .\CortexM0\ARM_GCC_541\Release\CyLFClk.o -mcpu=cortex-m0 -mthumb -I. -IGenerated_Source\PSoC4 -Wa,-alh=.\CortexM0\ARM_GCC_541\Release/CyLFClk.lst -g -D NDEBUG -Wall -ffunction-sections -ffat-lto-objects -Os
arm-none-eabi-gcc.exe -c Generated_Source\PSoC4\PWM_Defcon.c -o .\CortexM0\ARM_GCC_541\Release\PWM_Defcon.o -mcpu=cortex-m0 -mthumb -I. -IGenerated_Source\PSoC4 -Wa,-alh=.\CortexM0\ARM_GCC_541\Release/PWM_Defcon.lst -g -D NDEBUG -Wall -ffunction-sections -ffat-lto-objects -Os
arm-none-eabi-gcc.exe -c Generated_Source\PSoC4\PWM_Defcon_PM.c -o .\CortexM0\ARM_GCC_541\Release\PWM_Defcon_PM.o -mcpu=cortex-m0 -mthumb -I. -IGenerated_Source\PSoC4 -Wa,-alh=.\CortexM0\ARM_GCC_541\Release/PWM_Defcon_PM.lst -g -D NDEBUG -Wall -ffunction-sections -ffat-lto-objects -Os
arm-none-eabi-gcc.exe -c Generated_Source\PSoC4\DEFCON_Int.c -o .\CortexM0\ARM_GCC_541\Release\DEFCON_Int.o -mcpu=cortex-m0 -mthumb -I. -IGenerated_Source\PSoC4 -Wa,-alh=.\CortexM0\ARM_GCC_541\Release/DEFCON_Int.lst -g -D NDEBUG -Wall -ffunction-sections -ffat-lto-objects -Os
arm-none-eabi-as.exe -o .\CortexM0\ARM_GCC_541\Release\CyBootAsmGnu.o Generated_Source\PSoC4\CyBootAsmGnu.s -mcpu=cortex-m0 -mthumb -I. -IGenerated_Source\PSoC4 -alh=.\CortexM0\ARM_GCC_541\Release/CyBootAsmGnu.lst -g -W
arm-none-eabi-ar.exe -rs .\CortexM0\ARM_GCC_541\Release\Defcon_Badge.a .\CortexM0\ARM_GCC_541\Release\Bootloadable.o .\CortexM0\ARM_GCC_541\Release\Board_LED.o .\CortexM0\ARM_GCC_541\Release\Board_LED_PM.o .\CortexM0\ARM_GCC_541\Release\IR_LED.o .\CortexM0\ARM_GCC_541\Release\IR_LED_PM.o .\CortexM0\ARM_GCC_541\Release\SWL.o .\CortexM0\ARM_GCC_541\Release\SWL_PM.o .\CortexM0\ARM_GCC_541\Release\SWL_Int.o .\CortexM0\ARM_GCC_541\Release\SWR.o .\CortexM0\ARM_GCC_541\Release\SWR_PM.o .\CortexM0\ARM_GCC_541\Release\SWR_Int.o .\CortexM0\ARM_GCC_541\Release\SWB.o .\CortexM0\ARM_GCC_541\Release\SWB_PM.o .\CortexM0\ARM_GCC_541\Release\SWB_Int.o .\CortexM0\ARM_GCC_541\Release\Left_LED_Green.o .\CortexM0\ARM_GCC_541\Release\Left_LED_Green_PM.o .\CortexM0\ARM_GCC_541\Release\Right_LED_Green.o .\CortexM0\ARM_GCC_541\Release\Right_LED_Green_PM.o .\CortexM0\ARM_GCC_541\Release\PWM_Right_LED_Red.o .\CortexM0\ARM_GCC_541\Release\PWM_Right_LED_Red_PM.o .\CortexM0\ARM_GCC_541\Release\clk_4kHz.o .\CortexM0\ARM_GCC_541\Release\PWM_Left_LED_Red.o .\CortexM0\ARM_GCC_541\Release\PWM_Left_LED_Red_PM.o .\CortexM0\ARM_GCC_541\Release\Left_LED_Red.o .\CortexM0\ARM_GCC_541\Release\Left_LED_Red_PM.o .\CortexM0\ARM_GCC_541\Release\Right_LED_Red.o .\CortexM0\ARM_GCC_541\Release\Right_LED_Red_PM.o .\CortexM0\ARM_GCC_541\Release\Left_LED_Blue.o .\CortexM0\ARM_GCC_541\Release\Left_LED_Blue_PM.o .\CortexM0\ARM_GCC_541\Release\Right_LED_Blue.o .\CortexM0\ARM_GCC_541\Release\Right_LED_Blue_PM.o .\CortexM0\ARM_GCC_541\Release\CyFlash.o .\CortexM0\ARM_GCC_541\Release\CyLib.o .\CortexM0\ARM_GCC_541\Release\cyPm.o .\CortexM0\ARM_GCC_541\Release\cyutils.o .\CortexM0\ARM_GCC_541\Release\CyLFClk.o .\CortexM0\ARM_GCC_541\Release\PWM_Defcon.o .\CortexM0\ARM_GCC_541\Release\PWM_Defcon_PM.o .\CortexM0\ARM_GCC_541\Release\DEFCON_Int.o .\CortexM0\ARM_GCC_541\Release\CyBootAsmGnu.o
arm-none-eabi-ar.exe: creating .\CortexM0\ARM_GCC_541\Release\Defcon_Badge.a
arm-none-eabi-gcc.exe -Wl,--start-group -o "C:\Users\ryan\Documents\PSoC Creator\Defcon_Badge\Defcon_Badge.cydsn\CortexM0\ARM_GCC_541\Release\Defcon_Badge.elf" .\CortexM0\ARM_GCC_541\Release\main.o .\CortexM0\ARM_GCC_541\Release\binary.o .\CortexM0\ARM_GCC_541\Release\lightlib.o .\CortexM0\ARM_GCC_541\Release\morse.o .\CortexM0\ARM_GCC_541\Release\state.o .\CortexM0\ARM_GCC_541\Release\togglelib.o .\CortexM0\ARM_GCC_541\Release\cyfitter_cfg.o .\CortexM0\ARM_GCC_541\Release\cybootloader.o .\CortexM0\ARM_GCC_541\Release\cymetadata.o .\CortexM0\ARM_GCC_541\Release\Cm0Start.o .\CortexM0\ARM_GCC_541\Release\Defcon_Badge.a "C:\Program Files (x86)\Cypress\PSoC Creator\4.1\PSoC Creator\psoc\content\cycomponentlibrary\CyComponentLibrary.cylib\CortexM0\ARM_GCC_541\Release\CyComponentLibrary.a" -mcpu=cortex-m0 -mthumb -L Generated_Source\PSoC4 -Wl,-Map,.\CortexM0\ARM_GCC_541\Release/Defcon_Badge.map -T Generated_Source\PSoC4\cm0gcc.ld -specs=nano.specs -Wl,--gc-sections -g -ffunction-sections -Os -ffat-lto-objects -Wl,--end-group
cyelftool.exe -B "C:\Users\ryan\Documents\PSoC Creator\Defcon_Badge\Defcon_Badge.cydsn\CortexM0\ARM_GCC_541\Release\Defcon_Badge.elf" --flash_row_size 128 --flash_size 32768 --flash_offset 0x00000000 --flash_array_size 32768
cyelftool.exe -S "C:\Users\ryan\Documents\PSoC Creator\Defcon_Badge\Defcon_Badge.cydsn\CortexM0\ARM_GCC_541\Release\Defcon_Badge.elf"
Flash used: 11176 of 32768 bytes (34.1 %). Bootloader: 4224 bytes. Application: 6824 bytes. Metadata: 128 bytes.
SRAM used: 1532 of 4096 bytes (37.4 %). Stack: 1024 bytes. Heap: 128 bytes.
--------------- Build Succeeded: 07/21/2017 01:19:05 ---------------
