ARM GAS  C:\Users\ryan\AppData\Local\Temp\ccnt7HqK.s 			page 1


   1              		.syntax unified
   2              		.cpu cortex-m0
   3              		.fpu softvfp
   4              		.eabi_attribute 20, 1
   5              		.eabi_attribute 21, 1
   6              		.eabi_attribute 23, 3
   7              		.eabi_attribute 24, 1
   8              		.eabi_attribute 25, 1
   9              		.eabi_attribute 26, 1
  10              		.eabi_attribute 30, 4
  11              		.eabi_attribute 34, 0
  12              		.eabi_attribute 18, 4
  13              		.thumb
  14              		.syntax unified
  15              		.file	"PWM_Right_LED_Red_PM.c"
  16              		.text
  17              	.Ltext0:
  18              		.cfi_sections	.debug_frame
  19              		.section	.text.PWM_Right_LED_Red_SaveConfig,"ax",%progbits
  20              		.align	1
  21              		.global	PWM_Right_LED_Red_SaveConfig
  22              		.code	16
  23              		.thumb_func
  24              		.type	PWM_Right_LED_Red_SaveConfig, %function
  25              	PWM_Right_LED_Red_SaveConfig:
  26              	.LFB0:
  27              		.file 1 "Generated_Source\\PSoC4\\PWM_Right_LED_Red_PM.c"
   1:Generated_Source\PSoC4/PWM_Right_LED_Red_PM.c **** /*******************************************************************************
   2:Generated_Source\PSoC4/PWM_Right_LED_Red_PM.c **** * File Name: PWM_Right_LED_Red_PM.c
   3:Generated_Source\PSoC4/PWM_Right_LED_Red_PM.c **** * Version 3.30
   4:Generated_Source\PSoC4/PWM_Right_LED_Red_PM.c **** *
   5:Generated_Source\PSoC4/PWM_Right_LED_Red_PM.c **** * Description:
   6:Generated_Source\PSoC4/PWM_Right_LED_Red_PM.c **** *  This file provides the power management source code to API for the
   7:Generated_Source\PSoC4/PWM_Right_LED_Red_PM.c **** *  PWM.
   8:Generated_Source\PSoC4/PWM_Right_LED_Red_PM.c **** *
   9:Generated_Source\PSoC4/PWM_Right_LED_Red_PM.c **** * Note:
  10:Generated_Source\PSoC4/PWM_Right_LED_Red_PM.c **** *
  11:Generated_Source\PSoC4/PWM_Right_LED_Red_PM.c **** ********************************************************************************
  12:Generated_Source\PSoC4/PWM_Right_LED_Red_PM.c **** * Copyright 2008-2014, Cypress Semiconductor Corporation.  All rights reserved.
  13:Generated_Source\PSoC4/PWM_Right_LED_Red_PM.c **** * You may use this file only in accordance with the license, terms, conditions,
  14:Generated_Source\PSoC4/PWM_Right_LED_Red_PM.c **** * disclaimers, and limitations in the end user license agreement accompanying
  15:Generated_Source\PSoC4/PWM_Right_LED_Red_PM.c **** * the software package with which this file was provided.
  16:Generated_Source\PSoC4/PWM_Right_LED_Red_PM.c **** *******************************************************************************/
  17:Generated_Source\PSoC4/PWM_Right_LED_Red_PM.c **** 
  18:Generated_Source\PSoC4/PWM_Right_LED_Red_PM.c **** #include "PWM_Right_LED_Red.h"
  19:Generated_Source\PSoC4/PWM_Right_LED_Red_PM.c **** 
  20:Generated_Source\PSoC4/PWM_Right_LED_Red_PM.c **** static PWM_Right_LED_Red_backupStruct PWM_Right_LED_Red_backup;
  21:Generated_Source\PSoC4/PWM_Right_LED_Red_PM.c **** 
  22:Generated_Source\PSoC4/PWM_Right_LED_Red_PM.c **** 
  23:Generated_Source\PSoC4/PWM_Right_LED_Red_PM.c **** /*******************************************************************************
  24:Generated_Source\PSoC4/PWM_Right_LED_Red_PM.c **** * Function Name: PWM_Right_LED_Red_SaveConfig
  25:Generated_Source\PSoC4/PWM_Right_LED_Red_PM.c **** ********************************************************************************
  26:Generated_Source\PSoC4/PWM_Right_LED_Red_PM.c **** *
  27:Generated_Source\PSoC4/PWM_Right_LED_Red_PM.c **** * Summary:
  28:Generated_Source\PSoC4/PWM_Right_LED_Red_PM.c **** *  Saves the current user configuration of the component.
  29:Generated_Source\PSoC4/PWM_Right_LED_Red_PM.c **** *
  30:Generated_Source\PSoC4/PWM_Right_LED_Red_PM.c **** * Parameters:
ARM GAS  C:\Users\ryan\AppData\Local\Temp\ccnt7HqK.s 			page 2


  31:Generated_Source\PSoC4/PWM_Right_LED_Red_PM.c **** *  None
  32:Generated_Source\PSoC4/PWM_Right_LED_Red_PM.c **** *
  33:Generated_Source\PSoC4/PWM_Right_LED_Red_PM.c **** * Return:
  34:Generated_Source\PSoC4/PWM_Right_LED_Red_PM.c **** *  None
  35:Generated_Source\PSoC4/PWM_Right_LED_Red_PM.c **** *
  36:Generated_Source\PSoC4/PWM_Right_LED_Red_PM.c **** * Global variables:
  37:Generated_Source\PSoC4/PWM_Right_LED_Red_PM.c **** *  PWM_Right_LED_Red_backup:  Variables of this global structure are modified to
  38:Generated_Source\PSoC4/PWM_Right_LED_Red_PM.c **** *  store the values of non retention configuration registers when Sleep() API is
  39:Generated_Source\PSoC4/PWM_Right_LED_Red_PM.c **** *  called.
  40:Generated_Source\PSoC4/PWM_Right_LED_Red_PM.c **** *
  41:Generated_Source\PSoC4/PWM_Right_LED_Red_PM.c **** *******************************************************************************/
  42:Generated_Source\PSoC4/PWM_Right_LED_Red_PM.c **** void PWM_Right_LED_Red_SaveConfig(void) 
  43:Generated_Source\PSoC4/PWM_Right_LED_Red_PM.c **** {
  28              		.loc 1 43 0
  29              		.cfi_startproc
  30              		@ args = 0, pretend = 0, frame = 0
  31              		@ frame_needed = 0, uses_anonymous_args = 0
  32 0000 10B5     		push	{r4, lr}
  33              		.cfi_def_cfa_offset 8
  34              		.cfi_offset 4, -8
  35              		.cfi_offset 14, -4
  44:Generated_Source\PSoC4/PWM_Right_LED_Red_PM.c **** 
  45:Generated_Source\PSoC4/PWM_Right_LED_Red_PM.c ****     #if(!PWM_Right_LED_Red_UsingFixedFunction)
  46:Generated_Source\PSoC4/PWM_Right_LED_Red_PM.c ****         #if(!PWM_Right_LED_Red_PWMModeIsCenterAligned)
  47:Generated_Source\PSoC4/PWM_Right_LED_Red_PM.c ****             PWM_Right_LED_Red_backup.PWMPeriod = PWM_Right_LED_Red_ReadPeriod();
  36              		.loc 1 47 0
  37 0002 FFF7FEFF 		bl	PWM_Right_LED_Red_ReadPeriod
  38              	.LVL0:
  39 0006 064C     		ldr	r4, .L2
  48:Generated_Source\PSoC4/PWM_Right_LED_Red_PM.c ****         #endif /* (!PWM_Right_LED_Red_PWMModeIsCenterAligned) */
  49:Generated_Source\PSoC4/PWM_Right_LED_Red_PM.c ****         PWM_Right_LED_Red_backup.PWMUdb = PWM_Right_LED_Red_ReadCounter();
  50:Generated_Source\PSoC4/PWM_Right_LED_Red_PM.c ****         #if (PWM_Right_LED_Red_UseStatus)
  51:Generated_Source\PSoC4/PWM_Right_LED_Red_PM.c ****             PWM_Right_LED_Red_backup.InterruptMaskValue = PWM_Right_LED_Red_STATUS_MASK;
  52:Generated_Source\PSoC4/PWM_Right_LED_Red_PM.c ****         #endif /* (PWM_Right_LED_Red_UseStatus) */
  53:Generated_Source\PSoC4/PWM_Right_LED_Red_PM.c **** 
  54:Generated_Source\PSoC4/PWM_Right_LED_Red_PM.c ****         #if(PWM_Right_LED_Red_DeadBandMode == PWM_Right_LED_Red__B_PWM__DBM_256_CLOCKS || \
  55:Generated_Source\PSoC4/PWM_Right_LED_Red_PM.c ****             PWM_Right_LED_Red_DeadBandMode == PWM_Right_LED_Red__B_PWM__DBM_2_4_CLOCKS)
  56:Generated_Source\PSoC4/PWM_Right_LED_Red_PM.c ****             PWM_Right_LED_Red_backup.PWMdeadBandValue = PWM_Right_LED_Red_ReadDeadTime();
  57:Generated_Source\PSoC4/PWM_Right_LED_Red_PM.c ****         #endif /*  deadband count is either 2-4 clocks or 256 clocks */
  58:Generated_Source\PSoC4/PWM_Right_LED_Red_PM.c **** 
  59:Generated_Source\PSoC4/PWM_Right_LED_Red_PM.c ****         #if(PWM_Right_LED_Red_KillModeMinTime)
  60:Generated_Source\PSoC4/PWM_Right_LED_Red_PM.c ****              PWM_Right_LED_Red_backup.PWMKillCounterPeriod = PWM_Right_LED_Red_ReadKillTime();
  61:Generated_Source\PSoC4/PWM_Right_LED_Red_PM.c ****         #endif /* (PWM_Right_LED_Red_KillModeMinTime) */
  62:Generated_Source\PSoC4/PWM_Right_LED_Red_PM.c **** 
  63:Generated_Source\PSoC4/PWM_Right_LED_Red_PM.c ****         #if(PWM_Right_LED_Red_UseControl)
  64:Generated_Source\PSoC4/PWM_Right_LED_Red_PM.c ****             PWM_Right_LED_Red_backup.PWMControlRegister = PWM_Right_LED_Red_ReadControlRegister();
  65:Generated_Source\PSoC4/PWM_Right_LED_Red_PM.c ****         #endif /* (PWM_Right_LED_Red_UseControl) */
  66:Generated_Source\PSoC4/PWM_Right_LED_Red_PM.c ****     #endif  /* (!PWM_Right_LED_Red_UsingFixedFunction) */
  67:Generated_Source\PSoC4/PWM_Right_LED_Red_PM.c **** }
  40              		.loc 1 67 0
  41              		@ sp needed
  47:Generated_Source\PSoC4/PWM_Right_LED_Red_PM.c ****         #endif /* (!PWM_Right_LED_Red_PWMModeIsCenterAligned) */
  42              		.loc 1 47 0
  43 0008 A070     		strb	r0, [r4, #2]
  49:Generated_Source\PSoC4/PWM_Right_LED_Red_PM.c ****         #if (PWM_Right_LED_Red_UseStatus)
  44              		.loc 1 49 0
  45 000a FFF7FEFF 		bl	PWM_Right_LED_Red_ReadCounter
ARM GAS  C:\Users\ryan\AppData\Local\Temp\ccnt7HqK.s 			page 3


  46              	.LVL1:
  51:Generated_Source\PSoC4/PWM_Right_LED_Red_PM.c ****         #endif /* (PWM_Right_LED_Red_UseStatus) */
  47              		.loc 1 51 0
  48 000e 054B     		ldr	r3, .L2+4
  49:Generated_Source\PSoC4/PWM_Right_LED_Red_PM.c ****         #if (PWM_Right_LED_Red_UseStatus)
  49              		.loc 1 49 0
  50 0010 6070     		strb	r0, [r4, #1]
  51:Generated_Source\PSoC4/PWM_Right_LED_Red_PM.c ****         #endif /* (PWM_Right_LED_Red_UseStatus) */
  51              		.loc 1 51 0
  52 0012 1B78     		ldrb	r3, [r3]
  53 0014 E370     		strb	r3, [r4, #3]
  64:Generated_Source\PSoC4/PWM_Right_LED_Red_PM.c ****         #endif /* (PWM_Right_LED_Red_UseControl) */
  54              		.loc 1 64 0
  55 0016 FFF7FEFF 		bl	PWM_Right_LED_Red_ReadControlRegister
  56              	.LVL2:
  57 001a 2071     		strb	r0, [r4, #4]
  58              		.loc 1 67 0
  59 001c 10BD     		pop	{r4, pc}
  60              	.L3:
  61 001e C046     		.align	2
  62              	.L2:
  63 0020 00000000 		.word	.LANCHOR0
  64 0024 82000F40 		.word	1074724994
  65              		.cfi_endproc
  66              	.LFE0:
  67              		.size	PWM_Right_LED_Red_SaveConfig, .-PWM_Right_LED_Red_SaveConfig
  68              		.section	.text.PWM_Right_LED_Red_RestoreConfig,"ax",%progbits
  69              		.align	1
  70              		.global	PWM_Right_LED_Red_RestoreConfig
  71              		.code	16
  72              		.thumb_func
  73              		.type	PWM_Right_LED_Red_RestoreConfig, %function
  74              	PWM_Right_LED_Red_RestoreConfig:
  75              	.LFB1:
  68:Generated_Source\PSoC4/PWM_Right_LED_Red_PM.c **** 
  69:Generated_Source\PSoC4/PWM_Right_LED_Red_PM.c **** 
  70:Generated_Source\PSoC4/PWM_Right_LED_Red_PM.c **** /*******************************************************************************
  71:Generated_Source\PSoC4/PWM_Right_LED_Red_PM.c **** * Function Name: PWM_Right_LED_Red_RestoreConfig
  72:Generated_Source\PSoC4/PWM_Right_LED_Red_PM.c **** ********************************************************************************
  73:Generated_Source\PSoC4/PWM_Right_LED_Red_PM.c **** *
  74:Generated_Source\PSoC4/PWM_Right_LED_Red_PM.c **** * Summary:
  75:Generated_Source\PSoC4/PWM_Right_LED_Red_PM.c **** *  Restores the current user configuration of the component.
  76:Generated_Source\PSoC4/PWM_Right_LED_Red_PM.c **** *
  77:Generated_Source\PSoC4/PWM_Right_LED_Red_PM.c **** * Parameters:
  78:Generated_Source\PSoC4/PWM_Right_LED_Red_PM.c **** *  None
  79:Generated_Source\PSoC4/PWM_Right_LED_Red_PM.c **** *
  80:Generated_Source\PSoC4/PWM_Right_LED_Red_PM.c **** * Return:
  81:Generated_Source\PSoC4/PWM_Right_LED_Red_PM.c **** *  None
  82:Generated_Source\PSoC4/PWM_Right_LED_Red_PM.c **** *
  83:Generated_Source\PSoC4/PWM_Right_LED_Red_PM.c **** * Global variables:
  84:Generated_Source\PSoC4/PWM_Right_LED_Red_PM.c **** *  PWM_Right_LED_Red_backup:  Variables of this global structure are used to
  85:Generated_Source\PSoC4/PWM_Right_LED_Red_PM.c **** *  restore the values of non retention registers on wakeup from sleep mode.
  86:Generated_Source\PSoC4/PWM_Right_LED_Red_PM.c **** *
  87:Generated_Source\PSoC4/PWM_Right_LED_Red_PM.c **** *******************************************************************************/
  88:Generated_Source\PSoC4/PWM_Right_LED_Red_PM.c **** void PWM_Right_LED_Red_RestoreConfig(void) 
  89:Generated_Source\PSoC4/PWM_Right_LED_Red_PM.c **** {
  76              		.loc 1 89 0
ARM GAS  C:\Users\ryan\AppData\Local\Temp\ccnt7HqK.s 			page 4


  77              		.cfi_startproc
  78              		@ args = 0, pretend = 0, frame = 0
  79              		@ frame_needed = 0, uses_anonymous_args = 0
  80 0000 10B5     		push	{r4, lr}
  81              		.cfi_def_cfa_offset 8
  82              		.cfi_offset 4, -8
  83              		.cfi_offset 14, -4
  90:Generated_Source\PSoC4/PWM_Right_LED_Red_PM.c ****         #if(!PWM_Right_LED_Red_UsingFixedFunction)
  91:Generated_Source\PSoC4/PWM_Right_LED_Red_PM.c ****             #if(!PWM_Right_LED_Red_PWMModeIsCenterAligned)
  92:Generated_Source\PSoC4/PWM_Right_LED_Red_PM.c ****                 PWM_Right_LED_Red_WritePeriod(PWM_Right_LED_Red_backup.PWMPeriod);
  84              		.loc 1 92 0
  85 0002 074C     		ldr	r4, .L5
  93:Generated_Source\PSoC4/PWM_Right_LED_Red_PM.c ****             #endif /* (!PWM_Right_LED_Red_PWMModeIsCenterAligned) */
  94:Generated_Source\PSoC4/PWM_Right_LED_Red_PM.c **** 
  95:Generated_Source\PSoC4/PWM_Right_LED_Red_PM.c ****             PWM_Right_LED_Red_WriteCounter(PWM_Right_LED_Red_backup.PWMUdb);
  96:Generated_Source\PSoC4/PWM_Right_LED_Red_PM.c **** 
  97:Generated_Source\PSoC4/PWM_Right_LED_Red_PM.c ****             #if (PWM_Right_LED_Red_UseStatus)
  98:Generated_Source\PSoC4/PWM_Right_LED_Red_PM.c ****                 PWM_Right_LED_Red_STATUS_MASK = PWM_Right_LED_Red_backup.InterruptMaskValue;
  99:Generated_Source\PSoC4/PWM_Right_LED_Red_PM.c ****             #endif /* (PWM_Right_LED_Red_UseStatus) */
 100:Generated_Source\PSoC4/PWM_Right_LED_Red_PM.c **** 
 101:Generated_Source\PSoC4/PWM_Right_LED_Red_PM.c ****             #if(PWM_Right_LED_Red_DeadBandMode == PWM_Right_LED_Red__B_PWM__DBM_256_CLOCKS || \
 102:Generated_Source\PSoC4/PWM_Right_LED_Red_PM.c ****                 PWM_Right_LED_Red_DeadBandMode == PWM_Right_LED_Red__B_PWM__DBM_2_4_CLOCKS)
 103:Generated_Source\PSoC4/PWM_Right_LED_Red_PM.c ****                 PWM_Right_LED_Red_WriteDeadTime(PWM_Right_LED_Red_backup.PWMdeadBandValue);
 104:Generated_Source\PSoC4/PWM_Right_LED_Red_PM.c ****             #endif /* deadband count is either 2-4 clocks or 256 clocks */
 105:Generated_Source\PSoC4/PWM_Right_LED_Red_PM.c **** 
 106:Generated_Source\PSoC4/PWM_Right_LED_Red_PM.c ****             #if(PWM_Right_LED_Red_KillModeMinTime)
 107:Generated_Source\PSoC4/PWM_Right_LED_Red_PM.c ****                 PWM_Right_LED_Red_WriteKillTime(PWM_Right_LED_Red_backup.PWMKillCounterPeriod);
 108:Generated_Source\PSoC4/PWM_Right_LED_Red_PM.c ****             #endif /* (PWM_Right_LED_Red_KillModeMinTime) */
 109:Generated_Source\PSoC4/PWM_Right_LED_Red_PM.c **** 
 110:Generated_Source\PSoC4/PWM_Right_LED_Red_PM.c ****             #if(PWM_Right_LED_Red_UseControl)
 111:Generated_Source\PSoC4/PWM_Right_LED_Red_PM.c ****                 PWM_Right_LED_Red_WriteControlRegister(PWM_Right_LED_Red_backup.PWMControlRegister)
 112:Generated_Source\PSoC4/PWM_Right_LED_Red_PM.c ****             #endif /* (PWM_Right_LED_Red_UseControl) */
 113:Generated_Source\PSoC4/PWM_Right_LED_Red_PM.c ****         #endif  /* (!PWM_Right_LED_Red_UsingFixedFunction) */
 114:Generated_Source\PSoC4/PWM_Right_LED_Red_PM.c ****     }
  86              		.loc 1 114 0
  87              		@ sp needed
  92:Generated_Source\PSoC4/PWM_Right_LED_Red_PM.c ****             #endif /* (!PWM_Right_LED_Red_PWMModeIsCenterAligned) */
  88              		.loc 1 92 0
  89 0004 A078     		ldrb	r0, [r4, #2]
  90 0006 FFF7FEFF 		bl	PWM_Right_LED_Red_WritePeriod
  91              	.LVL3:
  95:Generated_Source\PSoC4/PWM_Right_LED_Red_PM.c **** 
  92              		.loc 1 95 0
  93 000a 6078     		ldrb	r0, [r4, #1]
  94 000c FFF7FEFF 		bl	PWM_Right_LED_Red_WriteCounter
  95              	.LVL4:
  98:Generated_Source\PSoC4/PWM_Right_LED_Red_PM.c ****             #endif /* (PWM_Right_LED_Red_UseStatus) */
  96              		.loc 1 98 0
  97 0010 E278     		ldrb	r2, [r4, #3]
  98 0012 044B     		ldr	r3, .L5+4
  99 0014 1A70     		strb	r2, [r3]
 111:Generated_Source\PSoC4/PWM_Right_LED_Red_PM.c ****             #endif /* (PWM_Right_LED_Red_UseControl) */
 100              		.loc 1 111 0
 101 0016 2079     		ldrb	r0, [r4, #4]
 102 0018 FFF7FEFF 		bl	PWM_Right_LED_Red_WriteControlRegister
 103              	.LVL5:
 104              		.loc 1 114 0
ARM GAS  C:\Users\ryan\AppData\Local\Temp\ccnt7HqK.s 			page 5


 105 001c 10BD     		pop	{r4, pc}
 106              	.L6:
 107 001e C046     		.align	2
 108              	.L5:
 109 0020 00000000 		.word	.LANCHOR0
 110 0024 82000F40 		.word	1074724994
 111              		.cfi_endproc
 112              	.LFE1:
 113              		.size	PWM_Right_LED_Red_RestoreConfig, .-PWM_Right_LED_Red_RestoreConfig
 114              		.section	.text.PWM_Right_LED_Red_Sleep,"ax",%progbits
 115              		.align	1
 116              		.global	PWM_Right_LED_Red_Sleep
 117              		.code	16
 118              		.thumb_func
 119              		.type	PWM_Right_LED_Red_Sleep, %function
 120              	PWM_Right_LED_Red_Sleep:
 121              	.LFB2:
 115:Generated_Source\PSoC4/PWM_Right_LED_Red_PM.c **** 
 116:Generated_Source\PSoC4/PWM_Right_LED_Red_PM.c **** 
 117:Generated_Source\PSoC4/PWM_Right_LED_Red_PM.c **** /*******************************************************************************
 118:Generated_Source\PSoC4/PWM_Right_LED_Red_PM.c **** * Function Name: PWM_Right_LED_Red_Sleep
 119:Generated_Source\PSoC4/PWM_Right_LED_Red_PM.c **** ********************************************************************************
 120:Generated_Source\PSoC4/PWM_Right_LED_Red_PM.c **** *
 121:Generated_Source\PSoC4/PWM_Right_LED_Red_PM.c **** * Summary:
 122:Generated_Source\PSoC4/PWM_Right_LED_Red_PM.c **** *  Disables block's operation and saves the user configuration. Should be called
 123:Generated_Source\PSoC4/PWM_Right_LED_Red_PM.c **** *  just prior to entering sleep.
 124:Generated_Source\PSoC4/PWM_Right_LED_Red_PM.c **** *
 125:Generated_Source\PSoC4/PWM_Right_LED_Red_PM.c **** * Parameters:
 126:Generated_Source\PSoC4/PWM_Right_LED_Red_PM.c **** *  None
 127:Generated_Source\PSoC4/PWM_Right_LED_Red_PM.c **** *
 128:Generated_Source\PSoC4/PWM_Right_LED_Red_PM.c **** * Return:
 129:Generated_Source\PSoC4/PWM_Right_LED_Red_PM.c **** *  None
 130:Generated_Source\PSoC4/PWM_Right_LED_Red_PM.c **** *
 131:Generated_Source\PSoC4/PWM_Right_LED_Red_PM.c **** * Global variables:
 132:Generated_Source\PSoC4/PWM_Right_LED_Red_PM.c **** *  PWM_Right_LED_Red_backup.PWMEnableState:  Is modified depending on the enable
 133:Generated_Source\PSoC4/PWM_Right_LED_Red_PM.c **** *  state of the block before entering sleep mode.
 134:Generated_Source\PSoC4/PWM_Right_LED_Red_PM.c **** *
 135:Generated_Source\PSoC4/PWM_Right_LED_Red_PM.c **** *******************************************************************************/
 136:Generated_Source\PSoC4/PWM_Right_LED_Red_PM.c **** void PWM_Right_LED_Red_Sleep(void) 
 137:Generated_Source\PSoC4/PWM_Right_LED_Red_PM.c **** {
 122              		.loc 1 137 0
 123              		.cfi_startproc
 124              		@ args = 0, pretend = 0, frame = 0
 125              		@ frame_needed = 0, uses_anonymous_args = 0
 126 0000 10B5     		push	{r4, lr}
 127              		.cfi_def_cfa_offset 8
 128              		.cfi_offset 4, -8
 129              		.cfi_offset 14, -4
 138:Generated_Source\PSoC4/PWM_Right_LED_Red_PM.c ****     #if(PWM_Right_LED_Red_UseControl)
 139:Generated_Source\PSoC4/PWM_Right_LED_Red_PM.c ****         if(PWM_Right_LED_Red_CTRL_ENABLE == (PWM_Right_LED_Red_CONTROL & PWM_Right_LED_Red_CTRL_ENA
 130              		.loc 1 139 0
 131 0002 074B     		ldr	r3, .L12
 132 0004 074A     		ldr	r2, .L12+4
 133 0006 1B78     		ldrb	r3, [r3]
 134 0008 5BB2     		sxtb	r3, r3
 135 000a 002B     		cmp	r3, #0
 136 000c 01DA     		bge	.L8
ARM GAS  C:\Users\ryan\AppData\Local\Temp\ccnt7HqK.s 			page 6


 140:Generated_Source\PSoC4/PWM_Right_LED_Red_PM.c ****         {
 141:Generated_Source\PSoC4/PWM_Right_LED_Red_PM.c ****             /*Component is enabled */
 142:Generated_Source\PSoC4/PWM_Right_LED_Red_PM.c ****             PWM_Right_LED_Red_backup.PWMEnableState = 1u;
 137              		.loc 1 142 0
 138 000e 0123     		movs	r3, #1
 139 0010 00E0     		b	.L10
 140              	.L8:
 143:Generated_Source\PSoC4/PWM_Right_LED_Red_PM.c ****         }
 144:Generated_Source\PSoC4/PWM_Right_LED_Red_PM.c ****         else
 145:Generated_Source\PSoC4/PWM_Right_LED_Red_PM.c ****         {
 146:Generated_Source\PSoC4/PWM_Right_LED_Red_PM.c ****             /* Component is disabled */
 147:Generated_Source\PSoC4/PWM_Right_LED_Red_PM.c ****             PWM_Right_LED_Red_backup.PWMEnableState = 0u;
 141              		.loc 1 147 0
 142 0012 0023     		movs	r3, #0
 143              	.L10:
 144 0014 1370     		strb	r3, [r2]
 148:Generated_Source\PSoC4/PWM_Right_LED_Red_PM.c ****         }
 149:Generated_Source\PSoC4/PWM_Right_LED_Red_PM.c ****     #endif /* (PWM_Right_LED_Red_UseControl) */
 150:Generated_Source\PSoC4/PWM_Right_LED_Red_PM.c **** 
 151:Generated_Source\PSoC4/PWM_Right_LED_Red_PM.c ****     /* Stop component */
 152:Generated_Source\PSoC4/PWM_Right_LED_Red_PM.c ****     PWM_Right_LED_Red_Stop();
 153:Generated_Source\PSoC4/PWM_Right_LED_Red_PM.c **** 
 154:Generated_Source\PSoC4/PWM_Right_LED_Red_PM.c ****     /* Save registers configuration */
 155:Generated_Source\PSoC4/PWM_Right_LED_Red_PM.c ****     PWM_Right_LED_Red_SaveConfig();
 156:Generated_Source\PSoC4/PWM_Right_LED_Red_PM.c **** }
 145              		.loc 1 156 0
 146              		@ sp needed
 152:Generated_Source\PSoC4/PWM_Right_LED_Red_PM.c **** 
 147              		.loc 1 152 0
 148 0016 FFF7FEFF 		bl	PWM_Right_LED_Red_Stop
 149              	.LVL6:
 155:Generated_Source\PSoC4/PWM_Right_LED_Red_PM.c **** }
 150              		.loc 1 155 0
 151 001a FFF7FEFF 		bl	PWM_Right_LED_Red_SaveConfig
 152              	.LVL7:
 153              		.loc 1 156 0
 154 001e 10BD     		pop	{r4, pc}
 155              	.L13:
 156              		.align	2
 157              	.L12:
 158 0020 72000F40 		.word	1074724978
 159 0024 00000000 		.word	.LANCHOR0
 160              		.cfi_endproc
 161              	.LFE2:
 162              		.size	PWM_Right_LED_Red_Sleep, .-PWM_Right_LED_Red_Sleep
 163              		.section	.text.PWM_Right_LED_Red_Wakeup,"ax",%progbits
 164              		.align	1
 165              		.global	PWM_Right_LED_Red_Wakeup
 166              		.code	16
 167              		.thumb_func
 168              		.type	PWM_Right_LED_Red_Wakeup, %function
 169              	PWM_Right_LED_Red_Wakeup:
 170              	.LFB3:
 157:Generated_Source\PSoC4/PWM_Right_LED_Red_PM.c **** 
 158:Generated_Source\PSoC4/PWM_Right_LED_Red_PM.c **** 
 159:Generated_Source\PSoC4/PWM_Right_LED_Red_PM.c **** /*******************************************************************************
 160:Generated_Source\PSoC4/PWM_Right_LED_Red_PM.c **** * Function Name: PWM_Right_LED_Red_Wakeup
ARM GAS  C:\Users\ryan\AppData\Local\Temp\ccnt7HqK.s 			page 7


 161:Generated_Source\PSoC4/PWM_Right_LED_Red_PM.c **** ********************************************************************************
 162:Generated_Source\PSoC4/PWM_Right_LED_Red_PM.c **** *
 163:Generated_Source\PSoC4/PWM_Right_LED_Red_PM.c **** * Summary:
 164:Generated_Source\PSoC4/PWM_Right_LED_Red_PM.c **** *  Restores and enables the user configuration. Should be called just after
 165:Generated_Source\PSoC4/PWM_Right_LED_Red_PM.c **** *  awaking from sleep.
 166:Generated_Source\PSoC4/PWM_Right_LED_Red_PM.c **** *
 167:Generated_Source\PSoC4/PWM_Right_LED_Red_PM.c **** * Parameters:
 168:Generated_Source\PSoC4/PWM_Right_LED_Red_PM.c **** *  None
 169:Generated_Source\PSoC4/PWM_Right_LED_Red_PM.c **** *
 170:Generated_Source\PSoC4/PWM_Right_LED_Red_PM.c **** * Return:
 171:Generated_Source\PSoC4/PWM_Right_LED_Red_PM.c **** *  None
 172:Generated_Source\PSoC4/PWM_Right_LED_Red_PM.c **** *
 173:Generated_Source\PSoC4/PWM_Right_LED_Red_PM.c **** * Global variables:
 174:Generated_Source\PSoC4/PWM_Right_LED_Red_PM.c **** *  PWM_Right_LED_Red_backup.pwmEnable:  Is used to restore the enable state of
 175:Generated_Source\PSoC4/PWM_Right_LED_Red_PM.c **** *  block on wakeup from sleep mode.
 176:Generated_Source\PSoC4/PWM_Right_LED_Red_PM.c **** *
 177:Generated_Source\PSoC4/PWM_Right_LED_Red_PM.c **** *******************************************************************************/
 178:Generated_Source\PSoC4/PWM_Right_LED_Red_PM.c **** void PWM_Right_LED_Red_Wakeup(void) 
 179:Generated_Source\PSoC4/PWM_Right_LED_Red_PM.c **** {
 171              		.loc 1 179 0
 172              		.cfi_startproc
 173              		@ args = 0, pretend = 0, frame = 0
 174              		@ frame_needed = 0, uses_anonymous_args = 0
 175 0000 10B5     		push	{r4, lr}
 176              		.cfi_def_cfa_offset 8
 177              		.cfi_offset 4, -8
 178              		.cfi_offset 14, -4
 180:Generated_Source\PSoC4/PWM_Right_LED_Red_PM.c ****      /* Restore registers values */
 181:Generated_Source\PSoC4/PWM_Right_LED_Red_PM.c ****     PWM_Right_LED_Red_RestoreConfig();
 179              		.loc 1 181 0
 180 0002 FFF7FEFF 		bl	PWM_Right_LED_Red_RestoreConfig
 181              	.LVL8:
 182:Generated_Source\PSoC4/PWM_Right_LED_Red_PM.c **** 
 183:Generated_Source\PSoC4/PWM_Right_LED_Red_PM.c ****     if(PWM_Right_LED_Red_backup.PWMEnableState != 0u)
 182              		.loc 1 183 0
 183 0006 034B     		ldr	r3, .L19
 184 0008 1B78     		ldrb	r3, [r3]
 185 000a 002B     		cmp	r3, #0
 186 000c 01D0     		beq	.L14
 184:Generated_Source\PSoC4/PWM_Right_LED_Red_PM.c ****     {
 185:Generated_Source\PSoC4/PWM_Right_LED_Red_PM.c ****         /* Enable component's operation */
 186:Generated_Source\PSoC4/PWM_Right_LED_Red_PM.c ****         PWM_Right_LED_Red_Enable();
 187              		.loc 1 186 0
 188 000e FFF7FEFF 		bl	PWM_Right_LED_Red_Enable
 189              	.LVL9:
 190              	.L14:
 187:Generated_Source\PSoC4/PWM_Right_LED_Red_PM.c ****     } /* Do nothing if component's block was disabled before */
 188:Generated_Source\PSoC4/PWM_Right_LED_Red_PM.c **** 
 189:Generated_Source\PSoC4/PWM_Right_LED_Red_PM.c **** }
 191              		.loc 1 189 0
 192              		@ sp needed
 193 0012 10BD     		pop	{r4, pc}
 194              	.L20:
 195              		.align	2
 196              	.L19:
 197 0014 00000000 		.word	.LANCHOR0
 198              		.cfi_endproc
ARM GAS  C:\Users\ryan\AppData\Local\Temp\ccnt7HqK.s 			page 8


 199              	.LFE3:
 200              		.size	PWM_Right_LED_Red_Wakeup, .-PWM_Right_LED_Red_Wakeup
 201              		.bss
 202              		.set	.LANCHOR0,. + 0
 203              		.type	PWM_Right_LED_Red_backup, %object
 204              		.size	PWM_Right_LED_Red_backup, 5
 205              	PWM_Right_LED_Red_backup:
 206 0000 00000000 		.space	5
 206      00
 207              		.text
 208              	.Letext0:
 209              		.file 2 "Generated_Source\\PSoC4\\cytypes.h"
 210              		.file 3 "Generated_Source\\PSoC4\\PWM_Right_LED_Red.h"
 211              		.section	.debug_info,"",%progbits
 212              	.Ldebug_info0:
 213 0000 13020000 		.4byte	0x213
 214 0004 0400     		.2byte	0x4
 215 0006 00000000 		.4byte	.Ldebug_abbrev0
 216 000a 04       		.byte	0x4
 217 000b 01       		.uleb128 0x1
 218 000c F7020000 		.4byte	.LASF34
 219 0010 0C       		.byte	0xc
 220 0011 41020000 		.4byte	.LASF35
 221 0015 B1000000 		.4byte	.LASF36
 222 0019 00000000 		.4byte	.Ldebug_ranges0+0
 223 001d 00000000 		.4byte	0
 224 0021 00000000 		.4byte	.Ldebug_line0
 225 0025 02       		.uleb128 0x2
 226 0026 01       		.byte	0x1
 227 0027 06       		.byte	0x6
 228 0028 C4020000 		.4byte	.LASF0
 229 002c 02       		.uleb128 0x2
 230 002d 01       		.byte	0x1
 231 002e 08       		.byte	0x8
 232 002f FC000000 		.4byte	.LASF1
 233 0033 02       		.uleb128 0x2
 234 0034 02       		.byte	0x2
 235 0035 05       		.byte	0x5
 236 0036 8D020000 		.4byte	.LASF2
 237 003a 02       		.uleb128 0x2
 238 003b 02       		.byte	0x2
 239 003c 07       		.byte	0x7
 240 003d 67000000 		.4byte	.LASF3
 241 0041 02       		.uleb128 0x2
 242 0042 04       		.byte	0x4
 243 0043 05       		.byte	0x5
 244 0044 AF020000 		.4byte	.LASF4
 245 0048 02       		.uleb128 0x2
 246 0049 04       		.byte	0x4
 247 004a 07       		.byte	0x7
 248 004b 3F010000 		.4byte	.LASF5
 249 004f 02       		.uleb128 0x2
 250 0050 08       		.byte	0x8
 251 0051 05       		.byte	0x5
 252 0052 33020000 		.4byte	.LASF6
 253 0056 02       		.uleb128 0x2
 254 0057 08       		.byte	0x8
ARM GAS  C:\Users\ryan\AppData\Local\Temp\ccnt7HqK.s 			page 9


 255 0058 07       		.byte	0x7
 256 0059 D8010000 		.4byte	.LASF7
 257 005d 03       		.uleb128 0x3
 258 005e 04       		.byte	0x4
 259 005f 05       		.byte	0x5
 260 0060 696E7400 		.ascii	"int\000"
 261 0064 02       		.uleb128 0x2
 262 0065 04       		.byte	0x4
 263 0066 07       		.byte	0x7
 264 0067 CB010000 		.4byte	.LASF8
 265 006b 04       		.uleb128 0x4
 266 006c 51010000 		.4byte	.LASF12
 267 0070 02       		.byte	0x2
 268 0071 D201     		.2byte	0x1d2
 269 0073 2C000000 		.4byte	0x2c
 270 0077 02       		.uleb128 0x2
 271 0078 04       		.byte	0x4
 272 0079 04       		.byte	0x4
 273 007a F6000000 		.4byte	.LASF9
 274 007e 02       		.uleb128 0x2
 275 007f 08       		.byte	0x8
 276 0080 04       		.byte	0x4
 277 0081 87010000 		.4byte	.LASF10
 278 0085 02       		.uleb128 0x2
 279 0086 01       		.byte	0x1
 280 0087 08       		.byte	0x8
 281 0088 6F020000 		.4byte	.LASF11
 282 008c 04       		.uleb128 0x4
 283 008d 0E020000 		.4byte	.LASF13
 284 0091 02       		.byte	0x2
 285 0092 7C02     		.2byte	0x27c
 286 0094 98000000 		.4byte	0x98
 287 0098 05       		.uleb128 0x5
 288 0099 6B000000 		.4byte	0x6b
 289 009d 02       		.uleb128 0x2
 290 009e 08       		.byte	0x8
 291 009f 04       		.byte	0x4
 292 00a0 B8020000 		.4byte	.LASF14
 293 00a4 02       		.uleb128 0x2
 294 00a5 04       		.byte	0x4
 295 00a6 07       		.byte	0x7
 296 00a7 13020000 		.4byte	.LASF15
 297 00ab 06       		.uleb128 0x6
 298 00ac 05       		.byte	0x5
 299 00ad 03       		.byte	0x3
 300 00ae 6B       		.byte	0x6b
 301 00af F0000000 		.4byte	0xf0
 302 00b3 07       		.uleb128 0x7
 303 00b4 0A010000 		.4byte	.LASF16
 304 00b8 03       		.byte	0x3
 305 00b9 6E       		.byte	0x6e
 306 00ba 6B000000 		.4byte	0x6b
 307 00be 00       		.byte	0
 308 00bf 07       		.uleb128 0x7
 309 00c0 1E000000 		.4byte	.LASF17
 310 00c4 03       		.byte	0x3
 311 00c5 71       		.byte	0x71
ARM GAS  C:\Users\ryan\AppData\Local\Temp\ccnt7HqK.s 			page 10


 312 00c6 6B000000 		.4byte	0x6b
 313 00ca 01       		.byte	0x1
 314 00cb 07       		.uleb128 0x7
 315 00cc 25000000 		.4byte	.LASF18
 316 00d0 03       		.byte	0x3
 317 00d1 73       		.byte	0x73
 318 00d2 6B000000 		.4byte	0x6b
 319 00d6 02       		.byte	0x2
 320 00d7 07       		.uleb128 0x7
 321 00d8 85030000 		.4byte	.LASF19
 322 00dc 03       		.byte	0x3
 323 00dd 76       		.byte	0x76
 324 00de 6B000000 		.4byte	0x6b
 325 00e2 03       		.byte	0x3
 326 00e3 07       		.uleb128 0x7
 327 00e4 74010000 		.4byte	.LASF20
 328 00e8 03       		.byte	0x3
 329 00e9 86       		.byte	0x86
 330 00ea 6B000000 		.4byte	0x6b
 331 00ee 04       		.byte	0x4
 332 00ef 00       		.byte	0
 333 00f0 08       		.uleb128 0x8
 334 00f1 2F000000 		.4byte	.LASF21
 335 00f5 03       		.byte	0x3
 336 00f6 8B       		.byte	0x8b
 337 00f7 AB000000 		.4byte	0xab
 338 00fb 09       		.uleb128 0x9
 339 00fc AE010000 		.4byte	.LASF22
 340 0100 01       		.byte	0x1
 341 0101 2A       		.byte	0x2a
 342 0102 00000000 		.4byte	.LFB0
 343 0106 28000000 		.4byte	.LFE0-.LFB0
 344 010a 01       		.uleb128 0x1
 345 010b 9C       		.byte	0x9c
 346 010c 2C010000 		.4byte	0x12c
 347 0110 0A       		.uleb128 0xa
 348 0111 06000000 		.4byte	.LVL0
 349 0115 BE010000 		.4byte	0x1be
 350 0119 0A       		.uleb128 0xa
 351 011a 0E000000 		.4byte	.LVL1
 352 011e C9010000 		.4byte	0x1c9
 353 0122 0A       		.uleb128 0xa
 354 0123 1A000000 		.4byte	.LVL2
 355 0127 D4010000 		.4byte	0x1d4
 356 012b 00       		.byte	0
 357 012c 09       		.uleb128 0x9
 358 012d 8E010000 		.4byte	.LASF23
 359 0131 01       		.byte	0x1
 360 0132 58       		.byte	0x58
 361 0133 00000000 		.4byte	.LFB1
 362 0137 28000000 		.4byte	.LFE1-.LFB1
 363 013b 01       		.uleb128 0x1
 364 013c 9C       		.byte	0x9c
 365 013d 5D010000 		.4byte	0x15d
 366 0141 0A       		.uleb128 0xa
 367 0142 0A000000 		.4byte	.LVL3
 368 0146 DF010000 		.4byte	0x1df
ARM GAS  C:\Users\ryan\AppData\Local\Temp\ccnt7HqK.s 			page 11


 369 014a 0A       		.uleb128 0xa
 370 014b 10000000 		.4byte	.LVL4
 371 014f EA010000 		.4byte	0x1ea
 372 0153 0A       		.uleb128 0xa
 373 0154 1C000000 		.4byte	.LVL5
 374 0158 F5010000 		.4byte	0x1f5
 375 015c 00       		.byte	0
 376 015d 09       		.uleb128 0x9
 377 015e 97020000 		.4byte	.LASF24
 378 0162 01       		.byte	0x1
 379 0163 88       		.byte	0x88
 380 0164 00000000 		.4byte	.LFB2
 381 0168 28000000 		.4byte	.LFE2-.LFB2
 382 016c 01       		.uleb128 0x1
 383 016d 9C       		.byte	0x9c
 384 016e 85010000 		.4byte	0x185
 385 0172 0A       		.uleb128 0xa
 386 0173 1A000000 		.4byte	.LVL6
 387 0177 00020000 		.4byte	0x200
 388 017b 0A       		.uleb128 0xa
 389 017c 1E000000 		.4byte	.LVL7
 390 0180 FB000000 		.4byte	0xfb
 391 0184 00       		.byte	0
 392 0185 09       		.uleb128 0x9
 393 0186 98000000 		.4byte	.LASF25
 394 018a 01       		.byte	0x1
 395 018b B2       		.byte	0xb2
 396 018c 00000000 		.4byte	.LFB3
 397 0190 18000000 		.4byte	.LFE3-.LFB3
 398 0194 01       		.uleb128 0x1
 399 0195 9C       		.byte	0x9c
 400 0196 AD010000 		.4byte	0x1ad
 401 019a 0A       		.uleb128 0xa
 402 019b 06000000 		.4byte	.LVL8
 403 019f 2C010000 		.4byte	0x12c
 404 01a3 0A       		.uleb128 0xa
 405 01a4 12000000 		.4byte	.LVL9
 406 01a8 0B020000 		.4byte	0x20b
 407 01ac 00       		.byte	0
 408 01ad 0B       		.uleb128 0xb
 409 01ae 4E000000 		.4byte	.LASF37
 410 01b2 01       		.byte	0x1
 411 01b3 14       		.byte	0x14
 412 01b4 F0000000 		.4byte	0xf0
 413 01b8 05       		.uleb128 0x5
 414 01b9 03       		.byte	0x3
 415 01ba 00000000 		.4byte	PWM_Right_LED_Red_backup
 416 01be 0C       		.uleb128 0xc
 417 01bf 57010000 		.4byte	.LASF26
 418 01c3 57010000 		.4byte	.LASF26
 419 01c7 03       		.byte	0x3
 420 01c8 C0       		.byte	0xc0
 421 01c9 0C       		.uleb128 0xc
 422 01ca 00000000 		.4byte	.LASF27
 423 01ce 00000000 		.4byte	.LASF27
 424 01d2 03       		.byte	0x3
 425 01d3 B3       		.byte	0xb3
ARM GAS  C:\Users\ryan\AppData\Local\Temp\ccnt7HqK.s 			page 12


 426 01d4 0C       		.uleb128 0xc
 427 01d5 19010000 		.4byte	.LASF28
 428 01d9 19010000 		.4byte	.LASF28
 429 01dd 03       		.byte	0x3
 430 01de 9D       		.byte	0x9d
 431 01df 0C       		.uleb128 0xc
 432 01e0 7A000000 		.4byte	.LASF29
 433 01e4 7A000000 		.4byte	.LASF29
 434 01e8 03       		.byte	0x3
 435 01e9 BE       		.byte	0xbe
 436 01ea 0C       		.uleb128 0xc
 437 01eb EF010000 		.4byte	.LASF30
 438 01ef EF010000 		.4byte	.LASF30
 439 01f3 03       		.byte	0x3
 440 01f4 BA       		.byte	0xba
 441 01f5 0C       		.uleb128 0xc
 442 01f6 D0020000 		.4byte	.LASF31
 443 01fa D0020000 		.4byte	.LASF31
 444 01fe 03       		.byte	0x3
 445 01ff 9E       		.byte	0x9e
 446 0200 0C       		.uleb128 0xc
 447 0201 1C020000 		.4byte	.LASF32
 448 0205 1C020000 		.4byte	.LASF32
 449 0209 03       		.byte	0x3
 450 020a 93       		.byte	0x93
 451 020b 0C       		.uleb128 0xc
 452 020c 74020000 		.4byte	.LASF33
 453 0210 74020000 		.4byte	.LASF33
 454 0214 03       		.byte	0x3
 455 0215 DB       		.byte	0xdb
 456 0216 00       		.byte	0
 457              		.section	.debug_abbrev,"",%progbits
 458              	.Ldebug_abbrev0:
 459 0000 01       		.uleb128 0x1
 460 0001 11       		.uleb128 0x11
 461 0002 01       		.byte	0x1
 462 0003 25       		.uleb128 0x25
 463 0004 0E       		.uleb128 0xe
 464 0005 13       		.uleb128 0x13
 465 0006 0B       		.uleb128 0xb
 466 0007 03       		.uleb128 0x3
 467 0008 0E       		.uleb128 0xe
 468 0009 1B       		.uleb128 0x1b
 469 000a 0E       		.uleb128 0xe
 470 000b 55       		.uleb128 0x55
 471 000c 17       		.uleb128 0x17
 472 000d 11       		.uleb128 0x11
 473 000e 01       		.uleb128 0x1
 474 000f 10       		.uleb128 0x10
 475 0010 17       		.uleb128 0x17
 476 0011 00       		.byte	0
 477 0012 00       		.byte	0
 478 0013 02       		.uleb128 0x2
 479 0014 24       		.uleb128 0x24
 480 0015 00       		.byte	0
 481 0016 0B       		.uleb128 0xb
 482 0017 0B       		.uleb128 0xb
ARM GAS  C:\Users\ryan\AppData\Local\Temp\ccnt7HqK.s 			page 13


 483 0018 3E       		.uleb128 0x3e
 484 0019 0B       		.uleb128 0xb
 485 001a 03       		.uleb128 0x3
 486 001b 0E       		.uleb128 0xe
 487 001c 00       		.byte	0
 488 001d 00       		.byte	0
 489 001e 03       		.uleb128 0x3
 490 001f 24       		.uleb128 0x24
 491 0020 00       		.byte	0
 492 0021 0B       		.uleb128 0xb
 493 0022 0B       		.uleb128 0xb
 494 0023 3E       		.uleb128 0x3e
 495 0024 0B       		.uleb128 0xb
 496 0025 03       		.uleb128 0x3
 497 0026 08       		.uleb128 0x8
 498 0027 00       		.byte	0
 499 0028 00       		.byte	0
 500 0029 04       		.uleb128 0x4
 501 002a 16       		.uleb128 0x16
 502 002b 00       		.byte	0
 503 002c 03       		.uleb128 0x3
 504 002d 0E       		.uleb128 0xe
 505 002e 3A       		.uleb128 0x3a
 506 002f 0B       		.uleb128 0xb
 507 0030 3B       		.uleb128 0x3b
 508 0031 05       		.uleb128 0x5
 509 0032 49       		.uleb128 0x49
 510 0033 13       		.uleb128 0x13
 511 0034 00       		.byte	0
 512 0035 00       		.byte	0
 513 0036 05       		.uleb128 0x5
 514 0037 35       		.uleb128 0x35
 515 0038 00       		.byte	0
 516 0039 49       		.uleb128 0x49
 517 003a 13       		.uleb128 0x13
 518 003b 00       		.byte	0
 519 003c 00       		.byte	0
 520 003d 06       		.uleb128 0x6
 521 003e 13       		.uleb128 0x13
 522 003f 01       		.byte	0x1
 523 0040 0B       		.uleb128 0xb
 524 0041 0B       		.uleb128 0xb
 525 0042 3A       		.uleb128 0x3a
 526 0043 0B       		.uleb128 0xb
 527 0044 3B       		.uleb128 0x3b
 528 0045 0B       		.uleb128 0xb
 529 0046 01       		.uleb128 0x1
 530 0047 13       		.uleb128 0x13
 531 0048 00       		.byte	0
 532 0049 00       		.byte	0
 533 004a 07       		.uleb128 0x7
 534 004b 0D       		.uleb128 0xd
 535 004c 00       		.byte	0
 536 004d 03       		.uleb128 0x3
 537 004e 0E       		.uleb128 0xe
 538 004f 3A       		.uleb128 0x3a
 539 0050 0B       		.uleb128 0xb
ARM GAS  C:\Users\ryan\AppData\Local\Temp\ccnt7HqK.s 			page 14


 540 0051 3B       		.uleb128 0x3b
 541 0052 0B       		.uleb128 0xb
 542 0053 49       		.uleb128 0x49
 543 0054 13       		.uleb128 0x13
 544 0055 38       		.uleb128 0x38
 545 0056 0B       		.uleb128 0xb
 546 0057 00       		.byte	0
 547 0058 00       		.byte	0
 548 0059 08       		.uleb128 0x8
 549 005a 16       		.uleb128 0x16
 550 005b 00       		.byte	0
 551 005c 03       		.uleb128 0x3
 552 005d 0E       		.uleb128 0xe
 553 005e 3A       		.uleb128 0x3a
 554 005f 0B       		.uleb128 0xb
 555 0060 3B       		.uleb128 0x3b
 556 0061 0B       		.uleb128 0xb
 557 0062 49       		.uleb128 0x49
 558 0063 13       		.uleb128 0x13
 559 0064 00       		.byte	0
 560 0065 00       		.byte	0
 561 0066 09       		.uleb128 0x9
 562 0067 2E       		.uleb128 0x2e
 563 0068 01       		.byte	0x1
 564 0069 3F       		.uleb128 0x3f
 565 006a 19       		.uleb128 0x19
 566 006b 03       		.uleb128 0x3
 567 006c 0E       		.uleb128 0xe
 568 006d 3A       		.uleb128 0x3a
 569 006e 0B       		.uleb128 0xb
 570 006f 3B       		.uleb128 0x3b
 571 0070 0B       		.uleb128 0xb
 572 0071 27       		.uleb128 0x27
 573 0072 19       		.uleb128 0x19
 574 0073 11       		.uleb128 0x11
 575 0074 01       		.uleb128 0x1
 576 0075 12       		.uleb128 0x12
 577 0076 06       		.uleb128 0x6
 578 0077 40       		.uleb128 0x40
 579 0078 18       		.uleb128 0x18
 580 0079 9742     		.uleb128 0x2117
 581 007b 19       		.uleb128 0x19
 582 007c 01       		.uleb128 0x1
 583 007d 13       		.uleb128 0x13
 584 007e 00       		.byte	0
 585 007f 00       		.byte	0
 586 0080 0A       		.uleb128 0xa
 587 0081 898201   		.uleb128 0x4109
 588 0084 00       		.byte	0
 589 0085 11       		.uleb128 0x11
 590 0086 01       		.uleb128 0x1
 591 0087 31       		.uleb128 0x31
 592 0088 13       		.uleb128 0x13
 593 0089 00       		.byte	0
 594 008a 00       		.byte	0
 595 008b 0B       		.uleb128 0xb
 596 008c 34       		.uleb128 0x34
ARM GAS  C:\Users\ryan\AppData\Local\Temp\ccnt7HqK.s 			page 15


 597 008d 00       		.byte	0
 598 008e 03       		.uleb128 0x3
 599 008f 0E       		.uleb128 0xe
 600 0090 3A       		.uleb128 0x3a
 601 0091 0B       		.uleb128 0xb
 602 0092 3B       		.uleb128 0x3b
 603 0093 0B       		.uleb128 0xb
 604 0094 49       		.uleb128 0x49
 605 0095 13       		.uleb128 0x13
 606 0096 02       		.uleb128 0x2
 607 0097 18       		.uleb128 0x18
 608 0098 00       		.byte	0
 609 0099 00       		.byte	0
 610 009a 0C       		.uleb128 0xc
 611 009b 2E       		.uleb128 0x2e
 612 009c 00       		.byte	0
 613 009d 3F       		.uleb128 0x3f
 614 009e 19       		.uleb128 0x19
 615 009f 3C       		.uleb128 0x3c
 616 00a0 19       		.uleb128 0x19
 617 00a1 6E       		.uleb128 0x6e
 618 00a2 0E       		.uleb128 0xe
 619 00a3 03       		.uleb128 0x3
 620 00a4 0E       		.uleb128 0xe
 621 00a5 3A       		.uleb128 0x3a
 622 00a6 0B       		.uleb128 0xb
 623 00a7 3B       		.uleb128 0x3b
 624 00a8 0B       		.uleb128 0xb
 625 00a9 00       		.byte	0
 626 00aa 00       		.byte	0
 627 00ab 00       		.byte	0
 628              		.section	.debug_aranges,"",%progbits
 629 0000 34000000 		.4byte	0x34
 630 0004 0200     		.2byte	0x2
 631 0006 00000000 		.4byte	.Ldebug_info0
 632 000a 04       		.byte	0x4
 633 000b 00       		.byte	0
 634 000c 0000     		.2byte	0
 635 000e 0000     		.2byte	0
 636 0010 00000000 		.4byte	.LFB0
 637 0014 28000000 		.4byte	.LFE0-.LFB0
 638 0018 00000000 		.4byte	.LFB1
 639 001c 28000000 		.4byte	.LFE1-.LFB1
 640 0020 00000000 		.4byte	.LFB2
 641 0024 28000000 		.4byte	.LFE2-.LFB2
 642 0028 00000000 		.4byte	.LFB3
 643 002c 18000000 		.4byte	.LFE3-.LFB3
 644 0030 00000000 		.4byte	0
 645 0034 00000000 		.4byte	0
 646              		.section	.debug_ranges,"",%progbits
 647              	.Ldebug_ranges0:
 648 0000 00000000 		.4byte	.LFB0
 649 0004 28000000 		.4byte	.LFE0
 650 0008 00000000 		.4byte	.LFB1
 651 000c 28000000 		.4byte	.LFE1
 652 0010 00000000 		.4byte	.LFB2
 653 0014 28000000 		.4byte	.LFE2
ARM GAS  C:\Users\ryan\AppData\Local\Temp\ccnt7HqK.s 			page 16


 654 0018 00000000 		.4byte	.LFB3
 655 001c 18000000 		.4byte	.LFE3
 656 0020 00000000 		.4byte	0
 657 0024 00000000 		.4byte	0
 658              		.section	.debug_line,"",%progbits
 659              	.Ldebug_line0:
 660 0000 D6000000 		.section	.debug_str,"MS",%progbits,1
 660      02006800 
 660      00000201 
 660      FB0E0D00 
 660      01010101 
 661              	.LASF27:
 662 0000 50574D5F 		.ascii	"PWM_Right_LED_Red_ReadCounter\000"
 662      52696768 
 662      745F4C45 
 662      445F5265 
 662      645F5265 
 663              	.LASF17:
 664 001e 50574D55 		.ascii	"PWMUdb\000"
 664      646200
 665              	.LASF18:
 666 0025 50574D50 		.ascii	"PWMPeriod\000"
 666      6572696F 
 666      6400
 667              	.LASF21:
 668 002f 50574D5F 		.ascii	"PWM_Right_LED_Red_backupStruct\000"
 668      52696768 
 668      745F4C45 
 668      445F5265 
 668      645F6261 
 669              	.LASF37:
 670 004e 50574D5F 		.ascii	"PWM_Right_LED_Red_backup\000"
 670      52696768 
 670      745F4C45 
 670      445F5265 
 670      645F6261 
 671              	.LASF3:
 672 0067 73686F72 		.ascii	"short unsigned int\000"
 672      7420756E 
 672      7369676E 
 672      65642069 
 672      6E7400
 673              	.LASF29:
 674 007a 50574D5F 		.ascii	"PWM_Right_LED_Red_WritePeriod\000"
 674      52696768 
 674      745F4C45 
 674      445F5265 
 674      645F5772 
 675              	.LASF25:
 676 0098 50574D5F 		.ascii	"PWM_Right_LED_Red_Wakeup\000"
 676      52696768 
 676      745F4C45 
 676      445F5265 
 676      645F5761 
 677              	.LASF36:
 678 00b1 433A5C55 		.ascii	"C:\\Users\\ryan\\Documents\\PSoC Creator\\Defcon_Ba"
 678      73657273 
ARM GAS  C:\Users\ryan\AppData\Local\Temp\ccnt7HqK.s 			page 17


 678      5C727961 
 678      6E5C446F 
 678      63756D65 
 679 00df 6467655C 		.ascii	"dge\\Defcon_Badge.cydsn\000"
 679      44656663 
 679      6F6E5F42 
 679      61646765 
 679      2E637964 
 680              	.LASF9:
 681 00f6 666C6F61 		.ascii	"float\000"
 681      7400
 682              	.LASF1:
 683 00fc 756E7369 		.ascii	"unsigned char\000"
 683      676E6564 
 683      20636861 
 683      7200
 684              	.LASF16:
 685 010a 50574D45 		.ascii	"PWMEnableState\000"
 685      6E61626C 
 685      65537461 
 685      746500
 686              	.LASF28:
 687 0119 50574D5F 		.ascii	"PWM_Right_LED_Red_ReadControlRegister\000"
 687      52696768 
 687      745F4C45 
 687      445F5265 
 687      645F5265 
 688              	.LASF5:
 689 013f 6C6F6E67 		.ascii	"long unsigned int\000"
 689      20756E73 
 689      69676E65 
 689      6420696E 
 689      7400
 690              	.LASF12:
 691 0151 75696E74 		.ascii	"uint8\000"
 691      3800
 692              	.LASF26:
 693 0157 50574D5F 		.ascii	"PWM_Right_LED_Red_ReadPeriod\000"
 693      52696768 
 693      745F4C45 
 693      445F5265 
 693      645F5265 
 694              	.LASF20:
 695 0174 50574D43 		.ascii	"PWMControlRegister\000"
 695      6F6E7472 
 695      6F6C5265 
 695      67697374 
 695      657200
 696              	.LASF10:
 697 0187 646F7562 		.ascii	"double\000"
 697      6C6500
 698              	.LASF23:
 699 018e 50574D5F 		.ascii	"PWM_Right_LED_Red_RestoreConfig\000"
 699      52696768 
 699      745F4C45 
 699      445F5265 
 699      645F5265 
ARM GAS  C:\Users\ryan\AppData\Local\Temp\ccnt7HqK.s 			page 18


 700              	.LASF22:
 701 01ae 50574D5F 		.ascii	"PWM_Right_LED_Red_SaveConfig\000"
 701      52696768 
 701      745F4C45 
 701      445F5265 
 701      645F5361 
 702              	.LASF8:
 703 01cb 756E7369 		.ascii	"unsigned int\000"
 703      676E6564 
 703      20696E74 
 703      00
 704              	.LASF7:
 705 01d8 6C6F6E67 		.ascii	"long long unsigned int\000"
 705      206C6F6E 
 705      6720756E 
 705      7369676E 
 705      65642069 
 706              	.LASF30:
 707 01ef 50574D5F 		.ascii	"PWM_Right_LED_Red_WriteCounter\000"
 707      52696768 
 707      745F4C45 
 707      445F5265 
 707      645F5772 
 708              	.LASF13:
 709 020e 72656738 		.ascii	"reg8\000"
 709      00
 710              	.LASF15:
 711 0213 73697A65 		.ascii	"sizetype\000"
 711      74797065 
 711      00
 712              	.LASF32:
 713 021c 50574D5F 		.ascii	"PWM_Right_LED_Red_Stop\000"
 713      52696768 
 713      745F4C45 
 713      445F5265 
 713      645F5374 
 714              	.LASF6:
 715 0233 6C6F6E67 		.ascii	"long long int\000"
 715      206C6F6E 
 715      6720696E 
 715      7400
 716              	.LASF35:
 717 0241 47656E65 		.ascii	"Generated_Source\\PSoC4\\PWM_Right_LED_Red_PM.c\000"
 717      72617465 
 717      645F536F 
 717      75726365 
 717      5C50536F 
 718              	.LASF11:
 719 026f 63686172 		.ascii	"char\000"
 719      00
 720              	.LASF33:
 721 0274 50574D5F 		.ascii	"PWM_Right_LED_Red_Enable\000"
 721      52696768 
 721      745F4C45 
 721      445F5265 
 721      645F456E 
 722              	.LASF2:
ARM GAS  C:\Users\ryan\AppData\Local\Temp\ccnt7HqK.s 			page 19


 723 028d 73686F72 		.ascii	"short int\000"
 723      7420696E 
 723      7400
 724              	.LASF24:
 725 0297 50574D5F 		.ascii	"PWM_Right_LED_Red_Sleep\000"
 725      52696768 
 725      745F4C45 
 725      445F5265 
 725      645F536C 
 726              	.LASF4:
 727 02af 6C6F6E67 		.ascii	"long int\000"
 727      20696E74 
 727      00
 728              	.LASF14:
 729 02b8 6C6F6E67 		.ascii	"long double\000"
 729      20646F75 
 729      626C6500 
 730              	.LASF0:
 731 02c4 7369676E 		.ascii	"signed char\000"
 731      65642063 
 731      68617200 
 732              	.LASF31:
 733 02d0 50574D5F 		.ascii	"PWM_Right_LED_Red_WriteControlRegister\000"
 733      52696768 
 733      745F4C45 
 733      445F5265 
 733      645F5772 
 734              	.LASF34:
 735 02f7 474E5520 		.ascii	"GNU C11 5.4.1 20160609 (release) [ARM/embedded-5-br"
 735      43313120 
 735      352E342E 
 735      31203230 
 735      31363036 
 736 032a 616E6368 		.ascii	"anch revision 237715] -mcpu=cortex-m0 -mthumb -g -O"
 736      20726576 
 736      6973696F 
 736      6E203233 
 736      37373135 
 737 035d 73202D66 		.ascii	"s -ffunction-sections -ffat-lto-objects\000"
 737      66756E63 
 737      74696F6E 
 737      2D736563 
 737      74696F6E 
 738              	.LASF19:
 739 0385 496E7465 		.ascii	"InterruptMaskValue\000"
 739      72727570 
 739      744D6173 
 739      6B56616C 
 739      756500
 740              		.ident	"GCC: (GNU Tools for ARM Embedded Processors) 5.4.1 20160609 (release) [ARM/embedded-5-bran
