ARM GAS  C:\Users\ryan\AppData\Local\Temp\ccEEvNeI.s 			page 1


   1              		.syntax unified
   2              		.cpu cortex-m0
   3              		.fpu softvfp
   4              		.eabi_attribute 20, 1
   5              		.eabi_attribute 21, 1
   6              		.eabi_attribute 23, 3
   7              		.eabi_attribute 24, 1
   8              		.eabi_attribute 25, 1
   9              		.eabi_attribute 26, 1
  10              		.eabi_attribute 30, 4
  11              		.eabi_attribute 34, 0
  12              		.eabi_attribute 18, 4
  13              		.thumb
  14              		.syntax unified
  15              		.file	"state.c"
  16              		.text
  17              	.Ltext0:
  18              		.cfi_sections	.debug_frame
  19              		.section	.text.verify_state,"ax",%progbits
  20              		.align	1
  21              		.global	verify_state
  22              		.code	16
  23              		.thumb_func
  24              		.type	verify_state, %function
  25              	verify_state:
  26              	.LFB33:
  27              		.file 1 "state.c"
   1:state.c       **** /* ========================================
   2:state.c       ****  *
   3:state.c       ****  * Red Badge source code. The volunteer badge
   4:state.c       ****  * is used to send encoded morse code message.
   5:state.c       ****  *
   6:state.c       ****  * Author(s): Ryan Grandgenett <rmgrandgenett@unomaha.edu>
   7:state.c       ****  *
   8:state.c       ****  * Eye Color: Red
   9:state.c       ****  *
  10:state.c       ****  * Copyright Nullify, 2016
  11:state.c       ****  * All Rights Reserved
  12:state.c       ****  * UNPUBLISHED, LICENSED SOFTWARE.
  13:state.c       ****  *
  14:state.c       ****  * CONFIDENTIAL AND PROPRIETARY INFORMATION
  15:state.c       ****  * WHICH IS THE PROPERTY OF NULLIY.
  16:state.c       ****  *
  17:state.c       ****  * ========================================
  18:state.c       **** */
  19:state.c       **** #include <project.h>
  20:state.c       **** #include <string.h>
  21:state.c       **** #include <stdio.h>
  22:state.c       **** #include "state.h"
  23:state.c       **** 
  24:state.c       **** /* Global variable used to keep track of badge state */
  25:state.c       **** 
  26:state.c       **** volatile uint8 badge_state = 0;
  27:state.c       **** 
  28:state.c       **** uint8 verify_state(uint8 state) {
  28              		.loc 1 28 0
  29              		.cfi_startproc
ARM GAS  C:\Users\ryan\AppData\Local\Temp\ccEEvNeI.s 			page 2


  30              		@ args = 0, pretend = 0, frame = 0
  31              		@ frame_needed = 0, uses_anonymous_args = 0
  32              		@ link register save eliminated.
  33              	.LVL0:
  29:state.c       ****     if (badge_state == state) {
  34              		.loc 1 29 0
  35 0000 034B     		ldr	r3, .L2
  30:state.c       ****         return 1;   
  31:state.c       ****     }
  32:state.c       ****     else {
  33:state.c       ****         return 0;
  34:state.c       ****     }
  35:state.c       **** }
  36              		.loc 1 35 0
  37              		@ sp needed
  29:state.c       ****     if (badge_state == state) {
  38              		.loc 1 29 0
  39 0002 1B78     		ldrb	r3, [r3]
  40 0004 181A     		subs	r0, r3, r0
  41              	.LVL1:
  42 0006 4342     		rsbs	r3, r0, #0
  43 0008 5841     		adcs	r0, r0, r3
  44 000a C0B2     		uxtb	r0, r0
  45              		.loc 1 35 0
  46 000c 7047     		bx	lr
  47              	.L3:
  48 000e C046     		.align	2
  49              	.L2:
  50 0010 00000000 		.word	.LANCHOR0
  51              		.cfi_endproc
  52              	.LFE33:
  53              		.size	verify_state, .-verify_state
  54              		.global	badge_state
  55              		.bss
  56              		.set	.LANCHOR0,. + 0
  57              		.type	badge_state, %object
  58              		.size	badge_state, 1
  59              	badge_state:
  60 0000 00       		.space	1
  61              		.text
  62              	.Letext0:
  63              		.file 2 "Generated_Source\\PSoC4/cytypes.h"
  64              		.section	.debug_info,"",%progbits
  65              	.Ldebug_info0:
  66 0000 D6000000 		.4byte	0xd6
  67 0004 0400     		.2byte	0x4
  68 0006 00000000 		.4byte	.Ldebug_abbrev0
  69 000a 04       		.byte	0x4
  70 000b 01       		.uleb128 0x1
  71 000c 28000000 		.4byte	.LASF14
  72 0010 0C       		.byte	0xc
  73 0011 5F010000 		.4byte	.LASF15
  74 0015 DA000000 		.4byte	.LASF16
  75 0019 00000000 		.4byte	.Ldebug_ranges0+0
  76 001d 00000000 		.4byte	0
  77 0021 00000000 		.4byte	.Ldebug_line0
  78 0025 02       		.uleb128 0x2
ARM GAS  C:\Users\ryan\AppData\Local\Temp\ccEEvNeI.s 			page 3


  79 0026 01       		.byte	0x1
  80 0027 06       		.byte	0x6
  81 0028 7A010000 		.4byte	.LASF0
  82 002c 02       		.uleb128 0x2
  83 002d 01       		.byte	0x1
  84 002e 08       		.byte	0x8
  85 002f 3C010000 		.4byte	.LASF1
  86 0033 02       		.uleb128 0x2
  87 0034 02       		.byte	0x2
  88 0035 05       		.byte	0x5
  89 0036 98010000 		.4byte	.LASF2
  90 003a 02       		.uleb128 0x2
  91 003b 02       		.byte	0x2
  92 003c 07       		.byte	0x7
  93 003d 67010000 		.4byte	.LASF3
  94 0041 02       		.uleb128 0x2
  95 0042 04       		.byte	0x4
  96 0043 05       		.byte	0x5
  97 0044 4F010000 		.4byte	.LASF4
  98 0048 02       		.uleb128 0x2
  99 0049 04       		.byte	0x4
 100 004a 07       		.byte	0x7
 101 004b C8000000 		.4byte	.LASF5
 102 004f 02       		.uleb128 0x2
 103 0050 08       		.byte	0x8
 104 0051 05       		.byte	0x5
 105 0052 00000000 		.4byte	.LASF6
 106 0056 02       		.uleb128 0x2
 107 0057 08       		.byte	0x8
 108 0058 07       		.byte	0x7
 109 0059 1F010000 		.4byte	.LASF7
 110 005d 03       		.uleb128 0x3
 111 005e 04       		.byte	0x4
 112 005f 05       		.byte	0x5
 113 0060 696E7400 		.ascii	"int\000"
 114 0064 02       		.uleb128 0x2
 115 0065 04       		.byte	0x4
 116 0066 07       		.byte	0x7
 117 0067 1B000000 		.4byte	.LASF8
 118 006b 04       		.uleb128 0x4
 119 006c C2000000 		.4byte	.LASF17
 120 0070 02       		.byte	0x2
 121 0071 D201     		.2byte	0x1d2
 122 0073 2C000000 		.4byte	0x2c
 123 0077 02       		.uleb128 0x2
 124 0078 04       		.byte	0x4
 125 0079 04       		.byte	0x4
 126 007a 36010000 		.4byte	.LASF9
 127 007e 02       		.uleb128 0x2
 128 007f 08       		.byte	0x8
 129 0080 04       		.byte	0x4
 130 0081 58010000 		.4byte	.LASF10
 131 0085 02       		.uleb128 0x2
 132 0086 01       		.byte	0x1
 133 0087 08       		.byte	0x8
 134 0088 4A010000 		.4byte	.LASF11
 135 008c 05       		.uleb128 0x5
ARM GAS  C:\Users\ryan\AppData\Local\Temp\ccEEvNeI.s 			page 4


 136 008d 6B000000 		.4byte	0x6b
 137 0091 02       		.uleb128 0x2
 138 0092 08       		.byte	0x8
 139 0093 04       		.byte	0x4
 140 0094 8C010000 		.4byte	.LASF12
 141 0098 02       		.uleb128 0x2
 142 0099 04       		.byte	0x4
 143 009a 07       		.byte	0x7
 144 009b A2010000 		.4byte	.LASF13
 145 009f 06       		.uleb128 0x6
 146 00a0 0E000000 		.4byte	.LASF18
 147 00a4 01       		.byte	0x1
 148 00a5 1C       		.byte	0x1c
 149 00a6 6B000000 		.4byte	0x6b
 150 00aa 00000000 		.4byte	.LFB33
 151 00ae 14000000 		.4byte	.LFE33-.LFB33
 152 00b2 01       		.uleb128 0x1
 153 00b3 9C       		.byte	0x9c
 154 00b4 C8000000 		.4byte	0xc8
 155 00b8 07       		.uleb128 0x7
 156 00b9 86010000 		.4byte	.LASF19
 157 00bd 01       		.byte	0x1
 158 00be 1C       		.byte	0x1c
 159 00bf 6B000000 		.4byte	0x6b
 160 00c3 00000000 		.4byte	.LLST0
 161 00c7 00       		.byte	0
 162 00c8 08       		.uleb128 0x8
 163 00c9 B6000000 		.4byte	.LASF20
 164 00cd 01       		.byte	0x1
 165 00ce 1A       		.byte	0x1a
 166 00cf 8C000000 		.4byte	0x8c
 167 00d3 05       		.uleb128 0x5
 168 00d4 03       		.byte	0x3
 169 00d5 00000000 		.4byte	badge_state
 170 00d9 00       		.byte	0
 171              		.section	.debug_abbrev,"",%progbits
 172              	.Ldebug_abbrev0:
 173 0000 01       		.uleb128 0x1
 174 0001 11       		.uleb128 0x11
 175 0002 01       		.byte	0x1
 176 0003 25       		.uleb128 0x25
 177 0004 0E       		.uleb128 0xe
 178 0005 13       		.uleb128 0x13
 179 0006 0B       		.uleb128 0xb
 180 0007 03       		.uleb128 0x3
 181 0008 0E       		.uleb128 0xe
 182 0009 1B       		.uleb128 0x1b
 183 000a 0E       		.uleb128 0xe
 184 000b 55       		.uleb128 0x55
 185 000c 17       		.uleb128 0x17
 186 000d 11       		.uleb128 0x11
 187 000e 01       		.uleb128 0x1
 188 000f 10       		.uleb128 0x10
 189 0010 17       		.uleb128 0x17
 190 0011 00       		.byte	0
 191 0012 00       		.byte	0
 192 0013 02       		.uleb128 0x2
ARM GAS  C:\Users\ryan\AppData\Local\Temp\ccEEvNeI.s 			page 5


 193 0014 24       		.uleb128 0x24
 194 0015 00       		.byte	0
 195 0016 0B       		.uleb128 0xb
 196 0017 0B       		.uleb128 0xb
 197 0018 3E       		.uleb128 0x3e
 198 0019 0B       		.uleb128 0xb
 199 001a 03       		.uleb128 0x3
 200 001b 0E       		.uleb128 0xe
 201 001c 00       		.byte	0
 202 001d 00       		.byte	0
 203 001e 03       		.uleb128 0x3
 204 001f 24       		.uleb128 0x24
 205 0020 00       		.byte	0
 206 0021 0B       		.uleb128 0xb
 207 0022 0B       		.uleb128 0xb
 208 0023 3E       		.uleb128 0x3e
 209 0024 0B       		.uleb128 0xb
 210 0025 03       		.uleb128 0x3
 211 0026 08       		.uleb128 0x8
 212 0027 00       		.byte	0
 213 0028 00       		.byte	0
 214 0029 04       		.uleb128 0x4
 215 002a 16       		.uleb128 0x16
 216 002b 00       		.byte	0
 217 002c 03       		.uleb128 0x3
 218 002d 0E       		.uleb128 0xe
 219 002e 3A       		.uleb128 0x3a
 220 002f 0B       		.uleb128 0xb
 221 0030 3B       		.uleb128 0x3b
 222 0031 05       		.uleb128 0x5
 223 0032 49       		.uleb128 0x49
 224 0033 13       		.uleb128 0x13
 225 0034 00       		.byte	0
 226 0035 00       		.byte	0
 227 0036 05       		.uleb128 0x5
 228 0037 35       		.uleb128 0x35
 229 0038 00       		.byte	0
 230 0039 49       		.uleb128 0x49
 231 003a 13       		.uleb128 0x13
 232 003b 00       		.byte	0
 233 003c 00       		.byte	0
 234 003d 06       		.uleb128 0x6
 235 003e 2E       		.uleb128 0x2e
 236 003f 01       		.byte	0x1
 237 0040 3F       		.uleb128 0x3f
 238 0041 19       		.uleb128 0x19
 239 0042 03       		.uleb128 0x3
 240 0043 0E       		.uleb128 0xe
 241 0044 3A       		.uleb128 0x3a
 242 0045 0B       		.uleb128 0xb
 243 0046 3B       		.uleb128 0x3b
 244 0047 0B       		.uleb128 0xb
 245 0048 27       		.uleb128 0x27
 246 0049 19       		.uleb128 0x19
 247 004a 49       		.uleb128 0x49
 248 004b 13       		.uleb128 0x13
 249 004c 11       		.uleb128 0x11
ARM GAS  C:\Users\ryan\AppData\Local\Temp\ccEEvNeI.s 			page 6


 250 004d 01       		.uleb128 0x1
 251 004e 12       		.uleb128 0x12
 252 004f 06       		.uleb128 0x6
 253 0050 40       		.uleb128 0x40
 254 0051 18       		.uleb128 0x18
 255 0052 9742     		.uleb128 0x2117
 256 0054 19       		.uleb128 0x19
 257 0055 01       		.uleb128 0x1
 258 0056 13       		.uleb128 0x13
 259 0057 00       		.byte	0
 260 0058 00       		.byte	0
 261 0059 07       		.uleb128 0x7
 262 005a 05       		.uleb128 0x5
 263 005b 00       		.byte	0
 264 005c 03       		.uleb128 0x3
 265 005d 0E       		.uleb128 0xe
 266 005e 3A       		.uleb128 0x3a
 267 005f 0B       		.uleb128 0xb
 268 0060 3B       		.uleb128 0x3b
 269 0061 0B       		.uleb128 0xb
 270 0062 49       		.uleb128 0x49
 271 0063 13       		.uleb128 0x13
 272 0064 02       		.uleb128 0x2
 273 0065 17       		.uleb128 0x17
 274 0066 00       		.byte	0
 275 0067 00       		.byte	0
 276 0068 08       		.uleb128 0x8
 277 0069 34       		.uleb128 0x34
 278 006a 00       		.byte	0
 279 006b 03       		.uleb128 0x3
 280 006c 0E       		.uleb128 0xe
 281 006d 3A       		.uleb128 0x3a
 282 006e 0B       		.uleb128 0xb
 283 006f 3B       		.uleb128 0x3b
 284 0070 0B       		.uleb128 0xb
 285 0071 49       		.uleb128 0x49
 286 0072 13       		.uleb128 0x13
 287 0073 3F       		.uleb128 0x3f
 288 0074 19       		.uleb128 0x19
 289 0075 02       		.uleb128 0x2
 290 0076 18       		.uleb128 0x18
 291 0077 00       		.byte	0
 292 0078 00       		.byte	0
 293 0079 00       		.byte	0
 294              		.section	.debug_loc,"",%progbits
 295              	.Ldebug_loc0:
 296              	.LLST0:
 297 0000 00000000 		.4byte	.LVL0
 298 0004 06000000 		.4byte	.LVL1
 299 0008 0100     		.2byte	0x1
 300 000a 50       		.byte	0x50
 301 000b 06000000 		.4byte	.LVL1
 302 000f 14000000 		.4byte	.LFE33
 303 0013 0400     		.2byte	0x4
 304 0015 F3       		.byte	0xf3
 305 0016 01       		.uleb128 0x1
 306 0017 50       		.byte	0x50
ARM GAS  C:\Users\ryan\AppData\Local\Temp\ccEEvNeI.s 			page 7


 307 0018 9F       		.byte	0x9f
 308 0019 00000000 		.4byte	0
 309 001d 00000000 		.4byte	0
 310              		.section	.debug_aranges,"",%progbits
 311 0000 1C000000 		.4byte	0x1c
 312 0004 0200     		.2byte	0x2
 313 0006 00000000 		.4byte	.Ldebug_info0
 314 000a 04       		.byte	0x4
 315 000b 00       		.byte	0
 316 000c 0000     		.2byte	0
 317 000e 0000     		.2byte	0
 318 0010 00000000 		.4byte	.LFB33
 319 0014 14000000 		.4byte	.LFE33-.LFB33
 320 0018 00000000 		.4byte	0
 321 001c 00000000 		.4byte	0
 322              		.section	.debug_ranges,"",%progbits
 323              	.Ldebug_ranges0:
 324 0000 00000000 		.4byte	.LFB33
 325 0004 14000000 		.4byte	.LFE33
 326 0008 00000000 		.4byte	0
 327 000c 00000000 		.4byte	0
 328              		.section	.debug_line,"",%progbits
 329              	.Ldebug_line0:
 330 0000 5D000000 		.section	.debug_str,"MS",%progbits,1
 330      02004200 
 330      00000201 
 330      FB0E0D00 
 330      01010101 
 331              	.LASF6:
 332 0000 6C6F6E67 		.ascii	"long long int\000"
 332      206C6F6E 
 332      6720696E 
 332      7400
 333              	.LASF18:
 334 000e 76657269 		.ascii	"verify_state\000"
 334      66795F73 
 334      74617465 
 334      00
 335              	.LASF8:
 336 001b 756E7369 		.ascii	"unsigned int\000"
 336      676E6564 
 336      20696E74 
 336      00
 337              	.LASF14:
 338 0028 474E5520 		.ascii	"GNU C11 5.4.1 20160609 (release) [ARM/embedded-5-br"
 338      43313120 
 338      352E342E 
 338      31203230 
 338      31363036 
 339 005b 616E6368 		.ascii	"anch revision 237715] -mcpu=cortex-m0 -mthumb -g -O"
 339      20726576 
 339      6973696F 
 339      6E203233 
 339      37373135 
 340 008e 73202D66 		.ascii	"s -ffunction-sections -ffat-lto-objects\000"
 340      66756E63 
 340      74696F6E 
ARM GAS  C:\Users\ryan\AppData\Local\Temp\ccEEvNeI.s 			page 8


 340      2D736563 
 340      74696F6E 
 341              	.LASF20:
 342 00b6 62616467 		.ascii	"badge_state\000"
 342      655F7374 
 342      61746500 
 343              	.LASF17:
 344 00c2 75696E74 		.ascii	"uint8\000"
 344      3800
 345              	.LASF5:
 346 00c8 6C6F6E67 		.ascii	"long unsigned int\000"
 346      20756E73 
 346      69676E65 
 346      6420696E 
 346      7400
 347              	.LASF16:
 348 00da 433A5C55 		.ascii	"C:\\Users\\ryan\\Documents\\PSoC Creator\\Defcon_Ba"
 348      73657273 
 348      5C727961 
 348      6E5C446F 
 348      63756D65 
 349 0108 6467655C 		.ascii	"dge\\Defcon_Badge.cydsn\000"
 349      44656663 
 349      6F6E5F42 
 349      61646765 
 349      2E637964 
 350              	.LASF7:
 351 011f 6C6F6E67 		.ascii	"long long unsigned int\000"
 351      206C6F6E 
 351      6720756E 
 351      7369676E 
 351      65642069 
 352              	.LASF9:
 353 0136 666C6F61 		.ascii	"float\000"
 353      7400
 354              	.LASF1:
 355 013c 756E7369 		.ascii	"unsigned char\000"
 355      676E6564 
 355      20636861 
 355      7200
 356              	.LASF11:
 357 014a 63686172 		.ascii	"char\000"
 357      00
 358              	.LASF4:
 359 014f 6C6F6E67 		.ascii	"long int\000"
 359      20696E74 
 359      00
 360              	.LASF10:
 361 0158 646F7562 		.ascii	"double\000"
 361      6C6500
 362              	.LASF15:
 363 015f 73746174 		.ascii	"state.c\000"
 363      652E6300 
 364              	.LASF3:
 365 0167 73686F72 		.ascii	"short unsigned int\000"
 365      7420756E 
 365      7369676E 
ARM GAS  C:\Users\ryan\AppData\Local\Temp\ccEEvNeI.s 			page 9


 365      65642069 
 365      6E7400
 366              	.LASF0:
 367 017a 7369676E 		.ascii	"signed char\000"
 367      65642063 
 367      68617200 
 368              	.LASF19:
 369 0186 73746174 		.ascii	"state\000"
 369      6500
 370              	.LASF12:
 371 018c 6C6F6E67 		.ascii	"long double\000"
 371      20646F75 
 371      626C6500 
 372              	.LASF2:
 373 0198 73686F72 		.ascii	"short int\000"
 373      7420696E 
 373      7400
 374              	.LASF13:
 375 01a2 73697A65 		.ascii	"sizetype\000"
 375      74797065 
 375      00
 376              		.ident	"GCC: (GNU Tools for ARM Embedded Processors) 5.4.1 20160609 (release) [ARM/embedded-5-bran
