ARM GAS  C:\Users\ryan\AppData\Local\Temp\ccjwzmka.s 			page 1


   1              		.syntax unified
   2              		.cpu cortex-m0
   3              		.fpu softvfp
   4              		.eabi_attribute 20, 1
   5              		.eabi_attribute 21, 1
   6              		.eabi_attribute 23, 3
   7              		.eabi_attribute 24, 1
   8              		.eabi_attribute 25, 1
   9              		.eabi_attribute 26, 1
  10              		.eabi_attribute 30, 6
  11              		.eabi_attribute 34, 0
  12              		.eabi_attribute 18, 4
  13              		.thumb
  14              		.syntax unified
  15              		.file	"main.c"
  16              		.text
  17              	.Ltext0:
  18              		.cfi_sections	.debug_frame
  19              		.section	.rodata
  20              		.align	2
  21              	.LC1:
  22 0000 44454643 		.ascii	"DEFCON25\000"
  22      4F4E3235 
  22      00
  23              		.section	.text.main,"ax",%progbits
  24              		.align	2
  25              		.global	main
  26              		.code	16
  27              		.thumb_func
  28              		.type	main, %function
  29              	main:
  30              	.LFB33:
  31              		.file 1 "main.c"
   1:main.c        **** /* ========================================
   2:main.c        ****  *
   3:main.c        ****  * Red Badge source code. The volunteer badge
   4:main.c        ****  * is used to send encoded morse code message.
   5:main.c        ****  *
   6:main.c        ****  * Author(s): Ryan Grandgenett <rmgrandgenett@unomaha.edu>
   7:main.c        ****  *
   8:main.c        ****  * Eye Color: Red
   9:main.c        ****  * Stage1: Morse Code
  10:main.c        ****  * Stage2: Binary
  11:main.c        ****  * Stage3: Substitution
  12:main.c        ****  * Stage4: Serial
  13:main.c        ****  * Stage5: Organizer
  14:main.c        ****  *
  15:main.c        ****  * Serial: Print the morse code output
  16:main.c        ****  *
  17:main.c        ****  * Copyright Nullify, 2016
  18:main.c        ****  * All Rights Reserved
  19:main.c        ****  * UNPUBLISHED, LICENSED SOFTWARE.
  20:main.c        ****  *
  21:main.c        ****  * CONFIDENTIAL AND PROPRIETARY INFORMATION
  22:main.c        ****  * WHICH IS THE PROPERTY OF NULLIY.
  23:main.c        ****  *
  24:main.c        ****  * ========================================
ARM GAS  C:\Users\ryan\AppData\Local\Temp\ccjwzmka.s 			page 2


  25:main.c        **** */
  26:main.c        **** #include <project.h>
  27:main.c        **** #include <string.h>
  28:main.c        **** #include <stdio.h>
  29:main.c        **** #include "lightlib.h"
  30:main.c        **** #include "togglelib.h"
  31:main.c        **** #include "state.h"
  32:main.c        **** #include "morse.h"
  33:main.c        **** #include "binary.h"
  34:main.c        **** #include "substitution.h"
  35:main.c        **** 
  36:main.c        **** int main()
  37:main.c        **** {
  32              		.loc 1 37 0
  33              		.cfi_startproc
  34              		@ args = 0, pretend = 0, frame = 0
  35              		@ frame_needed = 1, uses_anonymous_args = 0
  36 0000 80B5     		push	{r7, lr}
  37              		.cfi_def_cfa_offset 8
  38              		.cfi_offset 7, -8
  39              		.cfi_offset 14, -4
  40 0002 00AF     		add	r7, sp, #0
  41              		.cfi_def_cfa_register 7
  38:main.c        ****     /* Enable interrupts (needed for toggles and DEFCONPARTY PWM) */
  39:main.c        ****     CyGlobalIntEnable;
  42              		.loc 1 39 0
  43              		.syntax divided
  44              	@ 39 "main.c" 1
  45 0004 62B6     		CPSIE   i
  46              	@ 0 "" 2
  40:main.c        ****     
  41:main.c        ****     /* Make sure IR_LED and BOARD_LED are off to save battery */
  42:main.c        ****     turn_off(IR_LED);
  47              		.loc 1 42 0
  48              		.thumb
  49              		.syntax unified
  50 0006 0420     		movs	r0, #4
  51 0008 FFF7FEFF 		bl	turn_off
  43:main.c        ****     turn_off(BOARD_LED);
  52              		.loc 1 43 0
  53 000c 0520     		movs	r0, #5
  54 000e FFF7FEFF 		bl	turn_off
  44:main.c        ****     
  45:main.c        ****     /* Enable toggle buttons */
  46:main.c        ****     enable_toggle_interrupts();
  55              		.loc 1 46 0
  56 0012 FFF7FEFF 		bl	enable_toggle_interrupts
  47:main.c        **** 
  48:main.c        ****     /* Initialize LEDs to off and default color value */
  49:main.c        ****     init_led(RED);
  57              		.loc 1 49 0
  58 0016 0120     		movs	r0, #1
  59 0018 FFF7FEFF 		bl	init_led
  50:main.c        ****       
  51:main.c        ****     /* Set the default state to Defcon Party */
  52:main.c        ****     badge_state = DEFCONPARTY;
  60              		.loc 1 52 0
ARM GAS  C:\Users\ryan\AppData\Local\Temp\ccjwzmka.s 			page 3


  61 001c 0E4B     		ldr	r3, .L7
  62 001e 0322     		movs	r2, #3
  63 0020 1A70     		strb	r2, [r3]
  53:main.c        ****     
  54:main.c        ****     /* Start the Defcon Party Time PWM */
  55:main.c        ****     PWM_Defcon_Start();
  64              		.loc 1 55 0
  65 0022 FFF7FEFF 		bl	PWM_Defcon_Start
  66              	.L6:
  56:main.c        ****     
  57:main.c        ****     for(;;)
  58:main.c        ****     {           
  59:main.c        ****         switch(badge_state) {
  67              		.loc 1 59 0
  68 0026 0C4B     		ldr	r3, .L7
  69 0028 1B78     		ldrb	r3, [r3]
  70 002a DBB2     		uxtb	r3, r3
  71 002c 022B     		cmp	r3, #2
  72 002e 09D0     		beq	.L3
  73 0030 032B     		cmp	r3, #3
  74 0032 0CD0     		beq	.L4
  75 0034 012B     		cmp	r3, #1
  76 0036 0DD1     		bne	.L2
  60:main.c        ****         case MORSE:
  61:main.c        ****             morse_message(LEFT_RIGHT_LED, "DEFCON25");
  77              		.loc 1 61 0
  78 0038 084B     		ldr	r3, .L7+4
  79 003a 1900     		movs	r1, r3
  80 003c 0320     		movs	r0, #3
  81 003e FFF7FEFF 		bl	morse_message
  62:main.c        ****         break;
  82              		.loc 1 62 0
  83 0042 07E0     		b	.L2
  84              	.L3:
  63:main.c        ****         case BINARY:
  64:main.c        ****             binary_message("DEFCON25");
  85              		.loc 1 64 0
  86 0044 054B     		ldr	r3, .L7+4
  87 0046 1800     		movs	r0, r3
  88 0048 FFF7FEFF 		bl	binary_message
  65:main.c        ****         break;
  89              		.loc 1 65 0
  90 004c 02E0     		b	.L2
  91              	.L4:
  66:main.c        ****         case DEFCONPARTY:
  67:main.c        ****             CySysPmSleep();
  92              		.loc 1 67 0
  93 004e FFF7FEFF 		bl	CySysPmSleep
  68:main.c        ****         break;
  94              		.loc 1 68 0
  95 0052 C046     		nop
  96              	.L2:
  69:main.c        ****         }      
  70:main.c        ****     }
  97              		.loc 1 70 0
  98 0054 E7E7     		b	.L6
  99              	.L8:
ARM GAS  C:\Users\ryan\AppData\Local\Temp\ccjwzmka.s 			page 4


 100 0056 C046     		.align	2
 101              	.L7:
 102 0058 00000000 		.word	badge_state
 103 005c 00000000 		.word	.LC1
 104              		.cfi_endproc
 105              	.LFE33:
 106              		.size	main, .-main
 107              		.text
 108              	.Letext0:
 109              		.file 2 "Generated_Source\\PSoC4/cytypes.h"
 110              		.file 3 "state.h"
 111              		.section	.debug_info,"",%progbits
 112              	.Ldebug_info0:
 113 0000 BC000000 		.4byte	0xbc
 114 0004 0400     		.2byte	0x4
 115 0006 00000000 		.4byte	.Ldebug_abbrev0
 116 000a 04       		.byte	0x4
 117 000b 01       		.uleb128 0x1
 118 000c 05010000 		.4byte	.LASF14
 119 0010 0C       		.byte	0xc
 120 0011 1B000000 		.4byte	.LASF15
 121 0015 4B000000 		.4byte	.LASF16
 122 0019 00000000 		.4byte	.Ldebug_ranges0+0
 123 001d 00000000 		.4byte	0
 124 0021 00000000 		.4byte	.Ldebug_line0
 125 0025 02       		.uleb128 0x2
 126 0026 01       		.byte	0x1
 127 0027 06       		.byte	0x6
 128 0028 E3000000 		.4byte	.LASF0
 129 002c 02       		.uleb128 0x2
 130 002d 01       		.byte	0x1
 131 002e 08       		.byte	0x8
 132 002f AD000000 		.4byte	.LASF1
 133 0033 02       		.uleb128 0x2
 134 0034 02       		.byte	0x2
 135 0035 05       		.byte	0x5
 136 0036 FB000000 		.4byte	.LASF2
 137 003a 02       		.uleb128 0x2
 138 003b 02       		.byte	0x2
 139 003c 07       		.byte	0x7
 140 003d D0000000 		.4byte	.LASF3
 141 0041 02       		.uleb128 0x2
 142 0042 04       		.byte	0x4
 143 0043 05       		.byte	0x5
 144 0044 C0000000 		.4byte	.LASF4
 145 0048 02       		.uleb128 0x2
 146 0049 04       		.byte	0x4
 147 004a 07       		.byte	0x7
 148 004b 39000000 		.4byte	.LASF5
 149 004f 02       		.uleb128 0x2
 150 0050 08       		.byte	0x8
 151 0051 05       		.byte	0x5
 152 0052 00000000 		.4byte	.LASF6
 153 0056 02       		.uleb128 0x2
 154 0057 08       		.byte	0x8
 155 0058 07       		.byte	0x7
 156 0059 90000000 		.4byte	.LASF7
ARM GAS  C:\Users\ryan\AppData\Local\Temp\ccjwzmka.s 			page 5


 157 005d 03       		.uleb128 0x3
 158 005e 04       		.byte	0x4
 159 005f 05       		.byte	0x5
 160 0060 696E7400 		.ascii	"int\000"
 161 0064 02       		.uleb128 0x2
 162 0065 04       		.byte	0x4
 163 0066 07       		.byte	0x7
 164 0067 0E000000 		.4byte	.LASF8
 165 006b 04       		.uleb128 0x4
 166 006c 33000000 		.4byte	.LASF17
 167 0070 02       		.byte	0x2
 168 0071 D201     		.2byte	0x1d2
 169 0073 2C000000 		.4byte	0x2c
 170 0077 02       		.uleb128 0x2
 171 0078 04       		.byte	0x4
 172 0079 04       		.byte	0x4
 173 007a A7000000 		.4byte	.LASF9
 174 007e 02       		.uleb128 0x2
 175 007f 08       		.byte	0x8
 176 0080 04       		.byte	0x4
 177 0081 C9000000 		.4byte	.LASF10
 178 0085 02       		.uleb128 0x2
 179 0086 01       		.byte	0x1
 180 0087 08       		.byte	0x8
 181 0088 BB000000 		.4byte	.LASF11
 182 008c 05       		.uleb128 0x5
 183 008d 6B000000 		.4byte	0x6b
 184 0091 02       		.uleb128 0x2
 185 0092 08       		.byte	0x8
 186 0093 04       		.byte	0x4
 187 0094 EF000000 		.4byte	.LASF12
 188 0098 02       		.uleb128 0x2
 189 0099 04       		.byte	0x4
 190 009a 07       		.byte	0x7
 191 009b 93010000 		.4byte	.LASF13
 192 009f 06       		.uleb128 0x6
 193 00a0 22000000 		.4byte	.LASF18
 194 00a4 01       		.byte	0x1
 195 00a5 24       		.byte	0x24
 196 00a6 5D000000 		.4byte	0x5d
 197 00aa 00000000 		.4byte	.LFB33
 198 00ae 60000000 		.4byte	.LFE33-.LFB33
 199 00b2 01       		.uleb128 0x1
 200 00b3 9C       		.byte	0x9c
 201 00b4 07       		.uleb128 0x7
 202 00b5 27000000 		.4byte	.LASF19
 203 00b9 03       		.byte	0x3
 204 00ba 16       		.byte	0x16
 205 00bb 8C000000 		.4byte	0x8c
 206 00bf 00       		.byte	0
 207              		.section	.debug_abbrev,"",%progbits
 208              	.Ldebug_abbrev0:
 209 0000 01       		.uleb128 0x1
 210 0001 11       		.uleb128 0x11
 211 0002 01       		.byte	0x1
 212 0003 25       		.uleb128 0x25
 213 0004 0E       		.uleb128 0xe
ARM GAS  C:\Users\ryan\AppData\Local\Temp\ccjwzmka.s 			page 6


 214 0005 13       		.uleb128 0x13
 215 0006 0B       		.uleb128 0xb
 216 0007 03       		.uleb128 0x3
 217 0008 0E       		.uleb128 0xe
 218 0009 1B       		.uleb128 0x1b
 219 000a 0E       		.uleb128 0xe
 220 000b 55       		.uleb128 0x55
 221 000c 17       		.uleb128 0x17
 222 000d 11       		.uleb128 0x11
 223 000e 01       		.uleb128 0x1
 224 000f 10       		.uleb128 0x10
 225 0010 17       		.uleb128 0x17
 226 0011 00       		.byte	0
 227 0012 00       		.byte	0
 228 0013 02       		.uleb128 0x2
 229 0014 24       		.uleb128 0x24
 230 0015 00       		.byte	0
 231 0016 0B       		.uleb128 0xb
 232 0017 0B       		.uleb128 0xb
 233 0018 3E       		.uleb128 0x3e
 234 0019 0B       		.uleb128 0xb
 235 001a 03       		.uleb128 0x3
 236 001b 0E       		.uleb128 0xe
 237 001c 00       		.byte	0
 238 001d 00       		.byte	0
 239 001e 03       		.uleb128 0x3
 240 001f 24       		.uleb128 0x24
 241 0020 00       		.byte	0
 242 0021 0B       		.uleb128 0xb
 243 0022 0B       		.uleb128 0xb
 244 0023 3E       		.uleb128 0x3e
 245 0024 0B       		.uleb128 0xb
 246 0025 03       		.uleb128 0x3
 247 0026 08       		.uleb128 0x8
 248 0027 00       		.byte	0
 249 0028 00       		.byte	0
 250 0029 04       		.uleb128 0x4
 251 002a 16       		.uleb128 0x16
 252 002b 00       		.byte	0
 253 002c 03       		.uleb128 0x3
 254 002d 0E       		.uleb128 0xe
 255 002e 3A       		.uleb128 0x3a
 256 002f 0B       		.uleb128 0xb
 257 0030 3B       		.uleb128 0x3b
 258 0031 05       		.uleb128 0x5
 259 0032 49       		.uleb128 0x49
 260 0033 13       		.uleb128 0x13
 261 0034 00       		.byte	0
 262 0035 00       		.byte	0
 263 0036 05       		.uleb128 0x5
 264 0037 35       		.uleb128 0x35
 265 0038 00       		.byte	0
 266 0039 49       		.uleb128 0x49
 267 003a 13       		.uleb128 0x13
 268 003b 00       		.byte	0
 269 003c 00       		.byte	0
 270 003d 06       		.uleb128 0x6
ARM GAS  C:\Users\ryan\AppData\Local\Temp\ccjwzmka.s 			page 7


 271 003e 2E       		.uleb128 0x2e
 272 003f 00       		.byte	0
 273 0040 3F       		.uleb128 0x3f
 274 0041 19       		.uleb128 0x19
 275 0042 03       		.uleb128 0x3
 276 0043 0E       		.uleb128 0xe
 277 0044 3A       		.uleb128 0x3a
 278 0045 0B       		.uleb128 0xb
 279 0046 3B       		.uleb128 0x3b
 280 0047 0B       		.uleb128 0xb
 281 0048 49       		.uleb128 0x49
 282 0049 13       		.uleb128 0x13
 283 004a 11       		.uleb128 0x11
 284 004b 01       		.uleb128 0x1
 285 004c 12       		.uleb128 0x12
 286 004d 06       		.uleb128 0x6
 287 004e 40       		.uleb128 0x40
 288 004f 18       		.uleb128 0x18
 289 0050 9642     		.uleb128 0x2116
 290 0052 19       		.uleb128 0x19
 291 0053 00       		.byte	0
 292 0054 00       		.byte	0
 293 0055 07       		.uleb128 0x7
 294 0056 34       		.uleb128 0x34
 295 0057 00       		.byte	0
 296 0058 03       		.uleb128 0x3
 297 0059 0E       		.uleb128 0xe
 298 005a 3A       		.uleb128 0x3a
 299 005b 0B       		.uleb128 0xb
 300 005c 3B       		.uleb128 0x3b
 301 005d 0B       		.uleb128 0xb
 302 005e 49       		.uleb128 0x49
 303 005f 13       		.uleb128 0x13
 304 0060 3F       		.uleb128 0x3f
 305 0061 19       		.uleb128 0x19
 306 0062 3C       		.uleb128 0x3c
 307 0063 19       		.uleb128 0x19
 308 0064 00       		.byte	0
 309 0065 00       		.byte	0
 310 0066 00       		.byte	0
 311              		.section	.debug_aranges,"",%progbits
 312 0000 1C000000 		.4byte	0x1c
 313 0004 0200     		.2byte	0x2
 314 0006 00000000 		.4byte	.Ldebug_info0
 315 000a 04       		.byte	0x4
 316 000b 00       		.byte	0
 317 000c 0000     		.2byte	0
 318 000e 0000     		.2byte	0
 319 0010 00000000 		.4byte	.LFB33
 320 0014 60000000 		.4byte	.LFE33-.LFB33
 321 0018 00000000 		.4byte	0
 322 001c 00000000 		.4byte	0
 323              		.section	.debug_ranges,"",%progbits
 324              	.Ldebug_ranges0:
 325 0000 00000000 		.4byte	.LFB33
 326 0004 60000000 		.4byte	.LFE33
 327 0008 00000000 		.4byte	0
ARM GAS  C:\Users\ryan\AppData\Local\Temp\ccjwzmka.s 			page 8


 328 000c 00000000 		.4byte	0
 329              		.section	.debug_line,"",%progbits
 330              	.Ldebug_line0:
 331 0000 70000000 		.section	.debug_str,"MS",%progbits,1
 331      02004C00 
 331      00000201 
 331      FB0E0D00 
 331      01010101 
 332              	.LASF6:
 333 0000 6C6F6E67 		.ascii	"long long int\000"
 333      206C6F6E 
 333      6720696E 
 333      7400
 334              	.LASF8:
 335 000e 756E7369 		.ascii	"unsigned int\000"
 335      676E6564 
 335      20696E74 
 335      00
 336              	.LASF15:
 337 001b 6D61696E 		.ascii	"main.c\000"
 337      2E6300
 338              	.LASF18:
 339 0022 6D61696E 		.ascii	"main\000"
 339      00
 340              	.LASF19:
 341 0027 62616467 		.ascii	"badge_state\000"
 341      655F7374 
 341      61746500 
 342              	.LASF17:
 343 0033 75696E74 		.ascii	"uint8\000"
 343      3800
 344              	.LASF5:
 345 0039 6C6F6E67 		.ascii	"long unsigned int\000"
 345      20756E73 
 345      69676E65 
 345      6420696E 
 345      7400
 346              	.LASF16:
 347 004b 433A5C55 		.ascii	"C:\\Users\\ryan\\Documents\\PSoC Creator\\Defcon_Ba"
 347      73657273 
 347      5C727961 
 347      6E5C446F 
 347      63756D65 
 348 0079 6467655C 		.ascii	"dge\\Defcon_Badge.cydsn\000"
 348      44656663 
 348      6F6E5F42 
 348      61646765 
 348      2E637964 
 349              	.LASF7:
 350 0090 6C6F6E67 		.ascii	"long long unsigned int\000"
 350      206C6F6E 
 350      6720756E 
 350      7369676E 
 350      65642069 
 351              	.LASF9:
 352 00a7 666C6F61 		.ascii	"float\000"
 352      7400
ARM GAS  C:\Users\ryan\AppData\Local\Temp\ccjwzmka.s 			page 9


 353              	.LASF1:
 354 00ad 756E7369 		.ascii	"unsigned char\000"
 354      676E6564 
 354      20636861 
 354      7200
 355              	.LASF11:
 356 00bb 63686172 		.ascii	"char\000"
 356      00
 357              	.LASF4:
 358 00c0 6C6F6E67 		.ascii	"long int\000"
 358      20696E74 
 358      00
 359              	.LASF10:
 360 00c9 646F7562 		.ascii	"double\000"
 360      6C6500
 361              	.LASF3:
 362 00d0 73686F72 		.ascii	"short unsigned int\000"
 362      7420756E 
 362      7369676E 
 362      65642069 
 362      6E7400
 363              	.LASF0:
 364 00e3 7369676E 		.ascii	"signed char\000"
 364      65642063 
 364      68617200 
 365              	.LASF12:
 366 00ef 6C6F6E67 		.ascii	"long double\000"
 366      20646F75 
 366      626C6500 
 367              	.LASF2:
 368 00fb 73686F72 		.ascii	"short int\000"
 368      7420696E 
 368      7400
 369              	.LASF14:
 370 0105 474E5520 		.ascii	"GNU C11 5.4.1 20160609 (release) [ARM/embedded-5-br"
 370      43313120 
 370      352E342E 
 370      31203230 
 370      31363036 
 371 0138 616E6368 		.ascii	"anch revision 237715] -mcpu=cortex-m0 -mthumb -g -O"
 371      20726576 
 371      6973696F 
 371      6E203233 
 371      37373135 
 372 016b 30202D66 		.ascii	"0 -ffunction-sections -ffat-lto-objects\000"
 372      66756E63 
 372      74696F6E 
 372      2D736563 
 372      74696F6E 
 373              	.LASF13:
 374 0193 73697A65 		.ascii	"sizetype\000"
 374      74797065 
 374      00
 375              		.ident	"GCC: (GNU Tools for ARM Embedded Processors) 5.4.1 20160609 (release) [ARM/embedded-5-bran
