ARM GAS  C:\Users\ryan\AppData\Local\Temp\ccLMIqon.s 			page 1


   1              		.syntax unified
   2              		.cpu cortex-m0
   3              		.fpu softvfp
   4              		.eabi_attribute 20, 1
   5              		.eabi_attribute 21, 1
   6              		.eabi_attribute 23, 3
   7              		.eabi_attribute 24, 1
   8              		.eabi_attribute 25, 1
   9              		.eabi_attribute 26, 1
  10              		.eabi_attribute 30, 6
  11              		.eabi_attribute 34, 0
  12              		.eabi_attribute 18, 4
  13              		.thumb
  14              		.syntax unified
  15              		.file	"morse.c"
  16              		.text
  17              	.Ltext0:
  18              		.cfi_sections	.debug_frame
  19              		.section	.text.blinkdot,"ax",%progbits
  20              		.align	2
  21              		.global	blinkdot
  22              		.code	16
  23              		.thumb_func
  24              		.type	blinkdot, %function
  25              	blinkdot:
  26              	.LFB32:
  27              		.file 1 "morse.c"
   1:morse.c       **** /* ========================================
   2:morse.c       ****  *
   3:morse.c       ****  * Copyright Nullify, 2016
   4:morse.c       ****  * All Rights Reserved
   5:morse.c       ****  * UNPUBLISHED, LICENSED SOFTWARE.
   6:morse.c       ****  *
   7:morse.c       ****  * CONFIDENTIAL AND PROPRIETARY INFORMATION
   8:morse.c       ****  * WHICH IS THE PROPERTY OF NULLIY.
   9:morse.c       ****  *
  10:morse.c       ****  * ========================================
  11:morse.c       **** */
  12:morse.c       **** #include <project.h>
  13:morse.c       **** #include <string.h>
  14:morse.c       **** #include "lightlib.h"
  15:morse.c       **** #include "morse.h"
  16:morse.c       **** #include "state.h"
  17:morse.c       **** 
  18:morse.c       **** void blinkdot(uint8 led_flag) {
  28              		.loc 1 18 0
  29              		.cfi_startproc
  30              		@ args = 0, pretend = 0, frame = 8
  31              		@ frame_needed = 1, uses_anonymous_args = 0
  32 0000 80B5     		push	{r7, lr}
  33              		.cfi_def_cfa_offset 8
  34              		.cfi_offset 7, -8
  35              		.cfi_offset 14, -4
  36 0002 82B0     		sub	sp, sp, #8
  37              		.cfi_def_cfa_offset 16
  38 0004 00AF     		add	r7, sp, #0
  39              		.cfi_def_cfa_register 7
ARM GAS  C:\Users\ryan\AppData\Local\Temp\ccLMIqon.s 			page 2


  40 0006 0200     		movs	r2, r0
  41 0008 FB1D     		adds	r3, r7, #7
  42 000a 1A70     		strb	r2, [r3]
  19:morse.c       ****     /* Verify state */
  20:morse.c       ****     if(!verify_state(MORSE)) {
  43              		.loc 1 20 0
  44 000c 0120     		movs	r0, #1
  45 000e FFF7FEFF 		bl	verify_state
  46 0012 031E     		subs	r3, r0, #0
  47 0014 12D0     		beq	.L4
  21:morse.c       ****         return;
  22:morse.c       ****     }
  23:morse.c       ****     turn_on(led_flag);
  48              		.loc 1 23 0
  49 0016 FB1D     		adds	r3, r7, #7
  50 0018 1B78     		ldrb	r3, [r3]
  51 001a 1800     		movs	r0, r3
  52 001c FFF7FEFF 		bl	turn_on
  24:morse.c       ****     CyDelay(DOT_ON_TIME);
  53              		.loc 1 24 0
  54 0020 FA23     		movs	r3, #250
  55 0022 5B00     		lsls	r3, r3, #1
  56 0024 1800     		movs	r0, r3
  57 0026 FFF7FEFF 		bl	CyDelay
  25:morse.c       ****     turn_off(led_flag);
  58              		.loc 1 25 0
  59 002a FB1D     		adds	r3, r7, #7
  60 002c 1B78     		ldrb	r3, [r3]
  61 002e 1800     		movs	r0, r3
  62 0030 FFF7FEFF 		bl	turn_off
  26:morse.c       ****     CyDelay(DOT_OFF_TIME);
  63              		.loc 1 26 0
  64 0034 FA20     		movs	r0, #250
  65 0036 FFF7FEFF 		bl	CyDelay
  66 003a 00E0     		b	.L1
  67              	.L4:
  21:morse.c       ****     }
  68              		.loc 1 21 0
  69 003c C046     		nop
  70              	.L1:
  27:morse.c       **** }
  71              		.loc 1 27 0
  72 003e BD46     		mov	sp, r7
  73 0040 02B0     		add	sp, sp, #8
  74              		@ sp needed
  75 0042 80BD     		pop	{r7, pc}
  76              		.cfi_endproc
  77              	.LFE32:
  78              		.size	blinkdot, .-blinkdot
  79              		.section	.text.blinkdash,"ax",%progbits
  80              		.align	2
  81              		.global	blinkdash
  82              		.code	16
  83              		.thumb_func
  84              		.type	blinkdash, %function
  85              	blinkdash:
  86              	.LFB33:
ARM GAS  C:\Users\ryan\AppData\Local\Temp\ccLMIqon.s 			page 3


  28:morse.c       **** 
  29:morse.c       **** void blinkdash(uint8 led_flag) {
  87              		.loc 1 29 0
  88              		.cfi_startproc
  89              		@ args = 0, pretend = 0, frame = 8
  90              		@ frame_needed = 1, uses_anonymous_args = 0
  91 0000 80B5     		push	{r7, lr}
  92              		.cfi_def_cfa_offset 8
  93              		.cfi_offset 7, -8
  94              		.cfi_offset 14, -4
  95 0002 82B0     		sub	sp, sp, #8
  96              		.cfi_def_cfa_offset 16
  97 0004 00AF     		add	r7, sp, #0
  98              		.cfi_def_cfa_register 7
  99 0006 0200     		movs	r2, r0
 100 0008 FB1D     		adds	r3, r7, #7
 101 000a 1A70     		strb	r2, [r3]
  30:morse.c       ****     /* Verify state */
  31:morse.c       ****     if(!verify_state(MORSE)) {
 102              		.loc 1 31 0
 103 000c 0120     		movs	r0, #1
 104 000e FFF7FEFF 		bl	verify_state
 105 0012 031E     		subs	r3, r0, #0
 106 0014 11D0     		beq	.L8
  32:morse.c       ****         return;
  33:morse.c       ****     }
  34:morse.c       ****     turn_on(led_flag);
 107              		.loc 1 34 0
 108 0016 FB1D     		adds	r3, r7, #7
 109 0018 1B78     		ldrb	r3, [r3]
 110 001a 1800     		movs	r0, r3
 111 001c FFF7FEFF 		bl	turn_on
  35:morse.c       ****     CyDelay(DASH_ON_TIME);
 112              		.loc 1 35 0
 113 0020 084B     		ldr	r3, .L9
 114 0022 1800     		movs	r0, r3
 115 0024 FFF7FEFF 		bl	CyDelay
  36:morse.c       ****     turn_off(led_flag);
 116              		.loc 1 36 0
 117 0028 FB1D     		adds	r3, r7, #7
 118 002a 1B78     		ldrb	r3, [r3]
 119 002c 1800     		movs	r0, r3
 120 002e FFF7FEFF 		bl	turn_off
  37:morse.c       ****     CyDelay(DASH_OFF_TIME);
 121              		.loc 1 37 0
 122 0032 FA20     		movs	r0, #250
 123 0034 FFF7FEFF 		bl	CyDelay
 124 0038 00E0     		b	.L5
 125              	.L8:
  32:morse.c       ****     }
 126              		.loc 1 32 0
 127 003a C046     		nop
 128              	.L5:
  38:morse.c       **** }
 129              		.loc 1 38 0
 130 003c BD46     		mov	sp, r7
 131 003e 02B0     		add	sp, sp, #8
ARM GAS  C:\Users\ryan\AppData\Local\Temp\ccLMIqon.s 			page 4


 132              		@ sp needed
 133 0040 80BD     		pop	{r7, pc}
 134              	.L10:
 135 0042 C046     		.align	2
 136              	.L9:
 137 0044 DC050000 		.word	1500
 138              		.cfi_endproc
 139              	.LFE33:
 140              		.size	blinkdash, .-blinkdash
 141              		.section	.text.char_separate,"ax",%progbits
 142              		.align	2
 143              		.global	char_separate
 144              		.code	16
 145              		.thumb_func
 146              		.type	char_separate, %function
 147              	char_separate:
 148              	.LFB34:
  39:morse.c       **** 
  40:morse.c       **** void char_separate(void) {
 149              		.loc 1 40 0
 150              		.cfi_startproc
 151              		@ args = 0, pretend = 0, frame = 0
 152              		@ frame_needed = 1, uses_anonymous_args = 0
 153 0000 80B5     		push	{r7, lr}
 154              		.cfi_def_cfa_offset 8
 155              		.cfi_offset 7, -8
 156              		.cfi_offset 14, -4
 157 0002 00AF     		add	r7, sp, #0
 158              		.cfi_def_cfa_register 7
  41:morse.c       ****     /* Verify state */
  42:morse.c       ****     if(!verify_state(MORSE)) {
 159              		.loc 1 42 0
 160 0004 0120     		movs	r0, #1
 161 0006 FFF7FEFF 		bl	verify_state
 162 000a 031E     		subs	r3, r0, #0
 163 000c 05D0     		beq	.L14
  43:morse.c       ****         return;
  44:morse.c       ****     }
  45:morse.c       ****     CyDelay(CHAR_SEPARATE_TIME);
 164              		.loc 1 45 0
 165 000e FA23     		movs	r3, #250
 166 0010 9B00     		lsls	r3, r3, #2
 167 0012 1800     		movs	r0, r3
 168 0014 FFF7FEFF 		bl	CyDelay
 169 0018 00E0     		b	.L11
 170              	.L14:
  43:morse.c       ****         return;
 171              		.loc 1 43 0
 172 001a C046     		nop
 173              	.L11:
  46:morse.c       **** }
 174              		.loc 1 46 0
 175 001c BD46     		mov	sp, r7
 176              		@ sp needed
 177 001e 80BD     		pop	{r7, pc}
 178              		.cfi_endproc
 179              	.LFE34:
ARM GAS  C:\Users\ryan\AppData\Local\Temp\ccLMIqon.s 			page 5


 180              		.size	char_separate, .-char_separate
 181              		.section	.text.morse_encode,"ax",%progbits
 182              		.align	2
 183              		.global	morse_encode
 184              		.code	16
 185              		.thumb_func
 186              		.type	morse_encode, %function
 187              	morse_encode:
 188              	.LFB35:
  47:morse.c       **** 
  48:morse.c       **** void morse_encode(uint8 led_flag, char c){
 189              		.loc 1 48 0
 190              		.cfi_startproc
 191              		@ args = 0, pretend = 0, frame = 8
 192              		@ frame_needed = 1, uses_anonymous_args = 0
 193 0000 80B5     		push	{r7, lr}
 194              		.cfi_def_cfa_offset 8
 195              		.cfi_offset 7, -8
 196              		.cfi_offset 14, -4
 197 0002 82B0     		sub	sp, sp, #8
 198              		.cfi_def_cfa_offset 16
 199 0004 00AF     		add	r7, sp, #0
 200              		.cfi_def_cfa_register 7
 201 0006 0200     		movs	r2, r0
 202 0008 FB1D     		adds	r3, r7, #7
 203 000a 1A70     		strb	r2, [r3]
 204 000c BB1D     		adds	r3, r7, #6
 205 000e 0A1C     		adds	r2, r1, #0
 206 0010 1A70     		strb	r2, [r3]
  49:morse.c       ****     /* Verify state */
  50:morse.c       ****     if(!verify_state(MORSE)) {
 207              		.loc 1 50 0
 208 0012 0120     		movs	r0, #1
 209 0014 FFF7FEFF 		bl	verify_state
 210 0018 031E     		subs	r3, r0, #0
 211 001a 00D1     		bne	.LCB160
 212 001c 55E3     		b	.L59	@long jump
 213              	.LCB160:
  51:morse.c       ****         return;
  52:morse.c       ****     }
  53:morse.c       ****     switch(c) {
 214              		.loc 1 53 0
 215 001e BB1D     		adds	r3, r7, #6
 216 0020 1B78     		ldrb	r3, [r3]
 217 0022 0A3B     		subs	r3, r3, #10
 218 0024 702B     		cmp	r3, #112
 219 0026 00D9     		bls	.LCB165
 220 0028 50E3     		b	.L15	@long jump
 221              	.LCB165:
 222 002a 9A00     		lsls	r2, r3, #2
 223 002c EA4B     		ldr	r3, .L60
 224 002e D318     		adds	r3, r2, r3
 225 0030 1B68     		ldr	r3, [r3]
 226 0032 9F46     		mov	pc, r3
 227              		.section	.rodata
 228              		.align	2
 229              	.L19:
ARM GAS  C:\Users\ryan\AppData\Local\Temp\ccLMIqon.s 			page 6


 230 0000 CC060000 		.word	.L15
 231 0004 CC060000 		.word	.L15
 232 0008 CC060000 		.word	.L15
 233 000c CC060000 		.word	.L15
 234 0010 CC060000 		.word	.L15
 235 0014 CC060000 		.word	.L15
 236 0018 CC060000 		.word	.L15
 237 001c CC060000 		.word	.L15
 238 0020 CC060000 		.word	.L15
 239 0024 CC060000 		.word	.L15
 240 0028 CC060000 		.word	.L15
 241 002c CC060000 		.word	.L15
 242 0030 CC060000 		.word	.L15
 243 0034 CC060000 		.word	.L15
 244 0038 CC060000 		.word	.L15
 245 003c CC060000 		.word	.L15
 246 0040 CC060000 		.word	.L15
 247 0044 CC060000 		.word	.L15
 248 0048 CC060000 		.word	.L15
 249 004c CC060000 		.word	.L15
 250 0050 CC060000 		.word	.L15
 251 0054 CC060000 		.word	.L15
 252 0058 BE060000 		.word	.L20
 253 005c CC060000 		.word	.L15
 254 0060 CC060000 		.word	.L15
 255 0064 CC060000 		.word	.L15
 256 0068 CC060000 		.word	.L15
 257 006c CC060000 		.word	.L15
 258 0070 CC060000 		.word	.L15
 259 0074 CC060000 		.word	.L15
 260 0078 CC060000 		.word	.L15
 261 007c CC060000 		.word	.L15
 262 0080 CC060000 		.word	.L15
 263 0084 CC060000 		.word	.L15
 264 0088 7C060000 		.word	.L21
 265 008c CC060000 		.word	.L15
 266 0090 3A060000 		.word	.L22
 267 0094 CC060000 		.word	.L15
 268 0098 0A040000 		.word	.L23
 269 009c 42040000 		.word	.L24
 270 00a0 7A040000 		.word	.L25
 271 00a4 B2040000 		.word	.L26
 272 00a8 EA040000 		.word	.L27
 273 00ac 22050000 		.word	.L28
 274 00b0 5A050000 		.word	.L29
 275 00b4 92050000 		.word	.L30
 276 00b8 CA050000 		.word	.L31
 277 00bc 02060000 		.word	.L32
 278 00c0 CC060000 		.word	.L15
 279 00c4 CC060000 		.word	.L15
 280 00c8 CC060000 		.word	.L15
 281 00cc CC060000 		.word	.L15
 282 00d0 CC060000 		.word	.L15
 283 00d4 CC060000 		.word	.L15
 284 00d8 CC060000 		.word	.L15
 285 00dc 34000000 		.word	.L33
 286 00e0 4E000000 		.word	.L34
ARM GAS  C:\Users\ryan\AppData\Local\Temp\ccLMIqon.s 			page 7


 287 00e4 7C000000 		.word	.L35
 288 00e8 AA000000 		.word	.L36
 289 00ec CE000000 		.word	.L37
 290 00f0 DE000000 		.word	.L38
 291 00f4 0C010000 		.word	.L39
 292 00f8 30010000 		.word	.L40
 293 00fc 5E010000 		.word	.L41
 294 0100 78010000 		.word	.L42
 295 0104 A6010000 		.word	.L43
 296 0108 CA010000 		.word	.L44
 297 010c F8010000 		.word	.L45
 298 0110 12020000 		.word	.L46
 299 0114 2C020000 		.word	.L47
 300 0118 50020000 		.word	.L48
 301 011c 7E020000 		.word	.L49
 302 0120 AC020000 		.word	.L50
 303 0124 D0020000 		.word	.L51
 304 0128 F4020000 		.word	.L52
 305 012c 04030000 		.word	.L53
 306 0130 28030000 		.word	.L54
 307 0134 56030000 		.word	.L55
 308 0138 7A030000 		.word	.L56
 309 013c A8030000 		.word	.L57
 310 0140 DC030000 		.word	.L58
 311 0144 CC060000 		.word	.L15
 312 0148 CC060000 		.word	.L15
 313 014c CC060000 		.word	.L15
 314 0150 CC060000 		.word	.L15
 315 0154 CC060000 		.word	.L15
 316 0158 CC060000 		.word	.L15
 317 015c 34000000 		.word	.L33
 318 0160 4E000000 		.word	.L34
 319 0164 7C000000 		.word	.L35
 320 0168 AA000000 		.word	.L36
 321 016c CE000000 		.word	.L37
 322 0170 DE000000 		.word	.L38
 323 0174 0C010000 		.word	.L39
 324 0178 30010000 		.word	.L40
 325 017c 5E010000 		.word	.L41
 326 0180 78010000 		.word	.L42
 327 0184 A6010000 		.word	.L43
 328 0188 CA010000 		.word	.L44
 329 018c F8010000 		.word	.L45
 330 0190 12020000 		.word	.L46
 331 0194 2C020000 		.word	.L47
 332 0198 50020000 		.word	.L48
 333 019c 7E020000 		.word	.L49
 334 01a0 AC020000 		.word	.L50
 335 01a4 D0020000 		.word	.L51
 336 01a8 F4020000 		.word	.L52
 337 01ac 04030000 		.word	.L53
 338 01b0 28030000 		.word	.L54
 339 01b4 56030000 		.word	.L55
 340 01b8 7A030000 		.word	.L56
 341 01bc A8030000 		.word	.L57
 342 01c0 DC030000 		.word	.L58
 343              		.section	.text.morse_encode
ARM GAS  C:\Users\ryan\AppData\Local\Temp\ccLMIqon.s 			page 8


 344              	.L33:
  54:morse.c       ****       case 'A':
  55:morse.c       ****       case 'a':
  56:morse.c       ****         blinkdot(led_flag);
 345              		.loc 1 56 0
 346 0034 FB1D     		adds	r3, r7, #7
 347 0036 1B78     		ldrb	r3, [r3]
 348 0038 1800     		movs	r0, r3
 349 003a FFF7FEFF 		bl	blinkdot
  57:morse.c       ****         blinkdash(led_flag);
 350              		.loc 1 57 0
 351 003e FB1D     		adds	r3, r7, #7
 352 0040 1B78     		ldrb	r3, [r3]
 353 0042 1800     		movs	r0, r3
 354 0044 FFF7FEFF 		bl	blinkdash
  58:morse.c       ****         char_separate();
 355              		.loc 1 58 0
 356 0048 FFF7FEFF 		bl	char_separate
  59:morse.c       ****         break;
 357              		.loc 1 59 0
 358 004c 3EE3     		b	.L15
 359              	.L34:
  60:morse.c       ****       case 'B':
  61:morse.c       ****       case 'b':
  62:morse.c       ****         blinkdash(led_flag);
 360              		.loc 1 62 0
 361 004e FB1D     		adds	r3, r7, #7
 362 0050 1B78     		ldrb	r3, [r3]
 363 0052 1800     		movs	r0, r3
 364 0054 FFF7FEFF 		bl	blinkdash
  63:morse.c       ****         blinkdot(led_flag);
 365              		.loc 1 63 0
 366 0058 FB1D     		adds	r3, r7, #7
 367 005a 1B78     		ldrb	r3, [r3]
 368 005c 1800     		movs	r0, r3
 369 005e FFF7FEFF 		bl	blinkdot
  64:morse.c       ****         blinkdot(led_flag);
 370              		.loc 1 64 0
 371 0062 FB1D     		adds	r3, r7, #7
 372 0064 1B78     		ldrb	r3, [r3]
 373 0066 1800     		movs	r0, r3
 374 0068 FFF7FEFF 		bl	blinkdot
  65:morse.c       ****         blinkdot(led_flag);
 375              		.loc 1 65 0
 376 006c FB1D     		adds	r3, r7, #7
 377 006e 1B78     		ldrb	r3, [r3]
 378 0070 1800     		movs	r0, r3
 379 0072 FFF7FEFF 		bl	blinkdot
  66:morse.c       ****         char_separate();
 380              		.loc 1 66 0
 381 0076 FFF7FEFF 		bl	char_separate
  67:morse.c       ****         break;
 382              		.loc 1 67 0
 383 007a 27E3     		b	.L15
 384              	.L35:
  68:morse.c       ****       case 'C':
  69:morse.c       ****       case 'c':
ARM GAS  C:\Users\ryan\AppData\Local\Temp\ccLMIqon.s 			page 9


  70:morse.c       ****         blinkdash(led_flag);
 385              		.loc 1 70 0
 386 007c FB1D     		adds	r3, r7, #7
 387 007e 1B78     		ldrb	r3, [r3]
 388 0080 1800     		movs	r0, r3
 389 0082 FFF7FEFF 		bl	blinkdash
  71:morse.c       ****         blinkdot(led_flag);
 390              		.loc 1 71 0
 391 0086 FB1D     		adds	r3, r7, #7
 392 0088 1B78     		ldrb	r3, [r3]
 393 008a 1800     		movs	r0, r3
 394 008c FFF7FEFF 		bl	blinkdot
  72:morse.c       ****         blinkdash(led_flag);
 395              		.loc 1 72 0
 396 0090 FB1D     		adds	r3, r7, #7
 397 0092 1B78     		ldrb	r3, [r3]
 398 0094 1800     		movs	r0, r3
 399 0096 FFF7FEFF 		bl	blinkdash
  73:morse.c       ****         blinkdot(led_flag);
 400              		.loc 1 73 0
 401 009a FB1D     		adds	r3, r7, #7
 402 009c 1B78     		ldrb	r3, [r3]
 403 009e 1800     		movs	r0, r3
 404 00a0 FFF7FEFF 		bl	blinkdot
  74:morse.c       ****         char_separate();
 405              		.loc 1 74 0
 406 00a4 FFF7FEFF 		bl	char_separate
  75:morse.c       ****         break;
 407              		.loc 1 75 0
 408 00a8 10E3     		b	.L15
 409              	.L36:
  76:morse.c       ****       case 'D':
  77:morse.c       ****       case 'd':
  78:morse.c       ****         blinkdash(led_flag);
 410              		.loc 1 78 0
 411 00aa FB1D     		adds	r3, r7, #7
 412 00ac 1B78     		ldrb	r3, [r3]
 413 00ae 1800     		movs	r0, r3
 414 00b0 FFF7FEFF 		bl	blinkdash
  79:morse.c       ****         blinkdot(led_flag);
 415              		.loc 1 79 0
 416 00b4 FB1D     		adds	r3, r7, #7
 417 00b6 1B78     		ldrb	r3, [r3]
 418 00b8 1800     		movs	r0, r3
 419 00ba FFF7FEFF 		bl	blinkdot
  80:morse.c       ****         blinkdot(led_flag);
 420              		.loc 1 80 0
 421 00be FB1D     		adds	r3, r7, #7
 422 00c0 1B78     		ldrb	r3, [r3]
 423 00c2 1800     		movs	r0, r3
 424 00c4 FFF7FEFF 		bl	blinkdot
  81:morse.c       ****         char_separate();
 425              		.loc 1 81 0
 426 00c8 FFF7FEFF 		bl	char_separate
  82:morse.c       ****         break;
 427              		.loc 1 82 0
 428 00cc FEE2     		b	.L15
ARM GAS  C:\Users\ryan\AppData\Local\Temp\ccLMIqon.s 			page 10


 429              	.L37:
  83:morse.c       ****        case 'E':
  84:morse.c       ****        case 'e':
  85:morse.c       ****         blinkdot(led_flag);
 430              		.loc 1 85 0
 431 00ce FB1D     		adds	r3, r7, #7
 432 00d0 1B78     		ldrb	r3, [r3]
 433 00d2 1800     		movs	r0, r3
 434 00d4 FFF7FEFF 		bl	blinkdot
  86:morse.c       ****         char_separate();
 435              		.loc 1 86 0
 436 00d8 FFF7FEFF 		bl	char_separate
  87:morse.c       ****         break;
 437              		.loc 1 87 0
 438 00dc F6E2     		b	.L15
 439              	.L38:
  88:morse.c       ****        case 'F':
  89:morse.c       ****        case 'f':
  90:morse.c       ****         blinkdot(led_flag);
 440              		.loc 1 90 0
 441 00de FB1D     		adds	r3, r7, #7
 442 00e0 1B78     		ldrb	r3, [r3]
 443 00e2 1800     		movs	r0, r3
 444 00e4 FFF7FEFF 		bl	blinkdot
  91:morse.c       ****         blinkdot(led_flag);
 445              		.loc 1 91 0
 446 00e8 FB1D     		adds	r3, r7, #7
 447 00ea 1B78     		ldrb	r3, [r3]
 448 00ec 1800     		movs	r0, r3
 449 00ee FFF7FEFF 		bl	blinkdot
  92:morse.c       ****         blinkdash(led_flag);
 450              		.loc 1 92 0
 451 00f2 FB1D     		adds	r3, r7, #7
 452 00f4 1B78     		ldrb	r3, [r3]
 453 00f6 1800     		movs	r0, r3
 454 00f8 FFF7FEFF 		bl	blinkdash
  93:morse.c       ****         blinkdot(led_flag);
 455              		.loc 1 93 0
 456 00fc FB1D     		adds	r3, r7, #7
 457 00fe 1B78     		ldrb	r3, [r3]
 458 0100 1800     		movs	r0, r3
 459 0102 FFF7FEFF 		bl	blinkdot
  94:morse.c       ****         char_separate();
 460              		.loc 1 94 0
 461 0106 FFF7FEFF 		bl	char_separate
  95:morse.c       ****         break;
 462              		.loc 1 95 0
 463 010a DFE2     		b	.L15
 464              	.L39:
  96:morse.c       ****        case 'G':
  97:morse.c       ****        case 'g':
  98:morse.c       ****         blinkdash(led_flag);
 465              		.loc 1 98 0
 466 010c FB1D     		adds	r3, r7, #7
 467 010e 1B78     		ldrb	r3, [r3]
 468 0110 1800     		movs	r0, r3
 469 0112 FFF7FEFF 		bl	blinkdash
ARM GAS  C:\Users\ryan\AppData\Local\Temp\ccLMIqon.s 			page 11


  99:morse.c       ****         blinkdash(led_flag);
 470              		.loc 1 99 0
 471 0116 FB1D     		adds	r3, r7, #7
 472 0118 1B78     		ldrb	r3, [r3]
 473 011a 1800     		movs	r0, r3
 474 011c FFF7FEFF 		bl	blinkdash
 100:morse.c       ****         blinkdot(led_flag);
 475              		.loc 1 100 0
 476 0120 FB1D     		adds	r3, r7, #7
 477 0122 1B78     		ldrb	r3, [r3]
 478 0124 1800     		movs	r0, r3
 479 0126 FFF7FEFF 		bl	blinkdot
 101:morse.c       ****         char_separate();
 480              		.loc 1 101 0
 481 012a FFF7FEFF 		bl	char_separate
 102:morse.c       ****         break;
 482              		.loc 1 102 0
 483 012e CDE2     		b	.L15
 484              	.L40:
 103:morse.c       ****        case 'H':
 104:morse.c       ****        case 'h':
 105:morse.c       ****         blinkdot(led_flag);
 485              		.loc 1 105 0
 486 0130 FB1D     		adds	r3, r7, #7
 487 0132 1B78     		ldrb	r3, [r3]
 488 0134 1800     		movs	r0, r3
 489 0136 FFF7FEFF 		bl	blinkdot
 106:morse.c       ****         blinkdot(led_flag);
 490              		.loc 1 106 0
 491 013a FB1D     		adds	r3, r7, #7
 492 013c 1B78     		ldrb	r3, [r3]
 493 013e 1800     		movs	r0, r3
 494 0140 FFF7FEFF 		bl	blinkdot
 107:morse.c       ****         blinkdot(led_flag);
 495              		.loc 1 107 0
 496 0144 FB1D     		adds	r3, r7, #7
 497 0146 1B78     		ldrb	r3, [r3]
 498 0148 1800     		movs	r0, r3
 499 014a FFF7FEFF 		bl	blinkdot
 108:morse.c       ****         blinkdot(led_flag);
 500              		.loc 1 108 0
 501 014e FB1D     		adds	r3, r7, #7
 502 0150 1B78     		ldrb	r3, [r3]
 503 0152 1800     		movs	r0, r3
 504 0154 FFF7FEFF 		bl	blinkdot
 109:morse.c       ****         char_separate();
 505              		.loc 1 109 0
 506 0158 FFF7FEFF 		bl	char_separate
 110:morse.c       ****         break;
 507              		.loc 1 110 0
 508 015c B6E2     		b	.L15
 509              	.L41:
 111:morse.c       ****        case 'I':
 112:morse.c       ****        case 'i':
 113:morse.c       ****         blinkdot(led_flag);
 510              		.loc 1 113 0
 511 015e FB1D     		adds	r3, r7, #7
ARM GAS  C:\Users\ryan\AppData\Local\Temp\ccLMIqon.s 			page 12


 512 0160 1B78     		ldrb	r3, [r3]
 513 0162 1800     		movs	r0, r3
 514 0164 FFF7FEFF 		bl	blinkdot
 114:morse.c       ****         blinkdot(led_flag);
 515              		.loc 1 114 0
 516 0168 FB1D     		adds	r3, r7, #7
 517 016a 1B78     		ldrb	r3, [r3]
 518 016c 1800     		movs	r0, r3
 519 016e FFF7FEFF 		bl	blinkdot
 115:morse.c       ****         char_separate();
 520              		.loc 1 115 0
 521 0172 FFF7FEFF 		bl	char_separate
 116:morse.c       ****         break;
 522              		.loc 1 116 0
 523 0176 A9E2     		b	.L15
 524              	.L42:
 117:morse.c       ****        case 'J':
 118:morse.c       ****        case 'j':
 119:morse.c       ****         blinkdot(led_flag);
 525              		.loc 1 119 0
 526 0178 FB1D     		adds	r3, r7, #7
 527 017a 1B78     		ldrb	r3, [r3]
 528 017c 1800     		movs	r0, r3
 529 017e FFF7FEFF 		bl	blinkdot
 120:morse.c       ****         blinkdash(led_flag);
 530              		.loc 1 120 0
 531 0182 FB1D     		adds	r3, r7, #7
 532 0184 1B78     		ldrb	r3, [r3]
 533 0186 1800     		movs	r0, r3
 534 0188 FFF7FEFF 		bl	blinkdash
 121:morse.c       ****         blinkdash(led_flag);
 535              		.loc 1 121 0
 536 018c FB1D     		adds	r3, r7, #7
 537 018e 1B78     		ldrb	r3, [r3]
 538 0190 1800     		movs	r0, r3
 539 0192 FFF7FEFF 		bl	blinkdash
 122:morse.c       ****         blinkdash(led_flag);
 540              		.loc 1 122 0
 541 0196 FB1D     		adds	r3, r7, #7
 542 0198 1B78     		ldrb	r3, [r3]
 543 019a 1800     		movs	r0, r3
 544 019c FFF7FEFF 		bl	blinkdash
 123:morse.c       ****         char_separate();
 545              		.loc 1 123 0
 546 01a0 FFF7FEFF 		bl	char_separate
 124:morse.c       ****         break;
 547              		.loc 1 124 0
 548 01a4 92E2     		b	.L15
 549              	.L43:
 125:morse.c       ****        case 'K':
 126:morse.c       ****        case 'k':
 127:morse.c       ****         blinkdash(led_flag);
 550              		.loc 1 127 0
 551 01a6 FB1D     		adds	r3, r7, #7
 552 01a8 1B78     		ldrb	r3, [r3]
 553 01aa 1800     		movs	r0, r3
 554 01ac FFF7FEFF 		bl	blinkdash
ARM GAS  C:\Users\ryan\AppData\Local\Temp\ccLMIqon.s 			page 13


 128:morse.c       ****         blinkdot(led_flag);
 555              		.loc 1 128 0
 556 01b0 FB1D     		adds	r3, r7, #7
 557 01b2 1B78     		ldrb	r3, [r3]
 558 01b4 1800     		movs	r0, r3
 559 01b6 FFF7FEFF 		bl	blinkdot
 129:morse.c       ****         blinkdash(led_flag);
 560              		.loc 1 129 0
 561 01ba FB1D     		adds	r3, r7, #7
 562 01bc 1B78     		ldrb	r3, [r3]
 563 01be 1800     		movs	r0, r3
 564 01c0 FFF7FEFF 		bl	blinkdash
 130:morse.c       ****         char_separate();
 565              		.loc 1 130 0
 566 01c4 FFF7FEFF 		bl	char_separate
 131:morse.c       ****         break;
 567              		.loc 1 131 0
 568 01c8 80E2     		b	.L15
 569              	.L44:
 132:morse.c       ****        case 'L':
 133:morse.c       ****        case 'l':
 134:morse.c       ****         blinkdot(led_flag);
 570              		.loc 1 134 0
 571 01ca FB1D     		adds	r3, r7, #7
 572 01cc 1B78     		ldrb	r3, [r3]
 573 01ce 1800     		movs	r0, r3
 574 01d0 FFF7FEFF 		bl	blinkdot
 135:morse.c       ****         blinkdash(led_flag);
 575              		.loc 1 135 0
 576 01d4 FB1D     		adds	r3, r7, #7
 577 01d6 1B78     		ldrb	r3, [r3]
 578 01d8 1800     		movs	r0, r3
 579 01da FFF7FEFF 		bl	blinkdash
 136:morse.c       ****         blinkdot(led_flag);
 580              		.loc 1 136 0
 581 01de FB1D     		adds	r3, r7, #7
 582 01e0 1B78     		ldrb	r3, [r3]
 583 01e2 1800     		movs	r0, r3
 584 01e4 FFF7FEFF 		bl	blinkdot
 137:morse.c       ****         blinkdot(led_flag);
 585              		.loc 1 137 0
 586 01e8 FB1D     		adds	r3, r7, #7
 587 01ea 1B78     		ldrb	r3, [r3]
 588 01ec 1800     		movs	r0, r3
 589 01ee FFF7FEFF 		bl	blinkdot
 138:morse.c       ****         char_separate();
 590              		.loc 1 138 0
 591 01f2 FFF7FEFF 		bl	char_separate
 139:morse.c       ****         break;
 592              		.loc 1 139 0
 593 01f6 69E2     		b	.L15
 594              	.L45:
 140:morse.c       ****        case 'M':
 141:morse.c       ****        case 'm':
 142:morse.c       ****         blinkdash(led_flag);
 595              		.loc 1 142 0
 596 01f8 FB1D     		adds	r3, r7, #7
ARM GAS  C:\Users\ryan\AppData\Local\Temp\ccLMIqon.s 			page 14


 597 01fa 1B78     		ldrb	r3, [r3]
 598 01fc 1800     		movs	r0, r3
 599 01fe FFF7FEFF 		bl	blinkdash
 143:morse.c       ****         blinkdash(led_flag);
 600              		.loc 1 143 0
 601 0202 FB1D     		adds	r3, r7, #7
 602 0204 1B78     		ldrb	r3, [r3]
 603 0206 1800     		movs	r0, r3
 604 0208 FFF7FEFF 		bl	blinkdash
 144:morse.c       ****         char_separate();
 605              		.loc 1 144 0
 606 020c FFF7FEFF 		bl	char_separate
 145:morse.c       ****         break;
 607              		.loc 1 145 0
 608 0210 5CE2     		b	.L15
 609              	.L46:
 146:morse.c       ****        case 'N':
 147:morse.c       ****        case 'n':
 148:morse.c       ****         blinkdash(led_flag);
 610              		.loc 1 148 0
 611 0212 FB1D     		adds	r3, r7, #7
 612 0214 1B78     		ldrb	r3, [r3]
 613 0216 1800     		movs	r0, r3
 614 0218 FFF7FEFF 		bl	blinkdash
 149:morse.c       ****         blinkdot(led_flag);
 615              		.loc 1 149 0
 616 021c FB1D     		adds	r3, r7, #7
 617 021e 1B78     		ldrb	r3, [r3]
 618 0220 1800     		movs	r0, r3
 619 0222 FFF7FEFF 		bl	blinkdot
 150:morse.c       ****         char_separate();
 620              		.loc 1 150 0
 621 0226 FFF7FEFF 		bl	char_separate
 151:morse.c       ****         break;
 622              		.loc 1 151 0
 623 022a 4FE2     		b	.L15
 624              	.L47:
 152:morse.c       ****        case 'O':
 153:morse.c       ****        case 'o':
 154:morse.c       ****         blinkdash(led_flag);
 625              		.loc 1 154 0
 626 022c FB1D     		adds	r3, r7, #7
 627 022e 1B78     		ldrb	r3, [r3]
 628 0230 1800     		movs	r0, r3
 629 0232 FFF7FEFF 		bl	blinkdash
 155:morse.c       ****         blinkdash(led_flag);
 630              		.loc 1 155 0
 631 0236 FB1D     		adds	r3, r7, #7
 632 0238 1B78     		ldrb	r3, [r3]
 633 023a 1800     		movs	r0, r3
 634 023c FFF7FEFF 		bl	blinkdash
 156:morse.c       ****         blinkdash(led_flag);
 635              		.loc 1 156 0
 636 0240 FB1D     		adds	r3, r7, #7
 637 0242 1B78     		ldrb	r3, [r3]
 638 0244 1800     		movs	r0, r3
 639 0246 FFF7FEFF 		bl	blinkdash
ARM GAS  C:\Users\ryan\AppData\Local\Temp\ccLMIqon.s 			page 15


 157:morse.c       ****         char_separate();
 640              		.loc 1 157 0
 641 024a FFF7FEFF 		bl	char_separate
 158:morse.c       ****         break;
 642              		.loc 1 158 0
 643 024e 3DE2     		b	.L15
 644              	.L48:
 159:morse.c       ****        case 'P':
 160:morse.c       ****        case 'p':
 161:morse.c       ****         blinkdot(led_flag);
 645              		.loc 1 161 0
 646 0250 FB1D     		adds	r3, r7, #7
 647 0252 1B78     		ldrb	r3, [r3]
 648 0254 1800     		movs	r0, r3
 649 0256 FFF7FEFF 		bl	blinkdot
 162:morse.c       ****         blinkdash(led_flag);
 650              		.loc 1 162 0
 651 025a FB1D     		adds	r3, r7, #7
 652 025c 1B78     		ldrb	r3, [r3]
 653 025e 1800     		movs	r0, r3
 654 0260 FFF7FEFF 		bl	blinkdash
 163:morse.c       ****         blinkdash(led_flag);
 655              		.loc 1 163 0
 656 0264 FB1D     		adds	r3, r7, #7
 657 0266 1B78     		ldrb	r3, [r3]
 658 0268 1800     		movs	r0, r3
 659 026a FFF7FEFF 		bl	blinkdash
 164:morse.c       ****         blinkdot(led_flag);
 660              		.loc 1 164 0
 661 026e FB1D     		adds	r3, r7, #7
 662 0270 1B78     		ldrb	r3, [r3]
 663 0272 1800     		movs	r0, r3
 664 0274 FFF7FEFF 		bl	blinkdot
 165:morse.c       ****         char_separate();
 665              		.loc 1 165 0
 666 0278 FFF7FEFF 		bl	char_separate
 166:morse.c       ****         break;
 667              		.loc 1 166 0
 668 027c 26E2     		b	.L15
 669              	.L49:
 167:morse.c       ****        case 'Q':
 168:morse.c       ****        case 'q':
 169:morse.c       ****         blinkdash(led_flag);
 670              		.loc 1 169 0
 671 027e FB1D     		adds	r3, r7, #7
 672 0280 1B78     		ldrb	r3, [r3]
 673 0282 1800     		movs	r0, r3
 674 0284 FFF7FEFF 		bl	blinkdash
 170:morse.c       ****         blinkdash(led_flag);
 675              		.loc 1 170 0
 676 0288 FB1D     		adds	r3, r7, #7
 677 028a 1B78     		ldrb	r3, [r3]
 678 028c 1800     		movs	r0, r3
 679 028e FFF7FEFF 		bl	blinkdash
 171:morse.c       ****         blinkdot(led_flag);
 680              		.loc 1 171 0
 681 0292 FB1D     		adds	r3, r7, #7
ARM GAS  C:\Users\ryan\AppData\Local\Temp\ccLMIqon.s 			page 16


 682 0294 1B78     		ldrb	r3, [r3]
 683 0296 1800     		movs	r0, r3
 684 0298 FFF7FEFF 		bl	blinkdot
 172:morse.c       ****         blinkdash(led_flag);
 685              		.loc 1 172 0
 686 029c FB1D     		adds	r3, r7, #7
 687 029e 1B78     		ldrb	r3, [r3]
 688 02a0 1800     		movs	r0, r3
 689 02a2 FFF7FEFF 		bl	blinkdash
 173:morse.c       ****         char_separate();
 690              		.loc 1 173 0
 691 02a6 FFF7FEFF 		bl	char_separate
 174:morse.c       ****         break;
 692              		.loc 1 174 0
 693 02aa 0FE2     		b	.L15
 694              	.L50:
 175:morse.c       ****        case 'R':
 176:morse.c       ****        case 'r':
 177:morse.c       ****         blinkdot(led_flag);
 695              		.loc 1 177 0
 696 02ac FB1D     		adds	r3, r7, #7
 697 02ae 1B78     		ldrb	r3, [r3]
 698 02b0 1800     		movs	r0, r3
 699 02b2 FFF7FEFF 		bl	blinkdot
 178:morse.c       ****         blinkdash(led_flag);
 700              		.loc 1 178 0
 701 02b6 FB1D     		adds	r3, r7, #7
 702 02b8 1B78     		ldrb	r3, [r3]
 703 02ba 1800     		movs	r0, r3
 704 02bc FFF7FEFF 		bl	blinkdash
 179:morse.c       ****         blinkdot(led_flag);
 705              		.loc 1 179 0
 706 02c0 FB1D     		adds	r3, r7, #7
 707 02c2 1B78     		ldrb	r3, [r3]
 708 02c4 1800     		movs	r0, r3
 709 02c6 FFF7FEFF 		bl	blinkdot
 180:morse.c       ****         char_separate();
 710              		.loc 1 180 0
 711 02ca FFF7FEFF 		bl	char_separate
 181:morse.c       ****         break;
 712              		.loc 1 181 0
 713 02ce FDE1     		b	.L15
 714              	.L51:
 182:morse.c       ****        case 'S':
 183:morse.c       ****        case 's':
 184:morse.c       ****         blinkdot(led_flag);
 715              		.loc 1 184 0
 716 02d0 FB1D     		adds	r3, r7, #7
 717 02d2 1B78     		ldrb	r3, [r3]
 718 02d4 1800     		movs	r0, r3
 719 02d6 FFF7FEFF 		bl	blinkdot
 185:morse.c       ****         blinkdot(led_flag);
 720              		.loc 1 185 0
 721 02da FB1D     		adds	r3, r7, #7
 722 02dc 1B78     		ldrb	r3, [r3]
 723 02de 1800     		movs	r0, r3
 724 02e0 FFF7FEFF 		bl	blinkdot
ARM GAS  C:\Users\ryan\AppData\Local\Temp\ccLMIqon.s 			page 17


 186:morse.c       ****         blinkdot(led_flag);
 725              		.loc 1 186 0
 726 02e4 FB1D     		adds	r3, r7, #7
 727 02e6 1B78     		ldrb	r3, [r3]
 728 02e8 1800     		movs	r0, r3
 729 02ea FFF7FEFF 		bl	blinkdot
 187:morse.c       ****         char_separate();
 730              		.loc 1 187 0
 731 02ee FFF7FEFF 		bl	char_separate
 188:morse.c       ****         break;
 732              		.loc 1 188 0
 733 02f2 EBE1     		b	.L15
 734              	.L52:
 189:morse.c       ****        case 'T':
 190:morse.c       ****        case 't':
 191:morse.c       ****         blinkdash(led_flag);
 735              		.loc 1 191 0
 736 02f4 FB1D     		adds	r3, r7, #7
 737 02f6 1B78     		ldrb	r3, [r3]
 738 02f8 1800     		movs	r0, r3
 739 02fa FFF7FEFF 		bl	blinkdash
 192:morse.c       ****         char_separate();
 740              		.loc 1 192 0
 741 02fe FFF7FEFF 		bl	char_separate
 193:morse.c       ****         break;
 742              		.loc 1 193 0
 743 0302 E3E1     		b	.L15
 744              	.L53:
 194:morse.c       ****        case 'U':
 195:morse.c       ****        case 'u':
 196:morse.c       ****         blinkdot(led_flag);
 745              		.loc 1 196 0
 746 0304 FB1D     		adds	r3, r7, #7
 747 0306 1B78     		ldrb	r3, [r3]
 748 0308 1800     		movs	r0, r3
 749 030a FFF7FEFF 		bl	blinkdot
 197:morse.c       ****         blinkdot(led_flag);
 750              		.loc 1 197 0
 751 030e FB1D     		adds	r3, r7, #7
 752 0310 1B78     		ldrb	r3, [r3]
 753 0312 1800     		movs	r0, r3
 754 0314 FFF7FEFF 		bl	blinkdot
 198:morse.c       ****         blinkdash(led_flag);
 755              		.loc 1 198 0
 756 0318 FB1D     		adds	r3, r7, #7
 757 031a 1B78     		ldrb	r3, [r3]
 758 031c 1800     		movs	r0, r3
 759 031e FFF7FEFF 		bl	blinkdash
 199:morse.c       ****         char_separate();
 760              		.loc 1 199 0
 761 0322 FFF7FEFF 		bl	char_separate
 200:morse.c       ****         break;
 762              		.loc 1 200 0
 763 0326 D1E1     		b	.L15
 764              	.L54:
 201:morse.c       ****        case 'V':
 202:morse.c       ****        case 'v':
ARM GAS  C:\Users\ryan\AppData\Local\Temp\ccLMIqon.s 			page 18


 203:morse.c       ****         blinkdot(led_flag);
 765              		.loc 1 203 0
 766 0328 FB1D     		adds	r3, r7, #7
 767 032a 1B78     		ldrb	r3, [r3]
 768 032c 1800     		movs	r0, r3
 769 032e FFF7FEFF 		bl	blinkdot
 204:morse.c       ****         blinkdot(led_flag);
 770              		.loc 1 204 0
 771 0332 FB1D     		adds	r3, r7, #7
 772 0334 1B78     		ldrb	r3, [r3]
 773 0336 1800     		movs	r0, r3
 774 0338 FFF7FEFF 		bl	blinkdot
 205:morse.c       ****         blinkdot(led_flag);
 775              		.loc 1 205 0
 776 033c FB1D     		adds	r3, r7, #7
 777 033e 1B78     		ldrb	r3, [r3]
 778 0340 1800     		movs	r0, r3
 779 0342 FFF7FEFF 		bl	blinkdot
 206:morse.c       ****         blinkdash(led_flag);
 780              		.loc 1 206 0
 781 0346 FB1D     		adds	r3, r7, #7
 782 0348 1B78     		ldrb	r3, [r3]
 783 034a 1800     		movs	r0, r3
 784 034c FFF7FEFF 		bl	blinkdash
 207:morse.c       ****         char_separate();
 785              		.loc 1 207 0
 786 0350 FFF7FEFF 		bl	char_separate
 208:morse.c       ****         break;
 787              		.loc 1 208 0
 788 0354 BAE1     		b	.L15
 789              	.L55:
 209:morse.c       ****        case 'W':
 210:morse.c       ****        case 'w':
 211:morse.c       ****         blinkdot(led_flag);
 790              		.loc 1 211 0
 791 0356 FB1D     		adds	r3, r7, #7
 792 0358 1B78     		ldrb	r3, [r3]
 793 035a 1800     		movs	r0, r3
 794 035c FFF7FEFF 		bl	blinkdot
 212:morse.c       ****         blinkdash(led_flag);
 795              		.loc 1 212 0
 796 0360 FB1D     		adds	r3, r7, #7
 797 0362 1B78     		ldrb	r3, [r3]
 798 0364 1800     		movs	r0, r3
 799 0366 FFF7FEFF 		bl	blinkdash
 213:morse.c       ****         blinkdash(led_flag);
 800              		.loc 1 213 0
 801 036a FB1D     		adds	r3, r7, #7
 802 036c 1B78     		ldrb	r3, [r3]
 803 036e 1800     		movs	r0, r3
 804 0370 FFF7FEFF 		bl	blinkdash
 214:morse.c       ****         char_separate();
 805              		.loc 1 214 0
 806 0374 FFF7FEFF 		bl	char_separate
 215:morse.c       ****         break;
 807              		.loc 1 215 0
 808 0378 A8E1     		b	.L15
ARM GAS  C:\Users\ryan\AppData\Local\Temp\ccLMIqon.s 			page 19


 809              	.L56:
 216:morse.c       ****        case 'X':
 217:morse.c       ****        case 'x':
 218:morse.c       ****         blinkdash(led_flag);
 810              		.loc 1 218 0
 811 037a FB1D     		adds	r3, r7, #7
 812 037c 1B78     		ldrb	r3, [r3]
 813 037e 1800     		movs	r0, r3
 814 0380 FFF7FEFF 		bl	blinkdash
 219:morse.c       ****         blinkdot(led_flag);
 815              		.loc 1 219 0
 816 0384 FB1D     		adds	r3, r7, #7
 817 0386 1B78     		ldrb	r3, [r3]
 818 0388 1800     		movs	r0, r3
 819 038a FFF7FEFF 		bl	blinkdot
 220:morse.c       ****         blinkdot(led_flag);
 820              		.loc 1 220 0
 821 038e FB1D     		adds	r3, r7, #7
 822 0390 1B78     		ldrb	r3, [r3]
 823 0392 1800     		movs	r0, r3
 824 0394 FFF7FEFF 		bl	blinkdot
 221:morse.c       ****         blinkdash(led_flag);
 825              		.loc 1 221 0
 826 0398 FB1D     		adds	r3, r7, #7
 827 039a 1B78     		ldrb	r3, [r3]
 828 039c 1800     		movs	r0, r3
 829 039e FFF7FEFF 		bl	blinkdash
 222:morse.c       ****         char_separate();
 830              		.loc 1 222 0
 831 03a2 FFF7FEFF 		bl	char_separate
 223:morse.c       ****         break;
 832              		.loc 1 223 0
 833 03a6 91E1     		b	.L15
 834              	.L57:
 224:morse.c       ****        case 'Y':
 225:morse.c       ****        case 'y':
 226:morse.c       ****         blinkdash(led_flag);
 835              		.loc 1 226 0
 836 03a8 FB1D     		adds	r3, r7, #7
 837 03aa 1B78     		ldrb	r3, [r3]
 838 03ac 1800     		movs	r0, r3
 839 03ae FFF7FEFF 		bl	blinkdash
 227:morse.c       ****         blinkdot(led_flag);
 840              		.loc 1 227 0
 841 03b2 FB1D     		adds	r3, r7, #7
 842 03b4 1B78     		ldrb	r3, [r3]
 843 03b6 1800     		movs	r0, r3
 844 03b8 FFF7FEFF 		bl	blinkdot
 228:morse.c       ****         blinkdash(led_flag);
 845              		.loc 1 228 0
 846 03bc FB1D     		adds	r3, r7, #7
 847 03be 1B78     		ldrb	r3, [r3]
 848 03c0 1800     		movs	r0, r3
 849 03c2 FFF7FEFF 		bl	blinkdash
 229:morse.c       ****         blinkdash(led_flag);
 850              		.loc 1 229 0
 851 03c6 FB1D     		adds	r3, r7, #7
ARM GAS  C:\Users\ryan\AppData\Local\Temp\ccLMIqon.s 			page 20


 852 03c8 1B78     		ldrb	r3, [r3]
 853 03ca 1800     		movs	r0, r3
 854 03cc FFF7FEFF 		bl	blinkdash
 230:morse.c       ****         char_separate();
 855              		.loc 1 230 0
 856 03d0 FFF7FEFF 		bl	char_separate
 231:morse.c       ****         break;
 857              		.loc 1 231 0
 858 03d4 7AE1     		b	.L15
 859              	.L61:
 860 03d6 C046     		.align	2
 861              	.L60:
 862 03d8 00000000 		.word	.L19
 863              	.L58:
 232:morse.c       ****        case 'Z':
 233:morse.c       ****        case 'z':
 234:morse.c       ****         blinkdash(led_flag);
 864              		.loc 1 234 0
 865 03dc FB1D     		adds	r3, r7, #7
 866 03de 1B78     		ldrb	r3, [r3]
 867 03e0 1800     		movs	r0, r3
 868 03e2 FFF7FEFF 		bl	blinkdash
 235:morse.c       ****         blinkdash(led_flag);
 869              		.loc 1 235 0
 870 03e6 FB1D     		adds	r3, r7, #7
 871 03e8 1B78     		ldrb	r3, [r3]
 872 03ea 1800     		movs	r0, r3
 873 03ec FFF7FEFF 		bl	blinkdash
 236:morse.c       ****         blinkdot(led_flag);
 874              		.loc 1 236 0
 875 03f0 FB1D     		adds	r3, r7, #7
 876 03f2 1B78     		ldrb	r3, [r3]
 877 03f4 1800     		movs	r0, r3
 878 03f6 FFF7FEFF 		bl	blinkdot
 237:morse.c       ****         blinkdot(led_flag);
 879              		.loc 1 237 0
 880 03fa FB1D     		adds	r3, r7, #7
 881 03fc 1B78     		ldrb	r3, [r3]
 882 03fe 1800     		movs	r0, r3
 883 0400 FFF7FEFF 		bl	blinkdot
 238:morse.c       ****         char_separate();
 884              		.loc 1 238 0
 885 0404 FFF7FEFF 		bl	char_separate
 239:morse.c       ****         break;
 886              		.loc 1 239 0
 887 0408 60E1     		b	.L15
 888              	.L23:
 240:morse.c       ****        case '0':
 241:morse.c       ****         blinkdash(led_flag);
 889              		.loc 1 241 0
 890 040a FB1D     		adds	r3, r7, #7
 891 040c 1B78     		ldrb	r3, [r3]
 892 040e 1800     		movs	r0, r3
 893 0410 FFF7FEFF 		bl	blinkdash
 242:morse.c       ****         blinkdash(led_flag);
 894              		.loc 1 242 0
 895 0414 FB1D     		adds	r3, r7, #7
ARM GAS  C:\Users\ryan\AppData\Local\Temp\ccLMIqon.s 			page 21


 896 0416 1B78     		ldrb	r3, [r3]
 897 0418 1800     		movs	r0, r3
 898 041a FFF7FEFF 		bl	blinkdash
 243:morse.c       ****         blinkdash(led_flag);
 899              		.loc 1 243 0
 900 041e FB1D     		adds	r3, r7, #7
 901 0420 1B78     		ldrb	r3, [r3]
 902 0422 1800     		movs	r0, r3
 903 0424 FFF7FEFF 		bl	blinkdash
 244:morse.c       ****         blinkdash(led_flag);
 904              		.loc 1 244 0
 905 0428 FB1D     		adds	r3, r7, #7
 906 042a 1B78     		ldrb	r3, [r3]
 907 042c 1800     		movs	r0, r3
 908 042e FFF7FEFF 		bl	blinkdash
 245:morse.c       ****         blinkdash(led_flag);
 909              		.loc 1 245 0
 910 0432 FB1D     		adds	r3, r7, #7
 911 0434 1B78     		ldrb	r3, [r3]
 912 0436 1800     		movs	r0, r3
 913 0438 FFF7FEFF 		bl	blinkdash
 246:morse.c       ****         char_separate();
 914              		.loc 1 246 0
 915 043c FFF7FEFF 		bl	char_separate
 247:morse.c       ****         break;
 916              		.loc 1 247 0
 917 0440 44E1     		b	.L15
 918              	.L24:
 248:morse.c       ****        case '1':
 249:morse.c       ****         blinkdot(led_flag);
 919              		.loc 1 249 0
 920 0442 FB1D     		adds	r3, r7, #7
 921 0444 1B78     		ldrb	r3, [r3]
 922 0446 1800     		movs	r0, r3
 923 0448 FFF7FEFF 		bl	blinkdot
 250:morse.c       ****         blinkdash(led_flag);
 924              		.loc 1 250 0
 925 044c FB1D     		adds	r3, r7, #7
 926 044e 1B78     		ldrb	r3, [r3]
 927 0450 1800     		movs	r0, r3
 928 0452 FFF7FEFF 		bl	blinkdash
 251:morse.c       ****         blinkdash(led_flag);
 929              		.loc 1 251 0
 930 0456 FB1D     		adds	r3, r7, #7
 931 0458 1B78     		ldrb	r3, [r3]
 932 045a 1800     		movs	r0, r3
 933 045c FFF7FEFF 		bl	blinkdash
 252:morse.c       ****         blinkdash(led_flag);
 934              		.loc 1 252 0
 935 0460 FB1D     		adds	r3, r7, #7
 936 0462 1B78     		ldrb	r3, [r3]
 937 0464 1800     		movs	r0, r3
 938 0466 FFF7FEFF 		bl	blinkdash
 253:morse.c       ****         blinkdash(led_flag);
 939              		.loc 1 253 0
 940 046a FB1D     		adds	r3, r7, #7
 941 046c 1B78     		ldrb	r3, [r3]
ARM GAS  C:\Users\ryan\AppData\Local\Temp\ccLMIqon.s 			page 22


 942 046e 1800     		movs	r0, r3
 943 0470 FFF7FEFF 		bl	blinkdash
 254:morse.c       ****         char_separate();
 944              		.loc 1 254 0
 945 0474 FFF7FEFF 		bl	char_separate
 255:morse.c       ****         break;
 946              		.loc 1 255 0
 947 0478 28E1     		b	.L15
 948              	.L25:
 256:morse.c       ****        case '2':
 257:morse.c       ****         blinkdot(led_flag);
 949              		.loc 1 257 0
 950 047a FB1D     		adds	r3, r7, #7
 951 047c 1B78     		ldrb	r3, [r3]
 952 047e 1800     		movs	r0, r3
 953 0480 FFF7FEFF 		bl	blinkdot
 258:morse.c       ****         blinkdot(led_flag);
 954              		.loc 1 258 0
 955 0484 FB1D     		adds	r3, r7, #7
 956 0486 1B78     		ldrb	r3, [r3]
 957 0488 1800     		movs	r0, r3
 958 048a FFF7FEFF 		bl	blinkdot
 259:morse.c       ****         blinkdash(led_flag);
 959              		.loc 1 259 0
 960 048e FB1D     		adds	r3, r7, #7
 961 0490 1B78     		ldrb	r3, [r3]
 962 0492 1800     		movs	r0, r3
 963 0494 FFF7FEFF 		bl	blinkdash
 260:morse.c       ****         blinkdash(led_flag);
 964              		.loc 1 260 0
 965 0498 FB1D     		adds	r3, r7, #7
 966 049a 1B78     		ldrb	r3, [r3]
 967 049c 1800     		movs	r0, r3
 968 049e FFF7FEFF 		bl	blinkdash
 261:morse.c       ****         blinkdash(led_flag);
 969              		.loc 1 261 0
 970 04a2 FB1D     		adds	r3, r7, #7
 971 04a4 1B78     		ldrb	r3, [r3]
 972 04a6 1800     		movs	r0, r3
 973 04a8 FFF7FEFF 		bl	blinkdash
 262:morse.c       ****         char_separate();
 974              		.loc 1 262 0
 975 04ac FFF7FEFF 		bl	char_separate
 263:morse.c       ****         break;
 976              		.loc 1 263 0
 977 04b0 0CE1     		b	.L15
 978              	.L26:
 264:morse.c       ****        case '3':
 265:morse.c       ****         blinkdot(led_flag);
 979              		.loc 1 265 0
 980 04b2 FB1D     		adds	r3, r7, #7
 981 04b4 1B78     		ldrb	r3, [r3]
 982 04b6 1800     		movs	r0, r3
 983 04b8 FFF7FEFF 		bl	blinkdot
 266:morse.c       ****         blinkdot(led_flag);
 984              		.loc 1 266 0
 985 04bc FB1D     		adds	r3, r7, #7
ARM GAS  C:\Users\ryan\AppData\Local\Temp\ccLMIqon.s 			page 23


 986 04be 1B78     		ldrb	r3, [r3]
 987 04c0 1800     		movs	r0, r3
 988 04c2 FFF7FEFF 		bl	blinkdot
 267:morse.c       ****         blinkdot(led_flag);
 989              		.loc 1 267 0
 990 04c6 FB1D     		adds	r3, r7, #7
 991 04c8 1B78     		ldrb	r3, [r3]
 992 04ca 1800     		movs	r0, r3
 993 04cc FFF7FEFF 		bl	blinkdot
 268:morse.c       ****         blinkdash(led_flag);
 994              		.loc 1 268 0
 995 04d0 FB1D     		adds	r3, r7, #7
 996 04d2 1B78     		ldrb	r3, [r3]
 997 04d4 1800     		movs	r0, r3
 998 04d6 FFF7FEFF 		bl	blinkdash
 269:morse.c       ****         blinkdash(led_flag);
 999              		.loc 1 269 0
 1000 04da FB1D     		adds	r3, r7, #7
 1001 04dc 1B78     		ldrb	r3, [r3]
 1002 04de 1800     		movs	r0, r3
 1003 04e0 FFF7FEFF 		bl	blinkdash
 270:morse.c       ****         char_separate();
 1004              		.loc 1 270 0
 1005 04e4 FFF7FEFF 		bl	char_separate
 271:morse.c       ****         break;
 1006              		.loc 1 271 0
 1007 04e8 F0E0     		b	.L15
 1008              	.L27:
 272:morse.c       ****        case '4':
 273:morse.c       ****         blinkdot(led_flag);
 1009              		.loc 1 273 0
 1010 04ea FB1D     		adds	r3, r7, #7
 1011 04ec 1B78     		ldrb	r3, [r3]
 1012 04ee 1800     		movs	r0, r3
 1013 04f0 FFF7FEFF 		bl	blinkdot
 274:morse.c       ****         blinkdot(led_flag);
 1014              		.loc 1 274 0
 1015 04f4 FB1D     		adds	r3, r7, #7
 1016 04f6 1B78     		ldrb	r3, [r3]
 1017 04f8 1800     		movs	r0, r3
 1018 04fa FFF7FEFF 		bl	blinkdot
 275:morse.c       ****         blinkdot(led_flag);
 1019              		.loc 1 275 0
 1020 04fe FB1D     		adds	r3, r7, #7
 1021 0500 1B78     		ldrb	r3, [r3]
 1022 0502 1800     		movs	r0, r3
 1023 0504 FFF7FEFF 		bl	blinkdot
 276:morse.c       ****         blinkdot(led_flag);
 1024              		.loc 1 276 0
 1025 0508 FB1D     		adds	r3, r7, #7
 1026 050a 1B78     		ldrb	r3, [r3]
 1027 050c 1800     		movs	r0, r3
 1028 050e FFF7FEFF 		bl	blinkdot
 277:morse.c       ****         blinkdash(led_flag);
 1029              		.loc 1 277 0
 1030 0512 FB1D     		adds	r3, r7, #7
 1031 0514 1B78     		ldrb	r3, [r3]
ARM GAS  C:\Users\ryan\AppData\Local\Temp\ccLMIqon.s 			page 24


 1032 0516 1800     		movs	r0, r3
 1033 0518 FFF7FEFF 		bl	blinkdash
 278:morse.c       ****         char_separate();
 1034              		.loc 1 278 0
 1035 051c FFF7FEFF 		bl	char_separate
 279:morse.c       ****         break;
 1036              		.loc 1 279 0
 1037 0520 D4E0     		b	.L15
 1038              	.L28:
 280:morse.c       ****        case '5':
 281:morse.c       ****         blinkdot(led_flag);
 1039              		.loc 1 281 0
 1040 0522 FB1D     		adds	r3, r7, #7
 1041 0524 1B78     		ldrb	r3, [r3]
 1042 0526 1800     		movs	r0, r3
 1043 0528 FFF7FEFF 		bl	blinkdot
 282:morse.c       ****         blinkdot(led_flag);
 1044              		.loc 1 282 0
 1045 052c FB1D     		adds	r3, r7, #7
 1046 052e 1B78     		ldrb	r3, [r3]
 1047 0530 1800     		movs	r0, r3
 1048 0532 FFF7FEFF 		bl	blinkdot
 283:morse.c       ****         blinkdot(led_flag);
 1049              		.loc 1 283 0
 1050 0536 FB1D     		adds	r3, r7, #7
 1051 0538 1B78     		ldrb	r3, [r3]
 1052 053a 1800     		movs	r0, r3
 1053 053c FFF7FEFF 		bl	blinkdot
 284:morse.c       ****         blinkdot(led_flag);
 1054              		.loc 1 284 0
 1055 0540 FB1D     		adds	r3, r7, #7
 1056 0542 1B78     		ldrb	r3, [r3]
 1057 0544 1800     		movs	r0, r3
 1058 0546 FFF7FEFF 		bl	blinkdot
 285:morse.c       ****         blinkdot(led_flag);
 1059              		.loc 1 285 0
 1060 054a FB1D     		adds	r3, r7, #7
 1061 054c 1B78     		ldrb	r3, [r3]
 1062 054e 1800     		movs	r0, r3
 1063 0550 FFF7FEFF 		bl	blinkdot
 286:morse.c       ****         char_separate();
 1064              		.loc 1 286 0
 1065 0554 FFF7FEFF 		bl	char_separate
 287:morse.c       ****         break;
 1066              		.loc 1 287 0
 1067 0558 B8E0     		b	.L15
 1068              	.L29:
 288:morse.c       ****        case '6':
 289:morse.c       ****         blinkdash(led_flag);
 1069              		.loc 1 289 0
 1070 055a FB1D     		adds	r3, r7, #7
 1071 055c 1B78     		ldrb	r3, [r3]
 1072 055e 1800     		movs	r0, r3
 1073 0560 FFF7FEFF 		bl	blinkdash
 290:morse.c       ****         blinkdot(led_flag);
 1074              		.loc 1 290 0
 1075 0564 FB1D     		adds	r3, r7, #7
ARM GAS  C:\Users\ryan\AppData\Local\Temp\ccLMIqon.s 			page 25


 1076 0566 1B78     		ldrb	r3, [r3]
 1077 0568 1800     		movs	r0, r3
 1078 056a FFF7FEFF 		bl	blinkdot
 291:morse.c       ****         blinkdot(led_flag);
 1079              		.loc 1 291 0
 1080 056e FB1D     		adds	r3, r7, #7
 1081 0570 1B78     		ldrb	r3, [r3]
 1082 0572 1800     		movs	r0, r3
 1083 0574 FFF7FEFF 		bl	blinkdot
 292:morse.c       ****         blinkdot(led_flag);
 1084              		.loc 1 292 0
 1085 0578 FB1D     		adds	r3, r7, #7
 1086 057a 1B78     		ldrb	r3, [r3]
 1087 057c 1800     		movs	r0, r3
 1088 057e FFF7FEFF 		bl	blinkdot
 293:morse.c       ****         blinkdot(led_flag);
 1089              		.loc 1 293 0
 1090 0582 FB1D     		adds	r3, r7, #7
 1091 0584 1B78     		ldrb	r3, [r3]
 1092 0586 1800     		movs	r0, r3
 1093 0588 FFF7FEFF 		bl	blinkdot
 294:morse.c       ****         char_separate();
 1094              		.loc 1 294 0
 1095 058c FFF7FEFF 		bl	char_separate
 295:morse.c       ****         break;
 1096              		.loc 1 295 0
 1097 0590 9CE0     		b	.L15
 1098              	.L30:
 296:morse.c       ****        case '7':
 297:morse.c       ****         blinkdash(led_flag);
 1099              		.loc 1 297 0
 1100 0592 FB1D     		adds	r3, r7, #7
 1101 0594 1B78     		ldrb	r3, [r3]
 1102 0596 1800     		movs	r0, r3
 1103 0598 FFF7FEFF 		bl	blinkdash
 298:morse.c       ****         blinkdash(led_flag);
 1104              		.loc 1 298 0
 1105 059c FB1D     		adds	r3, r7, #7
 1106 059e 1B78     		ldrb	r3, [r3]
 1107 05a0 1800     		movs	r0, r3
 1108 05a2 FFF7FEFF 		bl	blinkdash
 299:morse.c       ****         blinkdot(led_flag);
 1109              		.loc 1 299 0
 1110 05a6 FB1D     		adds	r3, r7, #7
 1111 05a8 1B78     		ldrb	r3, [r3]
 1112 05aa 1800     		movs	r0, r3
 1113 05ac FFF7FEFF 		bl	blinkdot
 300:morse.c       ****         blinkdot(led_flag);
 1114              		.loc 1 300 0
 1115 05b0 FB1D     		adds	r3, r7, #7
 1116 05b2 1B78     		ldrb	r3, [r3]
 1117 05b4 1800     		movs	r0, r3
 1118 05b6 FFF7FEFF 		bl	blinkdot
 301:morse.c       ****         blinkdot(led_flag);
 1119              		.loc 1 301 0
 1120 05ba FB1D     		adds	r3, r7, #7
 1121 05bc 1B78     		ldrb	r3, [r3]
ARM GAS  C:\Users\ryan\AppData\Local\Temp\ccLMIqon.s 			page 26


 1122 05be 1800     		movs	r0, r3
 1123 05c0 FFF7FEFF 		bl	blinkdot
 302:morse.c       ****         char_separate();
 1124              		.loc 1 302 0
 1125 05c4 FFF7FEFF 		bl	char_separate
 303:morse.c       ****         break;
 1126              		.loc 1 303 0
 1127 05c8 80E0     		b	.L15
 1128              	.L31:
 304:morse.c       ****        case '8':
 305:morse.c       ****         blinkdash(led_flag);
 1129              		.loc 1 305 0
 1130 05ca FB1D     		adds	r3, r7, #7
 1131 05cc 1B78     		ldrb	r3, [r3]
 1132 05ce 1800     		movs	r0, r3
 1133 05d0 FFF7FEFF 		bl	blinkdash
 306:morse.c       ****         blinkdash(led_flag);
 1134              		.loc 1 306 0
 1135 05d4 FB1D     		adds	r3, r7, #7
 1136 05d6 1B78     		ldrb	r3, [r3]
 1137 05d8 1800     		movs	r0, r3
 1138 05da FFF7FEFF 		bl	blinkdash
 307:morse.c       ****         blinkdash(led_flag);
 1139              		.loc 1 307 0
 1140 05de FB1D     		adds	r3, r7, #7
 1141 05e0 1B78     		ldrb	r3, [r3]
 1142 05e2 1800     		movs	r0, r3
 1143 05e4 FFF7FEFF 		bl	blinkdash
 308:morse.c       ****         blinkdot(led_flag);
 1144              		.loc 1 308 0
 1145 05e8 FB1D     		adds	r3, r7, #7
 1146 05ea 1B78     		ldrb	r3, [r3]
 1147 05ec 1800     		movs	r0, r3
 1148 05ee FFF7FEFF 		bl	blinkdot
 309:morse.c       ****         blinkdot(led_flag);
 1149              		.loc 1 309 0
 1150 05f2 FB1D     		adds	r3, r7, #7
 1151 05f4 1B78     		ldrb	r3, [r3]
 1152 05f6 1800     		movs	r0, r3
 1153 05f8 FFF7FEFF 		bl	blinkdot
 310:morse.c       ****         char_separate();
 1154              		.loc 1 310 0
 1155 05fc FFF7FEFF 		bl	char_separate
 311:morse.c       ****         break;
 1156              		.loc 1 311 0
 1157 0600 64E0     		b	.L15
 1158              	.L32:
 312:morse.c       ****        case '9':
 313:morse.c       ****         blinkdash(led_flag);
 1159              		.loc 1 313 0
 1160 0602 FB1D     		adds	r3, r7, #7
 1161 0604 1B78     		ldrb	r3, [r3]
 1162 0606 1800     		movs	r0, r3
 1163 0608 FFF7FEFF 		bl	blinkdash
 314:morse.c       ****         blinkdash(led_flag);
 1164              		.loc 1 314 0
 1165 060c FB1D     		adds	r3, r7, #7
ARM GAS  C:\Users\ryan\AppData\Local\Temp\ccLMIqon.s 			page 27


 1166 060e 1B78     		ldrb	r3, [r3]
 1167 0610 1800     		movs	r0, r3
 1168 0612 FFF7FEFF 		bl	blinkdash
 315:morse.c       ****         blinkdash(led_flag);
 1169              		.loc 1 315 0
 1170 0616 FB1D     		adds	r3, r7, #7
 1171 0618 1B78     		ldrb	r3, [r3]
 1172 061a 1800     		movs	r0, r3
 1173 061c FFF7FEFF 		bl	blinkdash
 316:morse.c       ****         blinkdash(led_flag);
 1174              		.loc 1 316 0
 1175 0620 FB1D     		adds	r3, r7, #7
 1176 0622 1B78     		ldrb	r3, [r3]
 1177 0624 1800     		movs	r0, r3
 1178 0626 FFF7FEFF 		bl	blinkdash
 317:morse.c       ****         blinkdot(led_flag);
 1179              		.loc 1 317 0
 1180 062a FB1D     		adds	r3, r7, #7
 1181 062c 1B78     		ldrb	r3, [r3]
 1182 062e 1800     		movs	r0, r3
 1183 0630 FFF7FEFF 		bl	blinkdot
 318:morse.c       ****         char_separate();
 1184              		.loc 1 318 0
 1185 0634 FFF7FEFF 		bl	char_separate
 319:morse.c       ****         break;
 1186              		.loc 1 319 0
 1187 0638 48E0     		b	.L15
 1188              	.L22:
 320:morse.c       ****        case '.':
 321:morse.c       ****         blinkdot(led_flag);
 1189              		.loc 1 321 0
 1190 063a FB1D     		adds	r3, r7, #7
 1191 063c 1B78     		ldrb	r3, [r3]
 1192 063e 1800     		movs	r0, r3
 1193 0640 FFF7FEFF 		bl	blinkdot
 322:morse.c       ****         blinkdash(led_flag);
 1194              		.loc 1 322 0
 1195 0644 FB1D     		adds	r3, r7, #7
 1196 0646 1B78     		ldrb	r3, [r3]
 1197 0648 1800     		movs	r0, r3
 1198 064a FFF7FEFF 		bl	blinkdash
 323:morse.c       ****         blinkdot(led_flag);
 1199              		.loc 1 323 0
 1200 064e FB1D     		adds	r3, r7, #7
 1201 0650 1B78     		ldrb	r3, [r3]
 1202 0652 1800     		movs	r0, r3
 1203 0654 FFF7FEFF 		bl	blinkdot
 324:morse.c       ****         blinkdash(led_flag);
 1204              		.loc 1 324 0
 1205 0658 FB1D     		adds	r3, r7, #7
 1206 065a 1B78     		ldrb	r3, [r3]
 1207 065c 1800     		movs	r0, r3
 1208 065e FFF7FEFF 		bl	blinkdash
 325:morse.c       ****         blinkdot(led_flag);
 1209              		.loc 1 325 0
 1210 0662 FB1D     		adds	r3, r7, #7
 1211 0664 1B78     		ldrb	r3, [r3]
ARM GAS  C:\Users\ryan\AppData\Local\Temp\ccLMIqon.s 			page 28


 1212 0666 1800     		movs	r0, r3
 1213 0668 FFF7FEFF 		bl	blinkdot
 326:morse.c       ****         blinkdash(led_flag);
 1214              		.loc 1 326 0
 1215 066c FB1D     		adds	r3, r7, #7
 1216 066e 1B78     		ldrb	r3, [r3]
 1217 0670 1800     		movs	r0, r3
 1218 0672 FFF7FEFF 		bl	blinkdash
 327:morse.c       ****         char_separate();
 1219              		.loc 1 327 0
 1220 0676 FFF7FEFF 		bl	char_separate
 328:morse.c       ****         break;
 1221              		.loc 1 328 0
 1222 067a 27E0     		b	.L15
 1223              	.L21:
 329:morse.c       ****        case ',':
 330:morse.c       ****         blinkdash(led_flag);
 1224              		.loc 1 330 0
 1225 067c FB1D     		adds	r3, r7, #7
 1226 067e 1B78     		ldrb	r3, [r3]
 1227 0680 1800     		movs	r0, r3
 1228 0682 FFF7FEFF 		bl	blinkdash
 331:morse.c       ****         blinkdash(led_flag);
 1229              		.loc 1 331 0
 1230 0686 FB1D     		adds	r3, r7, #7
 1231 0688 1B78     		ldrb	r3, [r3]
 1232 068a 1800     		movs	r0, r3
 1233 068c FFF7FEFF 		bl	blinkdash
 332:morse.c       ****         blinkdot(led_flag);
 1234              		.loc 1 332 0
 1235 0690 FB1D     		adds	r3, r7, #7
 1236 0692 1B78     		ldrb	r3, [r3]
 1237 0694 1800     		movs	r0, r3
 1238 0696 FFF7FEFF 		bl	blinkdot
 333:morse.c       ****         blinkdot(led_flag);
 1239              		.loc 1 333 0
 1240 069a FB1D     		adds	r3, r7, #7
 1241 069c 1B78     		ldrb	r3, [r3]
 1242 069e 1800     		movs	r0, r3
 1243 06a0 FFF7FEFF 		bl	blinkdot
 334:morse.c       ****         blinkdash(led_flag);
 1244              		.loc 1 334 0
 1245 06a4 FB1D     		adds	r3, r7, #7
 1246 06a6 1B78     		ldrb	r3, [r3]
 1247 06a8 1800     		movs	r0, r3
 1248 06aa FFF7FEFF 		bl	blinkdash
 335:morse.c       ****         blinkdash(led_flag);
 1249              		.loc 1 335 0
 1250 06ae FB1D     		adds	r3, r7, #7
 1251 06b0 1B78     		ldrb	r3, [r3]
 1252 06b2 1800     		movs	r0, r3
 1253 06b4 FFF7FEFF 		bl	blinkdash
 336:morse.c       ****         char_separate();
 1254              		.loc 1 336 0
 1255 06b8 FFF7FEFF 		bl	char_separate
 337:morse.c       ****         break;
 1256              		.loc 1 337 0
ARM GAS  C:\Users\ryan\AppData\Local\Temp\ccLMIqon.s 			page 29


 1257 06bc 06E0     		b	.L15
 1258              	.L20:
 338:morse.c       ****        case ' ':
 339:morse.c       ****         CyDelay(WORD_SEPARATE_TIME);
 1259              		.loc 1 339 0
 1260 06be FA23     		movs	r3, #250
 1261 06c0 9B00     		lsls	r3, r3, #2
 1262 06c2 1800     		movs	r0, r3
 1263 06c4 FFF7FEFF 		bl	CyDelay
 340:morse.c       ****         break;
 1264              		.loc 1 340 0
 1265 06c8 00E0     		b	.L15
 1266              	.L59:
  51:morse.c       ****     }
 1267              		.loc 1 51 0
 1268 06ca C046     		nop
 1269              	.L15:
 341:morse.c       ****        case '\n':
 342:morse.c       ****         break;
 343:morse.c       ****    }
 344:morse.c       **** }
 1270              		.loc 1 344 0
 1271 06cc BD46     		mov	sp, r7
 1272 06ce 02B0     		add	sp, sp, #8
 1273              		@ sp needed
 1274 06d0 80BD     		pop	{r7, pc}
 1275              		.cfi_endproc
 1276              	.LFE35:
 1277              		.size	morse_encode, .-morse_encode
 1278 06d2 C046     		.section	.text.morse_message,"ax",%progbits
 1279              		.align	2
 1280              		.global	morse_message
 1281              		.code	16
 1282              		.thumb_func
 1283              		.type	morse_message, %function
 1284              	morse_message:
 1285              	.LFB36:
 345:morse.c       **** 
 346:morse.c       **** void morse_message(uint8 led_flag, char* message) {
 1286              		.loc 1 346 0
 1287              		.cfi_startproc
 1288              		@ args = 0, pretend = 0, frame = 16
 1289              		@ frame_needed = 1, uses_anonymous_args = 0
 1290 0000 80B5     		push	{r7, lr}
 1291              		.cfi_def_cfa_offset 8
 1292              		.cfi_offset 7, -8
 1293              		.cfi_offset 14, -4
 1294 0002 84B0     		sub	sp, sp, #16
 1295              		.cfi_def_cfa_offset 24
 1296 0004 00AF     		add	r7, sp, #0
 1297              		.cfi_def_cfa_register 7
 1298 0006 0200     		movs	r2, r0
 1299 0008 3960     		str	r1, [r7]
 1300 000a FB1D     		adds	r3, r7, #7
 1301 000c 1A70     		strb	r2, [r3]
 347:morse.c       ****     unsigned int i;
 348:morse.c       ****         
ARM GAS  C:\Users\ryan\AppData\Local\Temp\ccLMIqon.s 			page 30


 349:morse.c       ****     for (i=0; i < strlen(message); i++) {
 1302              		.loc 1 349 0
 1303 000e 0023     		movs	r3, #0
 1304 0010 FB60     		str	r3, [r7, #12]
 1305 0012 11E0     		b	.L63
 1306              	.L66:
 350:morse.c       ****         /* Verify state */
 351:morse.c       ****         if(!verify_state(MORSE)) {
 1307              		.loc 1 351 0
 1308 0014 0120     		movs	r0, #1
 1309 0016 FFF7FEFF 		bl	verify_state
 1310 001a 031E     		subs	r3, r0, #0
 1311 001c 15D0     		beq	.L67
 352:morse.c       ****             return;
 353:morse.c       ****         }
 354:morse.c       ****         morse_encode(led_flag, message[i]);
 1312              		.loc 1 354 0 discriminator 2
 1313 001e 3A68     		ldr	r2, [r7]
 1314 0020 FB68     		ldr	r3, [r7, #12]
 1315 0022 D318     		adds	r3, r2, r3
 1316 0024 1A78     		ldrb	r2, [r3]
 1317 0026 FB1D     		adds	r3, r7, #7
 1318 0028 1B78     		ldrb	r3, [r3]
 1319 002a 1100     		movs	r1, r2
 1320 002c 1800     		movs	r0, r3
 1321 002e FFF7FEFF 		bl	morse_encode
 349:morse.c       ****         /* Verify state */
 1322              		.loc 1 349 0 discriminator 2
 1323 0032 FB68     		ldr	r3, [r7, #12]
 1324 0034 0133     		adds	r3, r3, #1
 1325 0036 FB60     		str	r3, [r7, #12]
 1326              	.L63:
 349:morse.c       ****         /* Verify state */
 1327              		.loc 1 349 0 is_stmt 0 discriminator 1
 1328 0038 3B68     		ldr	r3, [r7]
 1329 003a 1800     		movs	r0, r3
 1330 003c FFF7FEFF 		bl	strlen
 1331 0040 0200     		movs	r2, r0
 1332 0042 FB68     		ldr	r3, [r7, #12]
 1333 0044 9A42     		cmp	r2, r3
 1334 0046 E5D8     		bhi	.L66
 1335 0048 00E0     		b	.L62
 1336              	.L67:
 352:morse.c       ****             return;
 1337              		.loc 1 352 0 is_stmt 1
 1338 004a C046     		nop
 1339              	.L62:
 355:morse.c       ****     }
 356:morse.c       **** }
 1340              		.loc 1 356 0
 1341 004c BD46     		mov	sp, r7
 1342 004e 04B0     		add	sp, sp, #16
 1343              		@ sp needed
 1344 0050 80BD     		pop	{r7, pc}
 1345              		.cfi_endproc
 1346              	.LFE36:
 1347              		.size	morse_message, .-morse_message
ARM GAS  C:\Users\ryan\AppData\Local\Temp\ccLMIqon.s 			page 31


 1348 0052 C046     		.text
 1349              	.Letext0:
 1350              		.file 2 "Generated_Source\\PSoC4/cytypes.h"
 1351              		.section	.debug_info,"",%progbits
 1352              	.Ldebug_info0:
 1353 0000 64010000 		.4byte	0x164
 1354 0004 0400     		.2byte	0x4
 1355 0006 00000000 		.4byte	.Ldebug_abbrev0
 1356 000a 04       		.byte	0x4
 1357 000b 01       		.uleb128 0x1
 1358 000c 42010000 		.4byte	.LASF19
 1359 0010 0C       		.byte	0xc
 1360 0011 E2000000 		.4byte	.LASF20
 1361 0015 52000000 		.4byte	.LASF21
 1362 0019 00000000 		.4byte	.Ldebug_ranges0+0
 1363 001d 00000000 		.4byte	0
 1364 0021 00000000 		.4byte	.Ldebug_line0
 1365 0025 02       		.uleb128 0x2
 1366 0026 01       		.byte	0x1
 1367 0027 06       		.byte	0x6
 1368 0028 1B010000 		.4byte	.LASF0
 1369 002c 02       		.uleb128 0x2
 1370 002d 01       		.byte	0x1
 1371 002e 08       		.byte	0x8
 1372 002f D4000000 		.4byte	.LASF1
 1373 0033 02       		.uleb128 0x2
 1374 0034 02       		.byte	0x2
 1375 0035 05       		.byte	0x5
 1376 0036 38010000 		.4byte	.LASF2
 1377 003a 02       		.uleb128 0x2
 1378 003b 02       		.byte	0x2
 1379 003c 07       		.byte	0x7
 1380 003d 08010000 		.4byte	.LASF3
 1381 0041 02       		.uleb128 0x2
 1382 0042 04       		.byte	0x4
 1383 0043 05       		.byte	0x5
 1384 0044 EA000000 		.4byte	.LASF4
 1385 0048 02       		.uleb128 0x2
 1386 0049 04       		.byte	0x4
 1387 004a 07       		.byte	0x7
 1388 004b 40000000 		.4byte	.LASF5
 1389 004f 02       		.uleb128 0x2
 1390 0050 08       		.byte	0x8
 1391 0051 05       		.byte	0x5
 1392 0052 00000000 		.4byte	.LASF6
 1393 0056 02       		.uleb128 0x2
 1394 0057 08       		.byte	0x8
 1395 0058 07       		.byte	0x7
 1396 0059 97000000 		.4byte	.LASF7
 1397 005d 03       		.uleb128 0x3
 1398 005e 04       		.byte	0x4
 1399 005f 05       		.byte	0x5
 1400 0060 696E7400 		.ascii	"int\000"
 1401 0064 02       		.uleb128 0x2
 1402 0065 04       		.byte	0x4
 1403 0066 07       		.byte	0x7
 1404 0067 18000000 		.4byte	.LASF8
ARM GAS  C:\Users\ryan\AppData\Local\Temp\ccLMIqon.s 			page 32


 1405 006b 04       		.uleb128 0x4
 1406 006c 3A000000 		.4byte	.LASF22
 1407 0070 02       		.byte	0x2
 1408 0071 D201     		.2byte	0x1d2
 1409 0073 2C000000 		.4byte	0x2c
 1410 0077 02       		.uleb128 0x2
 1411 0078 04       		.byte	0x4
 1412 0079 04       		.byte	0x4
 1413 007a B7000000 		.4byte	.LASF9
 1414 007e 02       		.uleb128 0x2
 1415 007f 08       		.byte	0x8
 1416 0080 04       		.byte	0x4
 1417 0081 F3000000 		.4byte	.LASF10
 1418 0085 02       		.uleb128 0x2
 1419 0086 01       		.byte	0x1
 1420 0087 08       		.byte	0x8
 1421 0088 27010000 		.4byte	.LASF11
 1422 008c 02       		.uleb128 0x2
 1423 008d 08       		.byte	0x8
 1424 008e 04       		.byte	0x4
 1425 008f 2C010000 		.4byte	.LASF12
 1426 0093 02       		.uleb128 0x2
 1427 0094 04       		.byte	0x4
 1428 0095 07       		.byte	0x7
 1429 0096 D0010000 		.4byte	.LASF13
 1430 009a 05       		.uleb128 0x5
 1431 009b 04       		.byte	0x4
 1432 009c 85000000 		.4byte	0x85
 1433 00a0 06       		.uleb128 0x6
 1434 00a1 AE000000 		.4byte	.LASF14
 1435 00a5 01       		.byte	0x1
 1436 00a6 12       		.byte	0x12
 1437 00a7 00000000 		.4byte	.LFB32
 1438 00ab 44000000 		.4byte	.LFE32-.LFB32
 1439 00af 01       		.uleb128 0x1
 1440 00b0 9C       		.byte	0x9c
 1441 00b1 C4000000 		.4byte	0xc4
 1442 00b5 07       		.uleb128 0x7
 1443 00b6 CB000000 		.4byte	.LASF16
 1444 00ba 01       		.byte	0x1
 1445 00bb 12       		.byte	0x12
 1446 00bc 6B000000 		.4byte	0x6b
 1447 00c0 02       		.uleb128 0x2
 1448 00c1 91       		.byte	0x91
 1449 00c2 77       		.sleb128 -9
 1450 00c3 00       		.byte	0
 1451 00c4 06       		.uleb128 0x6
 1452 00c5 0E000000 		.4byte	.LASF15
 1453 00c9 01       		.byte	0x1
 1454 00ca 1D       		.byte	0x1d
 1455 00cb 00000000 		.4byte	.LFB33
 1456 00cf 48000000 		.4byte	.LFE33-.LFB33
 1457 00d3 01       		.uleb128 0x1
 1458 00d4 9C       		.byte	0x9c
 1459 00d5 E8000000 		.4byte	0xe8
 1460 00d9 07       		.uleb128 0x7
 1461 00da CB000000 		.4byte	.LASF16
ARM GAS  C:\Users\ryan\AppData\Local\Temp\ccLMIqon.s 			page 33


 1462 00de 01       		.byte	0x1
 1463 00df 1D       		.byte	0x1d
 1464 00e0 6B000000 		.4byte	0x6b
 1465 00e4 02       		.uleb128 0x2
 1466 00e5 91       		.byte	0x91
 1467 00e6 77       		.sleb128 -9
 1468 00e7 00       		.byte	0
 1469 00e8 08       		.uleb128 0x8
 1470 00e9 BD000000 		.4byte	.LASF23
 1471 00ed 01       		.byte	0x1
 1472 00ee 28       		.byte	0x28
 1473 00ef 00000000 		.4byte	.LFB34
 1474 00f3 20000000 		.4byte	.LFE34-.LFB34
 1475 00f7 01       		.uleb128 0x1
 1476 00f8 9C       		.byte	0x9c
 1477 00f9 06       		.uleb128 0x6
 1478 00fa 2D000000 		.4byte	.LASF17
 1479 00fe 01       		.byte	0x1
 1480 00ff 30       		.byte	0x30
 1481 0100 00000000 		.4byte	.LFB35
 1482 0104 D2060000 		.4byte	.LFE35-.LFB35
 1483 0108 01       		.uleb128 0x1
 1484 0109 9C       		.byte	0x9c
 1485 010a 29010000 		.4byte	0x129
 1486 010e 07       		.uleb128 0x7
 1487 010f CB000000 		.4byte	.LASF16
 1488 0113 01       		.byte	0x1
 1489 0114 30       		.byte	0x30
 1490 0115 6B000000 		.4byte	0x6b
 1491 0119 02       		.uleb128 0x2
 1492 011a 91       		.byte	0x91
 1493 011b 77       		.sleb128 -9
 1494 011c 09       		.uleb128 0x9
 1495 011d 6300     		.ascii	"c\000"
 1496 011f 01       		.byte	0x1
 1497 0120 30       		.byte	0x30
 1498 0121 85000000 		.4byte	0x85
 1499 0125 02       		.uleb128 0x2
 1500 0126 91       		.byte	0x91
 1501 0127 76       		.sleb128 -10
 1502 0128 00       		.byte	0
 1503 0129 0A       		.uleb128 0xa
 1504 012a FA000000 		.4byte	.LASF24
 1505 012e 01       		.byte	0x1
 1506 012f 5A01     		.2byte	0x15a
 1507 0131 00000000 		.4byte	.LFB36
 1508 0135 52000000 		.4byte	.LFE36-.LFB36
 1509 0139 01       		.uleb128 0x1
 1510 013a 9C       		.byte	0x9c
 1511 013b 0B       		.uleb128 0xb
 1512 013c CB000000 		.4byte	.LASF16
 1513 0140 01       		.byte	0x1
 1514 0141 5A01     		.2byte	0x15a
 1515 0143 6B000000 		.4byte	0x6b
 1516 0147 02       		.uleb128 0x2
 1517 0148 91       		.byte	0x91
 1518 0149 6F       		.sleb128 -17
ARM GAS  C:\Users\ryan\AppData\Local\Temp\ccLMIqon.s 			page 34


 1519 014a 0B       		.uleb128 0xb
 1520 014b 25000000 		.4byte	.LASF18
 1521 014f 01       		.byte	0x1
 1522 0150 5A01     		.2byte	0x15a
 1523 0152 9A000000 		.4byte	0x9a
 1524 0156 02       		.uleb128 0x2
 1525 0157 91       		.byte	0x91
 1526 0158 68       		.sleb128 -24
 1527 0159 0C       		.uleb128 0xc
 1528 015a 6900     		.ascii	"i\000"
 1529 015c 01       		.byte	0x1
 1530 015d 5B01     		.2byte	0x15b
 1531 015f 64000000 		.4byte	0x64
 1532 0163 02       		.uleb128 0x2
 1533 0164 91       		.byte	0x91
 1534 0165 74       		.sleb128 -12
 1535 0166 00       		.byte	0
 1536 0167 00       		.byte	0
 1537              		.section	.debug_abbrev,"",%progbits
 1538              	.Ldebug_abbrev0:
 1539 0000 01       		.uleb128 0x1
 1540 0001 11       		.uleb128 0x11
 1541 0002 01       		.byte	0x1
 1542 0003 25       		.uleb128 0x25
 1543 0004 0E       		.uleb128 0xe
 1544 0005 13       		.uleb128 0x13
 1545 0006 0B       		.uleb128 0xb
 1546 0007 03       		.uleb128 0x3
 1547 0008 0E       		.uleb128 0xe
 1548 0009 1B       		.uleb128 0x1b
 1549 000a 0E       		.uleb128 0xe
 1550 000b 55       		.uleb128 0x55
 1551 000c 17       		.uleb128 0x17
 1552 000d 11       		.uleb128 0x11
 1553 000e 01       		.uleb128 0x1
 1554 000f 10       		.uleb128 0x10
 1555 0010 17       		.uleb128 0x17
 1556 0011 00       		.byte	0
 1557 0012 00       		.byte	0
 1558 0013 02       		.uleb128 0x2
 1559 0014 24       		.uleb128 0x24
 1560 0015 00       		.byte	0
 1561 0016 0B       		.uleb128 0xb
 1562 0017 0B       		.uleb128 0xb
 1563 0018 3E       		.uleb128 0x3e
 1564 0019 0B       		.uleb128 0xb
 1565 001a 03       		.uleb128 0x3
 1566 001b 0E       		.uleb128 0xe
 1567 001c 00       		.byte	0
 1568 001d 00       		.byte	0
 1569 001e 03       		.uleb128 0x3
 1570 001f 24       		.uleb128 0x24
 1571 0020 00       		.byte	0
 1572 0021 0B       		.uleb128 0xb
 1573 0022 0B       		.uleb128 0xb
 1574 0023 3E       		.uleb128 0x3e
 1575 0024 0B       		.uleb128 0xb
ARM GAS  C:\Users\ryan\AppData\Local\Temp\ccLMIqon.s 			page 35


 1576 0025 03       		.uleb128 0x3
 1577 0026 08       		.uleb128 0x8
 1578 0027 00       		.byte	0
 1579 0028 00       		.byte	0
 1580 0029 04       		.uleb128 0x4
 1581 002a 16       		.uleb128 0x16
 1582 002b 00       		.byte	0
 1583 002c 03       		.uleb128 0x3
 1584 002d 0E       		.uleb128 0xe
 1585 002e 3A       		.uleb128 0x3a
 1586 002f 0B       		.uleb128 0xb
 1587 0030 3B       		.uleb128 0x3b
 1588 0031 05       		.uleb128 0x5
 1589 0032 49       		.uleb128 0x49
 1590 0033 13       		.uleb128 0x13
 1591 0034 00       		.byte	0
 1592 0035 00       		.byte	0
 1593 0036 05       		.uleb128 0x5
 1594 0037 0F       		.uleb128 0xf
 1595 0038 00       		.byte	0
 1596 0039 0B       		.uleb128 0xb
 1597 003a 0B       		.uleb128 0xb
 1598 003b 49       		.uleb128 0x49
 1599 003c 13       		.uleb128 0x13
 1600 003d 00       		.byte	0
 1601 003e 00       		.byte	0
 1602 003f 06       		.uleb128 0x6
 1603 0040 2E       		.uleb128 0x2e
 1604 0041 01       		.byte	0x1
 1605 0042 3F       		.uleb128 0x3f
 1606 0043 19       		.uleb128 0x19
 1607 0044 03       		.uleb128 0x3
 1608 0045 0E       		.uleb128 0xe
 1609 0046 3A       		.uleb128 0x3a
 1610 0047 0B       		.uleb128 0xb
 1611 0048 3B       		.uleb128 0x3b
 1612 0049 0B       		.uleb128 0xb
 1613 004a 27       		.uleb128 0x27
 1614 004b 19       		.uleb128 0x19
 1615 004c 11       		.uleb128 0x11
 1616 004d 01       		.uleb128 0x1
 1617 004e 12       		.uleb128 0x12
 1618 004f 06       		.uleb128 0x6
 1619 0050 40       		.uleb128 0x40
 1620 0051 18       		.uleb128 0x18
 1621 0052 9642     		.uleb128 0x2116
 1622 0054 19       		.uleb128 0x19
 1623 0055 01       		.uleb128 0x1
 1624 0056 13       		.uleb128 0x13
 1625 0057 00       		.byte	0
 1626 0058 00       		.byte	0
 1627 0059 07       		.uleb128 0x7
 1628 005a 05       		.uleb128 0x5
 1629 005b 00       		.byte	0
 1630 005c 03       		.uleb128 0x3
 1631 005d 0E       		.uleb128 0xe
 1632 005e 3A       		.uleb128 0x3a
ARM GAS  C:\Users\ryan\AppData\Local\Temp\ccLMIqon.s 			page 36


 1633 005f 0B       		.uleb128 0xb
 1634 0060 3B       		.uleb128 0x3b
 1635 0061 0B       		.uleb128 0xb
 1636 0062 49       		.uleb128 0x49
 1637 0063 13       		.uleb128 0x13
 1638 0064 02       		.uleb128 0x2
 1639 0065 18       		.uleb128 0x18
 1640 0066 00       		.byte	0
 1641 0067 00       		.byte	0
 1642 0068 08       		.uleb128 0x8
 1643 0069 2E       		.uleb128 0x2e
 1644 006a 00       		.byte	0
 1645 006b 3F       		.uleb128 0x3f
 1646 006c 19       		.uleb128 0x19
 1647 006d 03       		.uleb128 0x3
 1648 006e 0E       		.uleb128 0xe
 1649 006f 3A       		.uleb128 0x3a
 1650 0070 0B       		.uleb128 0xb
 1651 0071 3B       		.uleb128 0x3b
 1652 0072 0B       		.uleb128 0xb
 1653 0073 27       		.uleb128 0x27
 1654 0074 19       		.uleb128 0x19
 1655 0075 11       		.uleb128 0x11
 1656 0076 01       		.uleb128 0x1
 1657 0077 12       		.uleb128 0x12
 1658 0078 06       		.uleb128 0x6
 1659 0079 40       		.uleb128 0x40
 1660 007a 18       		.uleb128 0x18
 1661 007b 9642     		.uleb128 0x2116
 1662 007d 19       		.uleb128 0x19
 1663 007e 00       		.byte	0
 1664 007f 00       		.byte	0
 1665 0080 09       		.uleb128 0x9
 1666 0081 05       		.uleb128 0x5
 1667 0082 00       		.byte	0
 1668 0083 03       		.uleb128 0x3
 1669 0084 08       		.uleb128 0x8
 1670 0085 3A       		.uleb128 0x3a
 1671 0086 0B       		.uleb128 0xb
 1672 0087 3B       		.uleb128 0x3b
 1673 0088 0B       		.uleb128 0xb
 1674 0089 49       		.uleb128 0x49
 1675 008a 13       		.uleb128 0x13
 1676 008b 02       		.uleb128 0x2
 1677 008c 18       		.uleb128 0x18
 1678 008d 00       		.byte	0
 1679 008e 00       		.byte	0
 1680 008f 0A       		.uleb128 0xa
 1681 0090 2E       		.uleb128 0x2e
 1682 0091 01       		.byte	0x1
 1683 0092 3F       		.uleb128 0x3f
 1684 0093 19       		.uleb128 0x19
 1685 0094 03       		.uleb128 0x3
 1686 0095 0E       		.uleb128 0xe
 1687 0096 3A       		.uleb128 0x3a
 1688 0097 0B       		.uleb128 0xb
 1689 0098 3B       		.uleb128 0x3b
ARM GAS  C:\Users\ryan\AppData\Local\Temp\ccLMIqon.s 			page 37


 1690 0099 05       		.uleb128 0x5
 1691 009a 27       		.uleb128 0x27
 1692 009b 19       		.uleb128 0x19
 1693 009c 11       		.uleb128 0x11
 1694 009d 01       		.uleb128 0x1
 1695 009e 12       		.uleb128 0x12
 1696 009f 06       		.uleb128 0x6
 1697 00a0 40       		.uleb128 0x40
 1698 00a1 18       		.uleb128 0x18
 1699 00a2 9642     		.uleb128 0x2116
 1700 00a4 19       		.uleb128 0x19
 1701 00a5 00       		.byte	0
 1702 00a6 00       		.byte	0
 1703 00a7 0B       		.uleb128 0xb
 1704 00a8 05       		.uleb128 0x5
 1705 00a9 00       		.byte	0
 1706 00aa 03       		.uleb128 0x3
 1707 00ab 0E       		.uleb128 0xe
 1708 00ac 3A       		.uleb128 0x3a
 1709 00ad 0B       		.uleb128 0xb
 1710 00ae 3B       		.uleb128 0x3b
 1711 00af 05       		.uleb128 0x5
 1712 00b0 49       		.uleb128 0x49
 1713 00b1 13       		.uleb128 0x13
 1714 00b2 02       		.uleb128 0x2
 1715 00b3 18       		.uleb128 0x18
 1716 00b4 00       		.byte	0
 1717 00b5 00       		.byte	0
 1718 00b6 0C       		.uleb128 0xc
 1719 00b7 34       		.uleb128 0x34
 1720 00b8 00       		.byte	0
 1721 00b9 03       		.uleb128 0x3
 1722 00ba 08       		.uleb128 0x8
 1723 00bb 3A       		.uleb128 0x3a
 1724 00bc 0B       		.uleb128 0xb
 1725 00bd 3B       		.uleb128 0x3b
 1726 00be 05       		.uleb128 0x5
 1727 00bf 49       		.uleb128 0x49
 1728 00c0 13       		.uleb128 0x13
 1729 00c1 02       		.uleb128 0x2
 1730 00c2 18       		.uleb128 0x18
 1731 00c3 00       		.byte	0
 1732 00c4 00       		.byte	0
 1733 00c5 00       		.byte	0
 1734              		.section	.debug_aranges,"",%progbits
 1735 0000 3C000000 		.4byte	0x3c
 1736 0004 0200     		.2byte	0x2
 1737 0006 00000000 		.4byte	.Ldebug_info0
 1738 000a 04       		.byte	0x4
 1739 000b 00       		.byte	0
 1740 000c 0000     		.2byte	0
 1741 000e 0000     		.2byte	0
 1742 0010 00000000 		.4byte	.LFB32
 1743 0014 44000000 		.4byte	.LFE32-.LFB32
 1744 0018 00000000 		.4byte	.LFB33
 1745 001c 48000000 		.4byte	.LFE33-.LFB33
 1746 0020 00000000 		.4byte	.LFB34
ARM GAS  C:\Users\ryan\AppData\Local\Temp\ccLMIqon.s 			page 38


 1747 0024 20000000 		.4byte	.LFE34-.LFB34
 1748 0028 00000000 		.4byte	.LFB35
 1749 002c D2060000 		.4byte	.LFE35-.LFB35
 1750 0030 00000000 		.4byte	.LFB36
 1751 0034 52000000 		.4byte	.LFE36-.LFB36
 1752 0038 00000000 		.4byte	0
 1753 003c 00000000 		.4byte	0
 1754              		.section	.debug_ranges,"",%progbits
 1755              	.Ldebug_ranges0:
 1756 0000 00000000 		.4byte	.LFB32
 1757 0004 44000000 		.4byte	.LFE32
 1758 0008 00000000 		.4byte	.LFB33
 1759 000c 48000000 		.4byte	.LFE33
 1760 0010 00000000 		.4byte	.LFB34
 1761 0014 20000000 		.4byte	.LFE34
 1762 0018 00000000 		.4byte	.LFB35
 1763 001c D2060000 		.4byte	.LFE35
 1764 0020 00000000 		.4byte	.LFB36
 1765 0024 52000000 		.4byte	.LFE36
 1766 0028 00000000 		.4byte	0
 1767 002c 00000000 		.4byte	0
 1768              		.section	.debug_line,"",%progbits
 1769              	.Ldebug_line0:
 1770 0000 A3010000 		.section	.debug_str,"MS",%progbits,1
 1770      02004200 
 1770      00000201 
 1770      FB0E0D00 
 1770      01010101 
 1771              	.LASF6:
 1772 0000 6C6F6E67 		.ascii	"long long int\000"
 1772      206C6F6E 
 1772      6720696E 
 1772      7400
 1773              	.LASF15:
 1774 000e 626C696E 		.ascii	"blinkdash\000"
 1774      6B646173 
 1774      6800
 1775              	.LASF8:
 1776 0018 756E7369 		.ascii	"unsigned int\000"
 1776      676E6564 
 1776      20696E74 
 1776      00
 1777              	.LASF18:
 1778 0025 6D657373 		.ascii	"message\000"
 1778      61676500 
 1779              	.LASF17:
 1780 002d 6D6F7273 		.ascii	"morse_encode\000"
 1780      655F656E 
 1780      636F6465 
 1780      00
 1781              	.LASF22:
 1782 003a 75696E74 		.ascii	"uint8\000"
 1782      3800
 1783              	.LASF5:
 1784 0040 6C6F6E67 		.ascii	"long unsigned int\000"
 1784      20756E73 
 1784      69676E65 
ARM GAS  C:\Users\ryan\AppData\Local\Temp\ccLMIqon.s 			page 39


 1784      6420696E 
 1784      7400
 1785              	.LASF21:
 1786 0052 433A5C55 		.ascii	"C:\\Users\\ryan\\Documents\\PSoC Creator\\Defcon_Ba"
 1786      73657273 
 1786      5C727961 
 1786      6E5C446F 
 1786      63756D65 
 1787 0080 6467655C 		.ascii	"dge\\Defcon_Badge.cydsn\000"
 1787      44656663 
 1787      6F6E5F42 
 1787      61646765 
 1787      2E637964 
 1788              	.LASF7:
 1789 0097 6C6F6E67 		.ascii	"long long unsigned int\000"
 1789      206C6F6E 
 1789      6720756E 
 1789      7369676E 
 1789      65642069 
 1790              	.LASF14:
 1791 00ae 626C696E 		.ascii	"blinkdot\000"
 1791      6B646F74 
 1791      00
 1792              	.LASF9:
 1793 00b7 666C6F61 		.ascii	"float\000"
 1793      7400
 1794              	.LASF23:
 1795 00bd 63686172 		.ascii	"char_separate\000"
 1795      5F736570 
 1795      61726174 
 1795      6500
 1796              	.LASF16:
 1797 00cb 6C65645F 		.ascii	"led_flag\000"
 1797      666C6167 
 1797      00
 1798              	.LASF1:
 1799 00d4 756E7369 		.ascii	"unsigned char\000"
 1799      676E6564 
 1799      20636861 
 1799      7200
 1800              	.LASF20:
 1801 00e2 6D6F7273 		.ascii	"morse.c\000"
 1801      652E6300 
 1802              	.LASF4:
 1803 00ea 6C6F6E67 		.ascii	"long int\000"
 1803      20696E74 
 1803      00
 1804              	.LASF10:
 1805 00f3 646F7562 		.ascii	"double\000"
 1805      6C6500
 1806              	.LASF24:
 1807 00fa 6D6F7273 		.ascii	"morse_message\000"
 1807      655F6D65 
 1807      73736167 
 1807      6500
 1808              	.LASF3:
 1809 0108 73686F72 		.ascii	"short unsigned int\000"
ARM GAS  C:\Users\ryan\AppData\Local\Temp\ccLMIqon.s 			page 40


 1809      7420756E 
 1809      7369676E 
 1809      65642069 
 1809      6E7400
 1810              	.LASF0:
 1811 011b 7369676E 		.ascii	"signed char\000"
 1811      65642063 
 1811      68617200 
 1812              	.LASF11:
 1813 0127 63686172 		.ascii	"char\000"
 1813      00
 1814              	.LASF12:
 1815 012c 6C6F6E67 		.ascii	"long double\000"
 1815      20646F75 
 1815      626C6500 
 1816              	.LASF2:
 1817 0138 73686F72 		.ascii	"short int\000"
 1817      7420696E 
 1817      7400
 1818              	.LASF19:
 1819 0142 474E5520 		.ascii	"GNU C11 5.4.1 20160609 (release) [ARM/embedded-5-br"
 1819      43313120 
 1819      352E342E 
 1819      31203230 
 1819      31363036 
 1820 0175 616E6368 		.ascii	"anch revision 237715] -mcpu=cortex-m0 -mthumb -g -O"
 1820      20726576 
 1820      6973696F 
 1820      6E203233 
 1820      37373135 
 1821 01a8 30202D66 		.ascii	"0 -ffunction-sections -ffat-lto-objects\000"
 1821      66756E63 
 1821      74696F6E 
 1821      2D736563 
 1821      74696F6E 
 1822              	.LASF13:
 1823 01d0 73697A65 		.ascii	"sizetype\000"
 1823      74797065 
 1823      00
 1824              		.ident	"GCC: (GNU Tools for ARM Embedded Processors) 5.4.1 20160609 (release) [ARM/embedded-5-bran
