ARM GAS  C:\Users\ryan\AppData\Local\Temp\ccxSKklo.s 			page 1


   1              		.syntax unified
   2              		.cpu cortex-m0
   3              		.fpu softvfp
   4              		.eabi_attribute 20, 1
   5              		.eabi_attribute 21, 1
   6              		.eabi_attribute 23, 3
   7              		.eabi_attribute 24, 1
   8              		.eabi_attribute 25, 1
   9              		.eabi_attribute 26, 1
  10              		.eabi_attribute 30, 6
  11              		.eabi_attribute 34, 0
  12              		.eabi_attribute 18, 4
  13              		.thumb
  14              		.syntax unified
  15              		.file	"state.c"
  16              		.text
  17              	.Ltext0:
  18              		.cfi_sections	.debug_frame
  19              		.global	badge_state
  20              		.bss
  21              		.type	badge_state, %object
  22              		.size	badge_state, 1
  23              	badge_state:
  24 0000 00       		.space	1
  25              		.section	.text.verify_state,"ax",%progbits
  26              		.align	2
  27              		.global	verify_state
  28              		.code	16
  29              		.thumb_func
  30              		.type	verify_state, %function
  31              	verify_state:
  32              	.LFB33:
  33              		.file 1 "state.c"
   1:state.c       **** /* ========================================
   2:state.c       ****  *
   3:state.c       ****  * Red Badge source code. The volunteer badge
   4:state.c       ****  * is used to send encoded morse code message.
   5:state.c       ****  *
   6:state.c       ****  * Author(s): Ryan Grandgenett <rmgrandgenett@unomaha.edu>
   7:state.c       ****  *
   8:state.c       ****  * Eye Color: Red
   9:state.c       ****  *
  10:state.c       ****  * Copyright Nullify, 2016
  11:state.c       ****  * All Rights Reserved
  12:state.c       ****  * UNPUBLISHED, LICENSED SOFTWARE.
  13:state.c       ****  *
  14:state.c       ****  * CONFIDENTIAL AND PROPRIETARY INFORMATION
  15:state.c       ****  * WHICH IS THE PROPERTY OF NULLIY.
  16:state.c       ****  *
  17:state.c       ****  * ========================================
  18:state.c       **** */
  19:state.c       **** #include <project.h>
  20:state.c       **** #include <string.h>
  21:state.c       **** #include <stdio.h>
  22:state.c       **** #include "state.h"
  23:state.c       **** 
  24:state.c       **** /* Global variable used to keep track of badge state */
ARM GAS  C:\Users\ryan\AppData\Local\Temp\ccxSKklo.s 			page 2


  25:state.c       **** 
  26:state.c       **** volatile uint8 badge_state = 0;
  27:state.c       **** 
  28:state.c       **** uint8 verify_state(uint8 state) {
  34              		.loc 1 28 0
  35              		.cfi_startproc
  36              		@ args = 0, pretend = 0, frame = 8
  37              		@ frame_needed = 1, uses_anonymous_args = 0
  38 0000 80B5     		push	{r7, lr}
  39              		.cfi_def_cfa_offset 8
  40              		.cfi_offset 7, -8
  41              		.cfi_offset 14, -4
  42 0002 82B0     		sub	sp, sp, #8
  43              		.cfi_def_cfa_offset 16
  44 0004 00AF     		add	r7, sp, #0
  45              		.cfi_def_cfa_register 7
  46 0006 0200     		movs	r2, r0
  47 0008 FB1D     		adds	r3, r7, #7
  48 000a 1A70     		strb	r2, [r3]
  29:state.c       ****     if (badge_state == state) {
  49              		.loc 1 29 0
  50 000c 064B     		ldr	r3, .L4
  51 000e 1B78     		ldrb	r3, [r3]
  52 0010 DBB2     		uxtb	r3, r3
  53 0012 FA1D     		adds	r2, r7, #7
  54 0014 1278     		ldrb	r2, [r2]
  55 0016 9A42     		cmp	r2, r3
  56 0018 01D1     		bne	.L2
  30:state.c       ****         return 1;   
  57              		.loc 1 30 0
  58 001a 0123     		movs	r3, #1
  59 001c 00E0     		b	.L3
  60              	.L2:
  31:state.c       ****     }
  32:state.c       ****     else {
  33:state.c       ****         return 0;
  61              		.loc 1 33 0
  62 001e 0023     		movs	r3, #0
  63              	.L3:
  34:state.c       ****     }
  35:state.c       **** }
  64              		.loc 1 35 0
  65 0020 1800     		movs	r0, r3
  66 0022 BD46     		mov	sp, r7
  67 0024 02B0     		add	sp, sp, #8
  68              		@ sp needed
  69 0026 80BD     		pop	{r7, pc}
  70              	.L5:
  71              		.align	2
  72              	.L4:
  73 0028 00000000 		.word	badge_state
  74              		.cfi_endproc
  75              	.LFE33:
  76              		.size	verify_state, .-verify_state
  77              		.text
  78              	.Letext0:
  79              		.file 2 "Generated_Source\\PSoC4/cytypes.h"
ARM GAS  C:\Users\ryan\AppData\Local\Temp\ccxSKklo.s 			page 3


  80              		.section	.debug_info,"",%progbits
  81              	.Ldebug_info0:
  82 0000 D5000000 		.4byte	0xd5
  83 0004 0400     		.2byte	0x4
  84 0006 00000000 		.4byte	.Ldebug_abbrev0
  85 000a 04       		.byte	0x4
  86 000b 01       		.uleb128 0x1
  87 000c 14010000 		.4byte	.LASF14
  88 0010 0C       		.byte	0xc
  89 0011 D1000000 		.4byte	.LASF15
  90 0015 4C000000 		.4byte	.LASF16
  91 0019 00000000 		.4byte	.Ldebug_ranges0+0
  92 001d 00000000 		.4byte	0
  93 0021 00000000 		.4byte	.Ldebug_line0
  94 0025 02       		.uleb128 0x2
  95 0026 01       		.byte	0x1
  96 0027 06       		.byte	0x6
  97 0028 EC000000 		.4byte	.LASF0
  98 002c 02       		.uleb128 0x2
  99 002d 01       		.byte	0x1
 100 002e 08       		.byte	0x8
 101 002f AE000000 		.4byte	.LASF1
 102 0033 02       		.uleb128 0x2
 103 0034 02       		.byte	0x2
 104 0035 05       		.byte	0x5
 105 0036 0A010000 		.4byte	.LASF2
 106 003a 02       		.uleb128 0x2
 107 003b 02       		.byte	0x2
 108 003c 07       		.byte	0x7
 109 003d D9000000 		.4byte	.LASF3
 110 0041 02       		.uleb128 0x2
 111 0042 04       		.byte	0x4
 112 0043 05       		.byte	0x5
 113 0044 C1000000 		.4byte	.LASF4
 114 0048 02       		.uleb128 0x2
 115 0049 04       		.byte	0x4
 116 004a 07       		.byte	0x7
 117 004b 3A000000 		.4byte	.LASF5
 118 004f 02       		.uleb128 0x2
 119 0050 08       		.byte	0x8
 120 0051 05       		.byte	0x5
 121 0052 00000000 		.4byte	.LASF6
 122 0056 02       		.uleb128 0x2
 123 0057 08       		.byte	0x8
 124 0058 07       		.byte	0x7
 125 0059 91000000 		.4byte	.LASF7
 126 005d 03       		.uleb128 0x3
 127 005e 04       		.byte	0x4
 128 005f 05       		.byte	0x5
 129 0060 696E7400 		.ascii	"int\000"
 130 0064 02       		.uleb128 0x2
 131 0065 04       		.byte	0x4
 132 0066 07       		.byte	0x7
 133 0067 1B000000 		.4byte	.LASF8
 134 006b 04       		.uleb128 0x4
 135 006c 34000000 		.4byte	.LASF17
 136 0070 02       		.byte	0x2
ARM GAS  C:\Users\ryan\AppData\Local\Temp\ccxSKklo.s 			page 4


 137 0071 D201     		.2byte	0x1d2
 138 0073 2C000000 		.4byte	0x2c
 139 0077 02       		.uleb128 0x2
 140 0078 04       		.byte	0x4
 141 0079 04       		.byte	0x4
 142 007a A8000000 		.4byte	.LASF9
 143 007e 02       		.uleb128 0x2
 144 007f 08       		.byte	0x8
 145 0080 04       		.byte	0x4
 146 0081 CA000000 		.4byte	.LASF10
 147 0085 02       		.uleb128 0x2
 148 0086 01       		.byte	0x1
 149 0087 08       		.byte	0x8
 150 0088 BC000000 		.4byte	.LASF11
 151 008c 05       		.uleb128 0x5
 152 008d 6B000000 		.4byte	0x6b
 153 0091 02       		.uleb128 0x2
 154 0092 08       		.byte	0x8
 155 0093 04       		.byte	0x4
 156 0094 FE000000 		.4byte	.LASF12
 157 0098 02       		.uleb128 0x2
 158 0099 04       		.byte	0x4
 159 009a 07       		.byte	0x7
 160 009b A2010000 		.4byte	.LASF13
 161 009f 06       		.uleb128 0x6
 162 00a0 0E000000 		.4byte	.LASF18
 163 00a4 01       		.byte	0x1
 164 00a5 1C       		.byte	0x1c
 165 00a6 6B000000 		.4byte	0x6b
 166 00aa 00000000 		.4byte	.LFB33
 167 00ae 2C000000 		.4byte	.LFE33-.LFB33
 168 00b2 01       		.uleb128 0x1
 169 00b3 9C       		.byte	0x9c
 170 00b4 C7000000 		.4byte	0xc7
 171 00b8 07       		.uleb128 0x7
 172 00b9 F8000000 		.4byte	.LASF19
 173 00bd 01       		.byte	0x1
 174 00be 1C       		.byte	0x1c
 175 00bf 6B000000 		.4byte	0x6b
 176 00c3 02       		.uleb128 0x2
 177 00c4 91       		.byte	0x91
 178 00c5 77       		.sleb128 -9
 179 00c6 00       		.byte	0
 180 00c7 08       		.uleb128 0x8
 181 00c8 28000000 		.4byte	.LASF20
 182 00cc 01       		.byte	0x1
 183 00cd 1A       		.byte	0x1a
 184 00ce 8C000000 		.4byte	0x8c
 185 00d2 05       		.uleb128 0x5
 186 00d3 03       		.byte	0x3
 187 00d4 00000000 		.4byte	badge_state
 188 00d8 00       		.byte	0
 189              		.section	.debug_abbrev,"",%progbits
 190              	.Ldebug_abbrev0:
 191 0000 01       		.uleb128 0x1
 192 0001 11       		.uleb128 0x11
 193 0002 01       		.byte	0x1
ARM GAS  C:\Users\ryan\AppData\Local\Temp\ccxSKklo.s 			page 5


 194 0003 25       		.uleb128 0x25
 195 0004 0E       		.uleb128 0xe
 196 0005 13       		.uleb128 0x13
 197 0006 0B       		.uleb128 0xb
 198 0007 03       		.uleb128 0x3
 199 0008 0E       		.uleb128 0xe
 200 0009 1B       		.uleb128 0x1b
 201 000a 0E       		.uleb128 0xe
 202 000b 55       		.uleb128 0x55
 203 000c 17       		.uleb128 0x17
 204 000d 11       		.uleb128 0x11
 205 000e 01       		.uleb128 0x1
 206 000f 10       		.uleb128 0x10
 207 0010 17       		.uleb128 0x17
 208 0011 00       		.byte	0
 209 0012 00       		.byte	0
 210 0013 02       		.uleb128 0x2
 211 0014 24       		.uleb128 0x24
 212 0015 00       		.byte	0
 213 0016 0B       		.uleb128 0xb
 214 0017 0B       		.uleb128 0xb
 215 0018 3E       		.uleb128 0x3e
 216 0019 0B       		.uleb128 0xb
 217 001a 03       		.uleb128 0x3
 218 001b 0E       		.uleb128 0xe
 219 001c 00       		.byte	0
 220 001d 00       		.byte	0
 221 001e 03       		.uleb128 0x3
 222 001f 24       		.uleb128 0x24
 223 0020 00       		.byte	0
 224 0021 0B       		.uleb128 0xb
 225 0022 0B       		.uleb128 0xb
 226 0023 3E       		.uleb128 0x3e
 227 0024 0B       		.uleb128 0xb
 228 0025 03       		.uleb128 0x3
 229 0026 08       		.uleb128 0x8
 230 0027 00       		.byte	0
 231 0028 00       		.byte	0
 232 0029 04       		.uleb128 0x4
 233 002a 16       		.uleb128 0x16
 234 002b 00       		.byte	0
 235 002c 03       		.uleb128 0x3
 236 002d 0E       		.uleb128 0xe
 237 002e 3A       		.uleb128 0x3a
 238 002f 0B       		.uleb128 0xb
 239 0030 3B       		.uleb128 0x3b
 240 0031 05       		.uleb128 0x5
 241 0032 49       		.uleb128 0x49
 242 0033 13       		.uleb128 0x13
 243 0034 00       		.byte	0
 244 0035 00       		.byte	0
 245 0036 05       		.uleb128 0x5
 246 0037 35       		.uleb128 0x35
 247 0038 00       		.byte	0
 248 0039 49       		.uleb128 0x49
 249 003a 13       		.uleb128 0x13
 250 003b 00       		.byte	0
ARM GAS  C:\Users\ryan\AppData\Local\Temp\ccxSKklo.s 			page 6


 251 003c 00       		.byte	0
 252 003d 06       		.uleb128 0x6
 253 003e 2E       		.uleb128 0x2e
 254 003f 01       		.byte	0x1
 255 0040 3F       		.uleb128 0x3f
 256 0041 19       		.uleb128 0x19
 257 0042 03       		.uleb128 0x3
 258 0043 0E       		.uleb128 0xe
 259 0044 3A       		.uleb128 0x3a
 260 0045 0B       		.uleb128 0xb
 261 0046 3B       		.uleb128 0x3b
 262 0047 0B       		.uleb128 0xb
 263 0048 27       		.uleb128 0x27
 264 0049 19       		.uleb128 0x19
 265 004a 49       		.uleb128 0x49
 266 004b 13       		.uleb128 0x13
 267 004c 11       		.uleb128 0x11
 268 004d 01       		.uleb128 0x1
 269 004e 12       		.uleb128 0x12
 270 004f 06       		.uleb128 0x6
 271 0050 40       		.uleb128 0x40
 272 0051 18       		.uleb128 0x18
 273 0052 9742     		.uleb128 0x2117
 274 0054 19       		.uleb128 0x19
 275 0055 01       		.uleb128 0x1
 276 0056 13       		.uleb128 0x13
 277 0057 00       		.byte	0
 278 0058 00       		.byte	0
 279 0059 07       		.uleb128 0x7
 280 005a 05       		.uleb128 0x5
 281 005b 00       		.byte	0
 282 005c 03       		.uleb128 0x3
 283 005d 0E       		.uleb128 0xe
 284 005e 3A       		.uleb128 0x3a
 285 005f 0B       		.uleb128 0xb
 286 0060 3B       		.uleb128 0x3b
 287 0061 0B       		.uleb128 0xb
 288 0062 49       		.uleb128 0x49
 289 0063 13       		.uleb128 0x13
 290 0064 02       		.uleb128 0x2
 291 0065 18       		.uleb128 0x18
 292 0066 00       		.byte	0
 293 0067 00       		.byte	0
 294 0068 08       		.uleb128 0x8
 295 0069 34       		.uleb128 0x34
 296 006a 00       		.byte	0
 297 006b 03       		.uleb128 0x3
 298 006c 0E       		.uleb128 0xe
 299 006d 3A       		.uleb128 0x3a
 300 006e 0B       		.uleb128 0xb
 301 006f 3B       		.uleb128 0x3b
 302 0070 0B       		.uleb128 0xb
 303 0071 49       		.uleb128 0x49
 304 0072 13       		.uleb128 0x13
 305 0073 3F       		.uleb128 0x3f
 306 0074 19       		.uleb128 0x19
 307 0075 02       		.uleb128 0x2
ARM GAS  C:\Users\ryan\AppData\Local\Temp\ccxSKklo.s 			page 7


 308 0076 18       		.uleb128 0x18
 309 0077 00       		.byte	0
 310 0078 00       		.byte	0
 311 0079 00       		.byte	0
 312              		.section	.debug_aranges,"",%progbits
 313 0000 1C000000 		.4byte	0x1c
 314 0004 0200     		.2byte	0x2
 315 0006 00000000 		.4byte	.Ldebug_info0
 316 000a 04       		.byte	0x4
 317 000b 00       		.byte	0
 318 000c 0000     		.2byte	0
 319 000e 0000     		.2byte	0
 320 0010 00000000 		.4byte	.LFB33
 321 0014 2C000000 		.4byte	.LFE33-.LFB33
 322 0018 00000000 		.4byte	0
 323 001c 00000000 		.4byte	0
 324              		.section	.debug_ranges,"",%progbits
 325              	.Ldebug_ranges0:
 326 0000 00000000 		.4byte	.LFB33
 327 0004 2C000000 		.4byte	.LFE33
 328 0008 00000000 		.4byte	0
 329 000c 00000000 		.4byte	0
 330              		.section	.debug_line,"",%progbits
 331              	.Ldebug_line0:
 332 0000 5B000000 		.section	.debug_str,"MS",%progbits,1
 332      02004200 
 332      00000201 
 332      FB0E0D00 
 332      01010101 
 333              	.LASF6:
 334 0000 6C6F6E67 		.ascii	"long long int\000"
 334      206C6F6E 
 334      6720696E 
 334      7400
 335              	.LASF18:
 336 000e 76657269 		.ascii	"verify_state\000"
 336      66795F73 
 336      74617465 
 336      00
 337              	.LASF8:
 338 001b 756E7369 		.ascii	"unsigned int\000"
 338      676E6564 
 338      20696E74 
 338      00
 339              	.LASF20:
 340 0028 62616467 		.ascii	"badge_state\000"
 340      655F7374 
 340      61746500 
 341              	.LASF17:
 342 0034 75696E74 		.ascii	"uint8\000"
 342      3800
 343              	.LASF5:
 344 003a 6C6F6E67 		.ascii	"long unsigned int\000"
 344      20756E73 
 344      69676E65 
 344      6420696E 
 344      7400
ARM GAS  C:\Users\ryan\AppData\Local\Temp\ccxSKklo.s 			page 8


 345              	.LASF16:
 346 004c 433A5C55 		.ascii	"C:\\Users\\ryan\\Documents\\PSoC Creator\\Defcon_Ba"
 346      73657273 
 346      5C727961 
 346      6E5C446F 
 346      63756D65 
 347 007a 6467655C 		.ascii	"dge\\Defcon_Badge.cydsn\000"
 347      44656663 
 347      6F6E5F42 
 347      61646765 
 347      2E637964 
 348              	.LASF7:
 349 0091 6C6F6E67 		.ascii	"long long unsigned int\000"
 349      206C6F6E 
 349      6720756E 
 349      7369676E 
 349      65642069 
 350              	.LASF9:
 351 00a8 666C6F61 		.ascii	"float\000"
 351      7400
 352              	.LASF1:
 353 00ae 756E7369 		.ascii	"unsigned char\000"
 353      676E6564 
 353      20636861 
 353      7200
 354              	.LASF11:
 355 00bc 63686172 		.ascii	"char\000"
 355      00
 356              	.LASF4:
 357 00c1 6C6F6E67 		.ascii	"long int\000"
 357      20696E74 
 357      00
 358              	.LASF10:
 359 00ca 646F7562 		.ascii	"double\000"
 359      6C6500
 360              	.LASF15:
 361 00d1 73746174 		.ascii	"state.c\000"
 361      652E6300 
 362              	.LASF3:
 363 00d9 73686F72 		.ascii	"short unsigned int\000"
 363      7420756E 
 363      7369676E 
 363      65642069 
 363      6E7400
 364              	.LASF0:
 365 00ec 7369676E 		.ascii	"signed char\000"
 365      65642063 
 365      68617200 
 366              	.LASF19:
 367 00f8 73746174 		.ascii	"state\000"
 367      6500
 368              	.LASF12:
 369 00fe 6C6F6E67 		.ascii	"long double\000"
 369      20646F75 
 369      626C6500 
 370              	.LASF2:
 371 010a 73686F72 		.ascii	"short int\000"
ARM GAS  C:\Users\ryan\AppData\Local\Temp\ccxSKklo.s 			page 9


 371      7420696E 
 371      7400
 372              	.LASF14:
 373 0114 474E5520 		.ascii	"GNU C11 5.4.1 20160609 (release) [ARM/embedded-5-br"
 373      43313120 
 373      352E342E 
 373      31203230 
 373      31363036 
 374 0147 616E6368 		.ascii	"anch revision 237715] -mcpu=cortex-m0 -mthumb -g -O"
 374      20726576 
 374      6973696F 
 374      6E203233 
 374      37373135 
 375 017a 30202D66 		.ascii	"0 -ffunction-sections -ffat-lto-objects\000"
 375      66756E63 
 375      74696F6E 
 375      2D736563 
 375      74696F6E 
 376              	.LASF13:
 377 01a2 73697A65 		.ascii	"sizetype\000"
 377      74797065 
 377      00
 378              		.ident	"GCC: (GNU Tools for ARM Embedded Processors) 5.4.1 20160609 (release) [ARM/embedded-5-bran
