ARM GAS  C:\Users\ryan\AppData\Local\Temp\ccAw5m24.s 			page 1


   1              		.syntax unified
   2              		.cpu cortex-m0
   3              		.fpu softvfp
   4              		.eabi_attribute 20, 1
   5              		.eabi_attribute 21, 1
   6              		.eabi_attribute 23, 3
   7              		.eabi_attribute 24, 1
   8              		.eabi_attribute 25, 1
   9              		.eabi_attribute 26, 1
  10              		.eabi_attribute 30, 6
  11              		.eabi_attribute 34, 0
  12              		.eabi_attribute 18, 4
  13              		.thumb
  14              		.syntax unified
  15              		.file	"togglelib.c"
  16              		.text
  17              	.Ltext0:
  18              		.cfi_sections	.debug_frame
  19              		.global	__aeabi_idivmod
  20              		.section	.text.SWL_Handler,"ax",%progbits
  21              		.align	2
  22              		.global	SWL_Handler
  23              		.code	16
  24              		.thumb_func
  25              		.type	SWL_Handler, %function
  26              	SWL_Handler:
  27              	.LFB33:
  28              		.file 1 "togglelib.c"
   1:togglelib.c   **** /* ========================================
   2:togglelib.c   ****  *
   3:togglelib.c   ****  * Copyright Nullify, 2016
   4:togglelib.c   ****  * All Rights Reserved
   5:togglelib.c   ****  * UNPUBLISHED, LICENSED SOFTWARE.
   6:togglelib.c   ****  *
   7:togglelib.c   ****  * CONFIDENTIAL AND PROPRIETARY INFORMATION
   8:togglelib.c   ****  * WHICH IS THE PROPERTY OF NULLIY.
   9:togglelib.c   ****  *
  10:togglelib.c   ****  * ========================================
  11:togglelib.c   **** */
  12:togglelib.c   **** #include <project.h>
  13:togglelib.c   **** #include <stdio.h>
  14:togglelib.c   **** #include <time.h>
  15:togglelib.c   **** #include <stdlib.h>
  16:togglelib.c   **** #include "lightlib.h"
  17:togglelib.c   **** #include "togglelib.h"
  18:togglelib.c   **** #include "state.h"
  19:togglelib.c   **** 
  20:togglelib.c   **** /* Signal handler for left toggle press */
  21:togglelib.c   **** CY_ISR( SWL_Handler ) { 
  29              		.loc 1 21 0
  30              		.cfi_startproc
  31              		@ args = 0, pretend = 0, frame = 8
  32              		@ frame_needed = 1, uses_anonymous_args = 0
  33 0000 90B5     		push	{r4, r7, lr}
  34              		.cfi_def_cfa_offset 12
  35              		.cfi_offset 4, -12
  36              		.cfi_offset 7, -8
ARM GAS  C:\Users\ryan\AppData\Local\Temp\ccAw5m24.s 			page 2


  37              		.cfi_offset 14, -4
  38 0002 83B0     		sub	sp, sp, #12
  39              		.cfi_def_cfa_offset 24
  40 0004 00AF     		add	r7, sp, #0
  41              		.cfi_def_cfa_register 7
  22:togglelib.c   ****     uint8 current_color; 
  23:togglelib.c   ****     uint32 rand_color; 
  24:togglelib.c   ****     
  25:togglelib.c   ****     /* Make sure Defcon party time PWM is off */
  26:togglelib.c   ****     PWM_Defcon_Stop();
  42              		.loc 1 26 0
  43 0006 FFF7FEFF 		bl	PWM_Defcon_Stop
  27:togglelib.c   ****     
  28:togglelib.c   ****    /* Get the current color of the leds and pick a new one */
  29:togglelib.c   ****    current_color = get_color(LEFT_LED);
  44              		.loc 1 29 0
  45 000a FC1C     		adds	r4, r7, #3
  46 000c 0120     		movs	r0, #1
  47 000e FFF7FEFF 		bl	get_color
  48 0012 0300     		movs	r3, r0
  49 0014 2370     		strb	r3, [r4]
  30:togglelib.c   ****    rand_color = (rand() % 7) + 1;
  50              		.loc 1 30 0
  51 0016 FFF7FEFF 		bl	rand
  52 001a 0300     		movs	r3, r0
  53 001c 0721     		movs	r1, #7
  54 001e 1800     		movs	r0, r3
  55 0020 FFF7FEFF 		bl	__aeabi_idivmod
  56 0024 0B00     		movs	r3, r1
  57 0026 0133     		adds	r3, r3, #1
  58 0028 7B60     		str	r3, [r7, #4]
  31:togglelib.c   ****     
  32:togglelib.c   ****     while (current_color == rand_color){
  59              		.loc 1 32 0
  60 002a 09E0     		b	.L2
  61              	.L3:
  33:togglelib.c   ****         rand_color = (rand() % 7) + 1;
  62              		.loc 1 33 0
  63 002c FFF7FEFF 		bl	rand
  64 0030 0300     		movs	r3, r0
  65 0032 0721     		movs	r1, #7
  66 0034 1800     		movs	r0, r3
  67 0036 FFF7FEFF 		bl	__aeabi_idivmod
  68 003a 0B00     		movs	r3, r1
  69 003c 0133     		adds	r3, r3, #1
  70 003e 7B60     		str	r3, [r7, #4]
  71              	.L2:
  32:togglelib.c   ****         rand_color = (rand() % 7) + 1;
  72              		.loc 1 32 0
  73 0040 FB1C     		adds	r3, r7, #3
  74 0042 1A78     		ldrb	r2, [r3]
  75 0044 7B68     		ldr	r3, [r7, #4]
  76 0046 9A42     		cmp	r2, r3
  77 0048 F0D0     		beq	.L3
  34:togglelib.c   ****     }
  35:togglelib.c   **** 
  36:togglelib.c   ****     init_led(rand_color);
ARM GAS  C:\Users\ryan\AppData\Local\Temp\ccAw5m24.s 			page 3


  78              		.loc 1 36 0
  79 004a 7B68     		ldr	r3, [r7, #4]
  80 004c DBB2     		uxtb	r3, r3
  81 004e 1800     		movs	r0, r3
  82 0050 FFF7FEFF 		bl	init_led
  37:togglelib.c   ****     
  38:togglelib.c   ****     /* Badge State is MORSE */
  39:togglelib.c   ****     badge_state = MORSE;
  83              		.loc 1 39 0
  84 0054 044B     		ldr	r3, .L4
  85 0056 0122     		movs	r2, #1
  86 0058 1A70     		strb	r2, [r3]
  40:togglelib.c   ****     
  41:togglelib.c   ****     /* Clear interrupt */
  42:togglelib.c   ****     SWL_ClearInterrupt();
  87              		.loc 1 42 0
  88 005a FFF7FEFF 		bl	SWL_ClearInterrupt
  43:togglelib.c   **** }
  89              		.loc 1 43 0
  90 005e C046     		nop
  91 0060 BD46     		mov	sp, r7
  92 0062 03B0     		add	sp, sp, #12
  93              		@ sp needed
  94 0064 90BD     		pop	{r4, r7, pc}
  95              	.L5:
  96 0066 C046     		.align	2
  97              	.L4:
  98 0068 00000000 		.word	badge_state
  99              		.cfi_endproc
 100              	.LFE33:
 101              		.size	SWL_Handler, .-SWL_Handler
 102              		.section	.text.SWR_Handler,"ax",%progbits
 103              		.align	2
 104              		.global	SWR_Handler
 105              		.code	16
 106              		.thumb_func
 107              		.type	SWR_Handler, %function
 108              	SWR_Handler:
 109              	.LFB34:
  44:togglelib.c   **** 
  45:togglelib.c   **** /* Signal handler for right toggle press */
  46:togglelib.c   **** CY_ISR( SWR_Handler ) {
 110              		.loc 1 46 0
 111              		.cfi_startproc
 112              		@ args = 0, pretend = 0, frame = 8
 113              		@ frame_needed = 1, uses_anonymous_args = 0
 114 0000 90B5     		push	{r4, r7, lr}
 115              		.cfi_def_cfa_offset 12
 116              		.cfi_offset 4, -12
 117              		.cfi_offset 7, -8
 118              		.cfi_offset 14, -4
 119 0002 83B0     		sub	sp, sp, #12
 120              		.cfi_def_cfa_offset 24
 121 0004 00AF     		add	r7, sp, #0
 122              		.cfi_def_cfa_register 7
  47:togglelib.c   ****     uint8 current_color; 
  48:togglelib.c   ****     uint32 rand_color; 
ARM GAS  C:\Users\ryan\AppData\Local\Temp\ccAw5m24.s 			page 4


  49:togglelib.c   ****     
  50:togglelib.c   ****     /* Make sure Defcon party time PWM is off */
  51:togglelib.c   ****     PWM_Defcon_Stop();
 123              		.loc 1 51 0
 124 0006 FFF7FEFF 		bl	PWM_Defcon_Stop
  52:togglelib.c   ****     
  53:togglelib.c   ****    /* Get the current color of the leds and pick a new one */
  54:togglelib.c   ****    current_color = get_color(LEFT_LED);
 125              		.loc 1 54 0
 126 000a FC1C     		adds	r4, r7, #3
 127 000c 0120     		movs	r0, #1
 128 000e FFF7FEFF 		bl	get_color
 129 0012 0300     		movs	r3, r0
 130 0014 2370     		strb	r3, [r4]
  55:togglelib.c   ****    rand_color = (rand() % 7) + 1;
 131              		.loc 1 55 0
 132 0016 FFF7FEFF 		bl	rand
 133 001a 0300     		movs	r3, r0
 134 001c 0721     		movs	r1, #7
 135 001e 1800     		movs	r0, r3
 136 0020 FFF7FEFF 		bl	__aeabi_idivmod
 137 0024 0B00     		movs	r3, r1
 138 0026 0133     		adds	r3, r3, #1
 139 0028 7B60     		str	r3, [r7, #4]
  56:togglelib.c   ****     
  57:togglelib.c   ****     while (current_color == rand_color){
 140              		.loc 1 57 0
 141 002a 09E0     		b	.L7
 142              	.L8:
  58:togglelib.c   ****         rand_color = (rand() % 7) + 1;
 143              		.loc 1 58 0
 144 002c FFF7FEFF 		bl	rand
 145 0030 0300     		movs	r3, r0
 146 0032 0721     		movs	r1, #7
 147 0034 1800     		movs	r0, r3
 148 0036 FFF7FEFF 		bl	__aeabi_idivmod
 149 003a 0B00     		movs	r3, r1
 150 003c 0133     		adds	r3, r3, #1
 151 003e 7B60     		str	r3, [r7, #4]
 152              	.L7:
  57:togglelib.c   ****         rand_color = (rand() % 7) + 1;
 153              		.loc 1 57 0
 154 0040 FB1C     		adds	r3, r7, #3
 155 0042 1A78     		ldrb	r2, [r3]
 156 0044 7B68     		ldr	r3, [r7, #4]
 157 0046 9A42     		cmp	r2, r3
 158 0048 F0D0     		beq	.L8
  59:togglelib.c   ****     }
  60:togglelib.c   **** 
  61:togglelib.c   ****     init_led(rand_color);
 159              		.loc 1 61 0
 160 004a 7B68     		ldr	r3, [r7, #4]
 161 004c DBB2     		uxtb	r3, r3
 162 004e 1800     		movs	r0, r3
 163 0050 FFF7FEFF 		bl	init_led
  62:togglelib.c   ****     
  63:togglelib.c   ****     /* Badge State is BINARY_MESSAGE */
ARM GAS  C:\Users\ryan\AppData\Local\Temp\ccAw5m24.s 			page 5


  64:togglelib.c   ****     badge_state = BINARY;
 164              		.loc 1 64 0
 165 0054 044B     		ldr	r3, .L9
 166 0056 0222     		movs	r2, #2
 167 0058 1A70     		strb	r2, [r3]
  65:togglelib.c   ****     
  66:togglelib.c   ****    /* Clear interrupt */
  67:togglelib.c   ****     SWR_ClearInterrupt();
 168              		.loc 1 67 0
 169 005a FFF7FEFF 		bl	SWR_ClearInterrupt
  68:togglelib.c   **** }
 170              		.loc 1 68 0
 171 005e C046     		nop
 172 0060 BD46     		mov	sp, r7
 173 0062 03B0     		add	sp, sp, #12
 174              		@ sp needed
 175 0064 90BD     		pop	{r4, r7, pc}
 176              	.L10:
 177 0066 C046     		.align	2
 178              	.L9:
 179 0068 00000000 		.word	badge_state
 180              		.cfi_endproc
 181              	.LFE34:
 182              		.size	SWR_Handler, .-SWR_Handler
 183              		.section	.text.SWB_Handler,"ax",%progbits
 184              		.align	2
 185              		.global	SWB_Handler
 186              		.code	16
 187              		.thumb_func
 188              		.type	SWB_Handler, %function
 189              	SWB_Handler:
 190              	.LFB35:
  69:togglelib.c   **** 
  70:togglelib.c   **** /* Signal handler for on board toggle press */
  71:togglelib.c   **** CY_ISR( SWB_Handler ) {
 191              		.loc 1 71 0
 192              		.cfi_startproc
 193              		@ args = 0, pretend = 0, frame = 0
 194              		@ frame_needed = 1, uses_anonymous_args = 0
 195 0000 80B5     		push	{r7, lr}
 196              		.cfi_def_cfa_offset 8
 197              		.cfi_offset 7, -8
 198              		.cfi_offset 14, -4
 199 0002 00AF     		add	r7, sp, #0
 200              		.cfi_def_cfa_register 7
  72:togglelib.c   ****     badge_state = DEFCONPARTY;
 201              		.loc 1 72 0
 202 0004 044B     		ldr	r3, .L12
 203 0006 0322     		movs	r2, #3
 204 0008 1A70     		strb	r2, [r3]
  73:togglelib.c   ****     
  74:togglelib.c   ****     /* Start the Defcon Party Time PWM */
  75:togglelib.c   ****     PWM_Defcon_Start();
 205              		.loc 1 75 0
 206 000a FFF7FEFF 		bl	PWM_Defcon_Start
  76:togglelib.c   ****         
  77:togglelib.c   ****     /* Clear interrupt */
ARM GAS  C:\Users\ryan\AppData\Local\Temp\ccAw5m24.s 			page 6


  78:togglelib.c   ****     SWB_ClearInterrupt();
 207              		.loc 1 78 0
 208 000e FFF7FEFF 		bl	SWB_ClearInterrupt
  79:togglelib.c   **** }
 209              		.loc 1 79 0
 210 0012 C046     		nop
 211 0014 BD46     		mov	sp, r7
 212              		@ sp needed
 213 0016 80BD     		pop	{r7, pc}
 214              	.L13:
 215              		.align	2
 216              	.L12:
 217 0018 00000000 		.word	badge_state
 218              		.cfi_endproc
 219              	.LFE35:
 220              		.size	SWB_Handler, .-SWB_Handler
 221              		.section	.text.DEFCON_Handler,"ax",%progbits
 222              		.align	2
 223              		.global	DEFCON_Handler
 224              		.code	16
 225              		.thumb_func
 226              		.type	DEFCON_Handler, %function
 227              	DEFCON_Handler:
 228              	.LFB36:
  80:togglelib.c   **** 
  81:togglelib.c   **** /* Signal handler for organizer lights */
  82:togglelib.c   **** CY_ISR( DEFCON_Handler ) {
 229              		.loc 1 82 0
 230              		.cfi_startproc
 231              		@ args = 0, pretend = 0, frame = 16
 232              		@ frame_needed = 1, uses_anonymous_args = 0
 233 0000 90B5     		push	{r4, r7, lr}
 234              		.cfi_def_cfa_offset 12
 235              		.cfi_offset 4, -12
 236              		.cfi_offset 7, -8
 237              		.cfi_offset 14, -4
 238 0002 85B0     		sub	sp, sp, #20
 239              		.cfi_def_cfa_offset 32
 240 0004 00AF     		add	r7, sp, #0
 241              		.cfi_def_cfa_register 7
  83:togglelib.c   ****     /* Generate random eye colors */
  84:togglelib.c   ****     uint8 current_color_left = get_color(LEFT_LED);
 242              		.loc 1 84 0
 243 0006 FC1D     		adds	r4, r7, #7
 244 0008 0120     		movs	r0, #1
 245 000a FFF7FEFF 		bl	get_color
 246 000e 0300     		movs	r3, r0
 247 0010 2370     		strb	r3, [r4]
  85:togglelib.c   ****     uint8 current_color_right = get_color(RIGHT_LED);
 248              		.loc 1 85 0
 249 0012 BC1D     		adds	r4, r7, #6
 250 0014 0220     		movs	r0, #2
 251 0016 FFF7FEFF 		bl	get_color
 252 001a 0300     		movs	r3, r0
 253 001c 2370     		strb	r3, [r4]
  86:togglelib.c   ****     uint32 rand_num_left = (rand() % 7) + 1;
 254              		.loc 1 86 0
ARM GAS  C:\Users\ryan\AppData\Local\Temp\ccAw5m24.s 			page 7


 255 001e FFF7FEFF 		bl	rand
 256 0022 0300     		movs	r3, r0
 257 0024 0721     		movs	r1, #7
 258 0026 1800     		movs	r0, r3
 259 0028 FFF7FEFF 		bl	__aeabi_idivmod
 260 002c 0B00     		movs	r3, r1
 261 002e 0133     		adds	r3, r3, #1
 262 0030 FB60     		str	r3, [r7, #12]
  87:togglelib.c   ****     uint32 rand_num_right = (rand() % 7) + 1;
 263              		.loc 1 87 0
 264 0032 FFF7FEFF 		bl	rand
 265 0036 0300     		movs	r3, r0
 266 0038 0721     		movs	r1, #7
 267 003a 1800     		movs	r0, r3
 268 003c FFF7FEFF 		bl	__aeabi_idivmod
 269 0040 0B00     		movs	r3, r1
 270 0042 0133     		adds	r3, r3, #1
 271 0044 BB60     		str	r3, [r7, #8]
  88:togglelib.c   ****     
  89:togglelib.c   ****     while (current_color_left == rand_num_left){
 272              		.loc 1 89 0
 273 0046 09E0     		b	.L15
 274              	.L16:
  90:togglelib.c   ****         rand_num_left = (rand() % 7) + 1;
 275              		.loc 1 90 0
 276 0048 FFF7FEFF 		bl	rand
 277 004c 0300     		movs	r3, r0
 278 004e 0721     		movs	r1, #7
 279 0050 1800     		movs	r0, r3
 280 0052 FFF7FEFF 		bl	__aeabi_idivmod
 281 0056 0B00     		movs	r3, r1
 282 0058 0133     		adds	r3, r3, #1
 283 005a FB60     		str	r3, [r7, #12]
 284              	.L15:
  89:togglelib.c   ****         rand_num_left = (rand() % 7) + 1;
 285              		.loc 1 89 0
 286 005c FB1D     		adds	r3, r7, #7
 287 005e 1A78     		ldrb	r2, [r3]
 288 0060 FB68     		ldr	r3, [r7, #12]
 289 0062 9A42     		cmp	r2, r3
 290 0064 F0D0     		beq	.L16
  91:togglelib.c   ****     }
  92:togglelib.c   ****     
  93:togglelib.c   ****    while (current_color_right == rand_num_right){
 291              		.loc 1 93 0
 292 0066 09E0     		b	.L17
 293              	.L18:
  94:togglelib.c   ****         rand_num_right = (rand() % 7) + 1;
 294              		.loc 1 94 0
 295 0068 FFF7FEFF 		bl	rand
 296 006c 0300     		movs	r3, r0
 297 006e 0721     		movs	r1, #7
 298 0070 1800     		movs	r0, r3
 299 0072 FFF7FEFF 		bl	__aeabi_idivmod
 300 0076 0B00     		movs	r3, r1
 301 0078 0133     		adds	r3, r3, #1
 302 007a BB60     		str	r3, [r7, #8]
ARM GAS  C:\Users\ryan\AppData\Local\Temp\ccAw5m24.s 			page 8


 303              	.L17:
  93:togglelib.c   ****         rand_num_right = (rand() % 7) + 1;
 304              		.loc 1 93 0
 305 007c BB1D     		adds	r3, r7, #6
 306 007e 1A78     		ldrb	r2, [r3]
 307 0080 BB68     		ldr	r3, [r7, #8]
 308 0082 9A42     		cmp	r2, r3
 309 0084 F0D0     		beq	.L18
  95:togglelib.c   ****     }
  96:togglelib.c   ****     
  97:togglelib.c   ****     set_color(LEFT_LED, rand_num_left);
 310              		.loc 1 97 0
 311 0086 FB68     		ldr	r3, [r7, #12]
 312 0088 DBB2     		uxtb	r3, r3
 313 008a 1900     		movs	r1, r3
 314 008c 0120     		movs	r0, #1
 315 008e FFF7FEFF 		bl	set_color
  98:togglelib.c   ****     set_color(RIGHT_LED, rand_num_right);
 316              		.loc 1 98 0
 317 0092 BB68     		ldr	r3, [r7, #8]
 318 0094 DBB2     		uxtb	r3, r3
 319 0096 1900     		movs	r1, r3
 320 0098 0220     		movs	r0, #2
 321 009a FFF7FEFF 		bl	set_color
  99:togglelib.c   ****     turn_off(LEFT_RIGHT_LED);
 322              		.loc 1 99 0
 323 009e 0320     		movs	r0, #3
 324 00a0 FFF7FEFF 		bl	turn_off
 100:togglelib.c   ****     turn_on(LEFT_RIGHT_LED);
 325              		.loc 1 100 0
 326 00a4 0320     		movs	r0, #3
 327 00a6 FFF7FEFF 		bl	turn_on
 101:togglelib.c   ****     
 102:togglelib.c   ****     DEFCON_Int_ClearPending();
 328              		.loc 1 102 0
 329 00aa FFF7FEFF 		bl	DEFCON_Int_ClearPending
 103:togglelib.c   ****     PWM_Defcon_ReadStatusRegister();
 330              		.loc 1 103 0
 331 00ae FFF7FEFF 		bl	PWM_Defcon_ReadStatusRegister
 104:togglelib.c   **** }
 332              		.loc 1 104 0
 333 00b2 C046     		nop
 334 00b4 BD46     		mov	sp, r7
 335 00b6 05B0     		add	sp, sp, #20
 336              		@ sp needed
 337 00b8 90BD     		pop	{r4, r7, pc}
 338              		.cfi_endproc
 339              	.LFE36:
 340              		.size	DEFCON_Handler, .-DEFCON_Handler
 341 00ba C046     		.section	.text.enable_toggle_interrupts,"ax",%progbits
 342              		.align	2
 343              		.global	enable_toggle_interrupts
 344              		.code	16
 345              		.thumb_func
 346              		.type	enable_toggle_interrupts, %function
 347              	enable_toggle_interrupts:
 348              	.LFB37:
ARM GAS  C:\Users\ryan\AppData\Local\Temp\ccAw5m24.s 			page 9


 105:togglelib.c   **** 
 106:togglelib.c   **** void enable_toggle_interrupts() {
 349              		.loc 1 106 0
 350              		.cfi_startproc
 351              		@ args = 0, pretend = 0, frame = 0
 352              		@ frame_needed = 1, uses_anonymous_args = 0
 353 0000 80B5     		push	{r7, lr}
 354              		.cfi_def_cfa_offset 8
 355              		.cfi_offset 7, -8
 356              		.cfi_offset 14, -4
 357 0002 00AF     		add	r7, sp, #0
 358              		.cfi_def_cfa_register 7
 107:togglelib.c   ****     /* Setup toggle interrupts  */
 108:togglelib.c   ****     SWB_Int_StartEx( SWB_Handler );
 359              		.loc 1 108 0
 360 0004 0C4B     		ldr	r3, .L20
 361 0006 1800     		movs	r0, r3
 362 0008 FFF7FEFF 		bl	SWB_Int_StartEx
 109:togglelib.c   ****     SWL_Int_StartEx( SWL_Handler );
 363              		.loc 1 109 0
 364 000c 0B4B     		ldr	r3, .L20+4
 365 000e 1800     		movs	r0, r3
 366 0010 FFF7FEFF 		bl	SWL_Int_StartEx
 110:togglelib.c   ****     SWR_Int_StartEx( SWR_Handler );
 367              		.loc 1 110 0
 368 0014 0A4B     		ldr	r3, .L20+8
 369 0016 1800     		movs	r0, r3
 370 0018 FFF7FEFF 		bl	SWR_Int_StartEx
 111:togglelib.c   ****     DEFCON_Int_StartEx( DEFCON_Handler );
 371              		.loc 1 111 0
 372 001c 094B     		ldr	r3, .L20+12
 373 001e 1800     		movs	r0, r3
 374 0020 FFF7FEFF 		bl	DEFCON_Int_StartEx
 112:togglelib.c   ****     /* Seed random */
 113:togglelib.c   ****     srand(time(NULL));
 375              		.loc 1 113 0
 376 0024 0020     		movs	r0, #0
 377 0026 FFF7FEFF 		bl	time
 378 002a 0300     		movs	r3, r0
 379 002c 1800     		movs	r0, r3
 380 002e FFF7FEFF 		bl	srand
 114:togglelib.c   **** }...
 381              		.loc 1 114 0
 382 0032 C046     		nop
 383 0034 BD46     		mov	sp, r7
 384              		@ sp needed
 385 0036 80BD     		pop	{r7, pc}
 386              	.L21:
 387              		.align	2
 388              	.L20:
 389 0038 00000000 		.word	SWB_Handler
 390 003c 00000000 		.word	SWL_Handler
 391 0040 00000000 		.word	SWR_Handler
 392 0044 00000000 		.word	DEFCON_Handler
 393              		.cfi_endproc
 394              	.LFE37:
 395              		.size	enable_toggle_interrupts, .-enable_toggle_interrupts
ARM GAS  C:\Users\ryan\AppData\Local\Temp\ccAw5m24.s 			page 10


 396              		.text
 397              	.Letext0:
 398              		.file 2 "Generated_Source\\PSoC4/cytypes.h"
 399              		.file 3 "state.h"
 400              		.section	.debug_info,"",%progbits
 401              	.Ldebug_info0:
 402 0000 87010000 		.4byte	0x187
 403 0004 0400     		.2byte	0x4
 404 0006 00000000 		.4byte	.Ldebug_abbrev0
 405 000a 04       		.byte	0x4
 406 000b 01       		.uleb128 0x1
 407 000c C1000000 		.4byte	.LASF25
 408 0010 0C       		.byte	0xc
 409 0011 CB010000 		.4byte	.LASF26
 410 0015 32000000 		.4byte	.LASF27
 411 0019 00000000 		.4byte	.Ldebug_ranges0+0
 412 001d 00000000 		.4byte	0
 413 0021 00000000 		.4byte	.Ldebug_line0
 414 0025 02       		.uleb128 0x2
 415 0026 01       		.byte	0x1
 416 0027 06       		.byte	0x6
 417 0028 34020000 		.4byte	.LASF0
 418 002c 02       		.uleb128 0x2
 419 002d 01       		.byte	0x1
 420 002e 08       		.byte	0x8
 421 002f 7D000000 		.4byte	.LASF1
 422 0033 02       		.uleb128 0x2
 423 0034 02       		.byte	0x2
 424 0035 05       		.byte	0x5
 425 0036 F8010000 		.4byte	.LASF2
 426 003a 02       		.uleb128 0x2
 427 003b 02       		.byte	0x2
 428 003c 07       		.byte	0x7
 429 003d 9A000000 		.4byte	.LASF3
 430 0041 02       		.uleb128 0x2
 431 0042 04       		.byte	0x4
 432 0043 05       		.byte	0x5
 433 0044 1F020000 		.4byte	.LASF4
 434 0048 02       		.uleb128 0x2
 435 0049 04       		.byte	0x4
 436 004a 07       		.byte	0x7
 437 004b 4F010000 		.4byte	.LASF5
 438 004f 02       		.uleb128 0x2
 439 0050 08       		.byte	0x8
 440 0051 05       		.byte	0x5
 441 0052 D7010000 		.4byte	.LASF6
 442 0056 02       		.uleb128 0x2
 443 0057 08       		.byte	0x8
 444 0058 07       		.byte	0x7
 445 0059 84010000 		.4byte	.LASF7
 446 005d 03       		.uleb128 0x3
 447 005e 04       		.byte	0x4
 448 005f 05       		.byte	0x5
 449 0060 696E7400 		.ascii	"int\000"
 450 0064 02       		.uleb128 0x2
 451 0065 04       		.byte	0x4
 452 0066 07       		.byte	0x7
ARM GAS  C:\Users\ryan\AppData\Local\Temp\ccAw5m24.s 			page 11


 453 0067 77010000 		.4byte	.LASF8
 454 006b 04       		.uleb128 0x4
 455 006c 0E020000 		.4byte	.LASF9
 456 0070 02       		.byte	0x2
 457 0071 D201     		.2byte	0x1d2
 458 0073 2C000000 		.4byte	0x2c
 459 0077 04       		.uleb128 0x4
 460 0078 70010000 		.4byte	.LASF10
 461 007c 02       		.byte	0x2
 462 007d D401     		.2byte	0x1d4
 463 007f 48000000 		.4byte	0x48
 464 0083 02       		.uleb128 0x2
 465 0084 04       		.byte	0x4
 466 0085 04       		.byte	0x4
 467 0086 77000000 		.4byte	.LASF11
 468 008a 02       		.uleb128 0x2
 469 008b 08       		.byte	0x8
 470 008c 04       		.byte	0x4
 471 008d 18000000 		.4byte	.LASF12
 472 0091 02       		.uleb128 0x2
 473 0092 01       		.byte	0x1
 474 0093 08       		.byte	0x8
 475 0094 E5010000 		.4byte	.LASF13
 476 0098 05       		.uleb128 0x5
 477 0099 6B000000 		.4byte	0x6b
 478 009d 02       		.uleb128 0x2
 479 009e 08       		.byte	0x8
 480 009f 04       		.byte	0x4
 481 00a0 28020000 		.4byte	.LASF14
 482 00a4 02       		.uleb128 0x2
 483 00a5 04       		.byte	0x4
 484 00a6 07       		.byte	0x7
 485 00a7 C2010000 		.4byte	.LASF15
 486 00ab 06       		.uleb128 0x6
 487 00ac 02020000 		.4byte	.LASF18
 488 00b0 01       		.byte	0x1
 489 00b1 15       		.byte	0x15
 490 00b2 00000000 		.4byte	.LFB33
 491 00b6 6C000000 		.4byte	.LFE33-.LFB33
 492 00ba 01       		.uleb128 0x1
 493 00bb 9C       		.byte	0x9c
 494 00bc DD000000 		.4byte	0xdd
 495 00c0 07       		.uleb128 0x7
 496 00c1 EA010000 		.4byte	.LASF16
 497 00c5 01       		.byte	0x1
 498 00c6 16       		.byte	0x16
 499 00c7 6B000000 		.4byte	0x6b
 500 00cb 02       		.uleb128 0x2
 501 00cc 91       		.byte	0x91
 502 00cd 6B       		.sleb128 -21
 503 00ce 07       		.uleb128 0x7
 504 00cf 14020000 		.4byte	.LASF17
 505 00d3 01       		.byte	0x1
 506 00d4 17       		.byte	0x17
 507 00d5 77000000 		.4byte	0x77
 508 00d9 02       		.uleb128 0x2
 509 00da 91       		.byte	0x91
ARM GAS  C:\Users\ryan\AppData\Local\Temp\ccAw5m24.s 			page 12


 510 00db 6C       		.sleb128 -20
 511 00dc 00       		.byte	0
 512 00dd 06       		.uleb128 0x6
 513 00de 0C000000 		.4byte	.LASF19
 514 00e2 01       		.byte	0x1
 515 00e3 2E       		.byte	0x2e
 516 00e4 00000000 		.4byte	.LFB34
 517 00e8 6C000000 		.4byte	.LFE34-.LFB34
 518 00ec 01       		.uleb128 0x1
 519 00ed 9C       		.byte	0x9c
 520 00ee 0F010000 		.4byte	0x10f
 521 00f2 07       		.uleb128 0x7
 522 00f3 EA010000 		.4byte	.LASF16
 523 00f7 01       		.byte	0x1
 524 00f8 2F       		.byte	0x2f
 525 00f9 6B000000 		.4byte	0x6b
 526 00fd 02       		.uleb128 0x2
 527 00fe 91       		.byte	0x91
 528 00ff 6B       		.sleb128 -21
 529 0100 07       		.uleb128 0x7
 530 0101 14020000 		.4byte	.LASF17
 531 0105 01       		.byte	0x1
 532 0106 30       		.byte	0x30
 533 0107 77000000 		.4byte	0x77
 534 010b 02       		.uleb128 0x2
 535 010c 91       		.byte	0x91
 536 010d 6C       		.sleb128 -20
 537 010e 00       		.byte	0
 538 010f 08       		.uleb128 0x8
 539 0110 40020000 		.4byte	.LASF28
 540 0114 01       		.byte	0x1
 541 0115 47       		.byte	0x47
 542 0116 00000000 		.4byte	.LFB35
 543 011a 1C000000 		.4byte	.LFE35-.LFB35
 544 011e 01       		.uleb128 0x1
 545 011f 9C       		.byte	0x9c
 546 0120 06       		.uleb128 0x6
 547 0121 61010000 		.4byte	.LASF20
 548 0125 01       		.byte	0x1
 549 0126 52       		.byte	0x52
 550 0127 00000000 		.4byte	.LFB36
 551 012b BA000000 		.4byte	.LFE36-.LFB36
 552 012f 01       		.uleb128 0x1
 553 0130 9C       		.byte	0x9c
 554 0131 6E010000 		.4byte	0x16e
 555 0135 07       		.uleb128 0x7
 556 0136 1F000000 		.4byte	.LASF21
 557 013a 01       		.byte	0x1
 558 013b 54       		.byte	0x54
 559 013c 6B000000 		.4byte	0x6b
 560 0140 02       		.uleb128 0x2
 561 0141 91       		.byte	0x91
 562 0142 67       		.sleb128 -25
 563 0143 07       		.uleb128 0x7
 564 0144 AD000000 		.4byte	.LASF22
 565 0148 01       		.byte	0x1
 566 0149 55       		.byte	0x55
ARM GAS  C:\Users\ryan\AppData\Local\Temp\ccAw5m24.s 			page 13


 567 014a 6B000000 		.4byte	0x6b
 568 014e 02       		.uleb128 0x2
 569 014f 91       		.byte	0x91
 570 0150 66       		.sleb128 -26
 571 0151 07       		.uleb128 0x7
 572 0152 B4010000 		.4byte	.LASF23
 573 0156 01       		.byte	0x1
 574 0157 56       		.byte	0x56
 575 0158 77000000 		.4byte	0x77
 576 015c 02       		.uleb128 0x2
 577 015d 91       		.byte	0x91
 578 015e 6C       		.sleb128 -20
 579 015f 07       		.uleb128 0x7
 580 0160 8B000000 		.4byte	.LASF24
 581 0164 01       		.byte	0x1
 582 0165 57       		.byte	0x57
 583 0166 77000000 		.4byte	0x77
 584 016a 02       		.uleb128 0x2
 585 016b 91       		.byte	0x91
 586 016c 68       		.sleb128 -24
 587 016d 00       		.byte	0
 588 016e 09       		.uleb128 0x9
 589 016f 9B010000 		.4byte	.LASF29
 590 0173 01       		.byte	0x1
 591 0174 6A       		.byte	0x6a
 592 0175 00000000 		.4byte	.LFB37
 593 0179 48000000 		.4byte	.LFE37-.LFB37
 594 017d 01       		.uleb128 0x1
 595 017e 9C       		.byte	0x9c
 596 017f 0A       		.uleb128 0xa
 597 0180 00000000 		.4byte	.LASF30
 598 0184 03       		.byte	0x3
 599 0185 16       		.byte	0x16
 600 0186 98000000 		.4byte	0x98
 601 018a 00       		.byte	0
 602              		.section	.debug_abbrev,"",%progbits
 603              	.Ldebug_abbrev0:
 604 0000 01       		.uleb128 0x1
 605 0001 11       		.uleb128 0x11
 606 0002 01       		.byte	0x1
 607 0003 25       		.uleb128 0x25
 608 0004 0E       		.uleb128 0xe
 609 0005 13       		.uleb128 0x13
 610 0006 0B       		.uleb128 0xb
 611 0007 03       		.uleb128 0x3
 612 0008 0E       		.uleb128 0xe
 613 0009 1B       		.uleb128 0x1b
 614 000a 0E       		.uleb128 0xe
 615 000b 55       		.uleb128 0x55
 616 000c 17       		.uleb128 0x17
 617 000d 11       		.uleb128 0x11
 618 000e 01       		.uleb128 0x1
 619 000f 10       		.uleb128 0x10
 620 0010 17       		.uleb128 0x17
 621 0011 00       		.byte	0
 622 0012 00       		.byte	0
 623 0013 02       		.uleb128 0x2
ARM GAS  C:\Users\ryan\AppData\Local\Temp\ccAw5m24.s 			page 14


 624 0014 24       		.uleb128 0x24
 625 0015 00       		.byte	0
 626 0016 0B       		.uleb128 0xb
 627 0017 0B       		.uleb128 0xb
 628 0018 3E       		.uleb128 0x3e
 629 0019 0B       		.uleb128 0xb
 630 001a 03       		.uleb128 0x3
 631 001b 0E       		.uleb128 0xe
 632 001c 00       		.byte	0
 633 001d 00       		.byte	0
 634 001e 03       		.uleb128 0x3
 635 001f 24       		.uleb128 0x24
 636 0020 00       		.byte	0
 637 0021 0B       		.uleb128 0xb
 638 0022 0B       		.uleb128 0xb
 639 0023 3E       		.uleb128 0x3e
 640 0024 0B       		.uleb128 0xb
 641 0025 03       		.uleb128 0x3
 642 0026 08       		.uleb128 0x8
 643 0027 00       		.byte	0
 644 0028 00       		.byte	0
 645 0029 04       		.uleb128 0x4
 646 002a 16       		.uleb128 0x16
 647 002b 00       		.byte	0
 648 002c 03       		.uleb128 0x3
 649 002d 0E       		.uleb128 0xe
 650 002e 3A       		.uleb128 0x3a
 651 002f 0B       		.uleb128 0xb
 652 0030 3B       		.uleb128 0x3b
 653 0031 05       		.uleb128 0x5
 654 0032 49       		.uleb128 0x49
 655 0033 13       		.uleb128 0x13
 656 0034 00       		.byte	0
 657 0035 00       		.byte	0
 658 0036 05       		.uleb128 0x5
 659 0037 35       		.uleb128 0x35
 660 0038 00       		.byte	0
 661 0039 49       		.uleb128 0x49
 662 003a 13       		.uleb128 0x13
 663 003b 00       		.byte	0
 664 003c 00       		.byte	0
 665 003d 06       		.uleb128 0x6
 666 003e 2E       		.uleb128 0x2e
 667 003f 01       		.byte	0x1
 668 0040 3F       		.uleb128 0x3f
 669 0041 19       		.uleb128 0x19
 670 0042 03       		.uleb128 0x3
 671 0043 0E       		.uleb128 0xe
 672 0044 3A       		.uleb128 0x3a
 673 0045 0B       		.uleb128 0xb
 674 0046 3B       		.uleb128 0x3b
 675 0047 0B       		.uleb128 0xb
 676 0048 27       		.uleb128 0x27
 677 0049 19       		.uleb128 0x19
 678 004a 11       		.uleb128 0x11
 679 004b 01       		.uleb128 0x1
 680 004c 12       		.uleb128 0x12
ARM GAS  C:\Users\ryan\AppData\Local\Temp\ccAw5m24.s 			page 15


 681 004d 06       		.uleb128 0x6
 682 004e 40       		.uleb128 0x40
 683 004f 18       		.uleb128 0x18
 684 0050 9642     		.uleb128 0x2116
 685 0052 19       		.uleb128 0x19
 686 0053 01       		.uleb128 0x1
 687 0054 13       		.uleb128 0x13
 688 0055 00       		.byte	0
 689 0056 00       		.byte	0
 690 0057 07       		.uleb128 0x7
 691 0058 34       		.uleb128 0x34
 692 0059 00       		.byte	0
 693 005a 03       		.uleb128 0x3
 694 005b 0E       		.uleb128 0xe
 695 005c 3A       		.uleb128 0x3a
 696 005d 0B       		.uleb128 0xb
 697 005e 3B       		.uleb128 0x3b
 698 005f 0B       		.uleb128 0xb
 699 0060 49       		.uleb128 0x49
 700 0061 13       		.uleb128 0x13
 701 0062 02       		.uleb128 0x2
 702 0063 18       		.uleb128 0x18
 703 0064 00       		.byte	0
 704 0065 00       		.byte	0
 705 0066 08       		.uleb128 0x8
 706 0067 2E       		.uleb128 0x2e
 707 0068 00       		.byte	0
 708 0069 3F       		.uleb128 0x3f
 709 006a 19       		.uleb128 0x19
 710 006b 03       		.uleb128 0x3
 711 006c 0E       		.uleb128 0xe
 712 006d 3A       		.uleb128 0x3a
 713 006e 0B       		.uleb128 0xb
 714 006f 3B       		.uleb128 0x3b
 715 0070 0B       		.uleb128 0xb
 716 0071 27       		.uleb128 0x27
 717 0072 19       		.uleb128 0x19
 718 0073 11       		.uleb128 0x11
 719 0074 01       		.uleb128 0x1
 720 0075 12       		.uleb128 0x12
 721 0076 06       		.uleb128 0x6
 722 0077 40       		.uleb128 0x40
 723 0078 18       		.uleb128 0x18
 724 0079 9642     		.uleb128 0x2116
 725 007b 19       		.uleb128 0x19
 726 007c 00       		.byte	0
 727 007d 00       		.byte	0
 728 007e 09       		.uleb128 0x9
 729 007f 2E       		.uleb128 0x2e
 730 0080 00       		.byte	0
 731 0081 3F       		.uleb128 0x3f
 732 0082 19       		.uleb128 0x19
 733 0083 03       		.uleb128 0x3
 734 0084 0E       		.uleb128 0xe
 735 0085 3A       		.uleb128 0x3a
 736 0086 0B       		.uleb128 0xb
 737 0087 3B       		.uleb128 0x3b
ARM GAS  C:\Users\ryan\AppData\Local\Temp\ccAw5m24.s 			page 16


 738 0088 0B       		.uleb128 0xb
 739 0089 11       		.uleb128 0x11
 740 008a 01       		.uleb128 0x1
 741 008b 12       		.uleb128 0x12
 742 008c 06       		.uleb128 0x6
 743 008d 40       		.uleb128 0x40
 744 008e 18       		.uleb128 0x18
 745 008f 9642     		.uleb128 0x2116
 746 0091 19       		.uleb128 0x19
 747 0092 00       		.byte	0
 748 0093 00       		.byte	0
 749 0094 0A       		.uleb128 0xa
 750 0095 34       		.uleb128 0x34
 751 0096 00       		.byte	0
 752 0097 03       		.uleb128 0x3
 753 0098 0E       		.uleb128 0xe
 754 0099 3A       		.uleb128 0x3a
 755 009a 0B       		.uleb128 0xb
 756 009b 3B       		.uleb128 0x3b
 757 009c 0B       		.uleb128 0xb
 758 009d 49       		.uleb128 0x49
 759 009e 13       		.uleb128 0x13
 760 009f 3F       		.uleb128 0x3f
 761 00a0 19       		.uleb128 0x19
 762 00a1 3C       		.uleb128 0x3c
 763 00a2 19       		.uleb128 0x19
 764 00a3 00       		.byte	0
 765 00a4 00       		.byte	0
 766 00a5 00       		.byte	0
 767              		.section	.debug_aranges,"",%progbits
 768 0000 3C000000 		.4byte	0x3c
 769 0004 0200     		.2byte	0x2
 770 0006 00000000 		.4byte	.Ldebug_info0
 771 000a 04       		.byte	0x4
 772 000b 00       		.byte	0
 773 000c 0000     		.2byte	0
 774 000e 0000     		.2byte	0
 775 0010 00000000 		.4byte	.LFB33
 776 0014 6C000000 		.4byte	.LFE33-.LFB33
 777 0018 00000000 		.4byte	.LFB34
 778 001c 6C000000 		.4byte	.LFE34-.LFB34
 779 0020 00000000 		.4byte	.LFB35
 780 0024 1C000000 		.4byte	.LFE35-.LFB35
 781 0028 00000000 		.4byte	.LFB36
 782 002c BA000000 		.4byte	.LFE36-.LFB36
 783 0030 00000000 		.4byte	.LFB37
 784 0034 48000000 		.4byte	.LFE37-.LFB37
 785 0038 00000000 		.4byte	0
 786 003c 00000000 		.4byte	0
 787              		.section	.debug_ranges,"",%progbits
 788              	.Ldebug_ranges0:
 789 0000 00000000 		.4byte	.LFB33
 790 0004 6C000000 		.4byte	.LFE33
 791 0008 00000000 		.4byte	.LFB34
 792 000c 6C000000 		.4byte	.LFE34
 793 0010 00000000 		.4byte	.LFB35
 794 0014 1C000000 		.4byte	.LFE35
ARM GAS  C:\Users\ryan\AppData\Local\Temp\ccAw5m24.s 			page 17


 795 0018 00000000 		.4byte	.LFB36
 796 001c BA000000 		.4byte	.LFE36
 797 0020 00000000 		.4byte	.LFB37
 798 0024 48000000 		.4byte	.LFE37
 799 0028 00000000 		.4byte	0
 800 002c 00000000 		.4byte	0
 801              		.section	.debug_line,"",%progbits
 802              	.Ldebug_line0:
 803 0000 D4000000 		.section	.debug_str,"MS",%progbits,1
 803      02005100 
 803      00000201 
 803      FB0E0D00 
 803      01010101 
 804              	.LASF30:
 805 0000 62616467 		.ascii	"badge_state\000"
 805      655F7374 
 805      61746500 
 806              	.LASF19:
 807 000c 5357525F 		.ascii	"SWR_Handler\000"
 807      48616E64 
 807      6C657200 
 808              	.LASF12:
 809 0018 646F7562 		.ascii	"double\000"
 809      6C6500
 810              	.LASF21:
 811 001f 63757272 		.ascii	"current_color_left\000"
 811      656E745F 
 811      636F6C6F 
 811      725F6C65 
 811      667400
 812              	.LASF27:
 813 0032 433A5C55 		.ascii	"C:\\Users\\ryan\\Documents\\PSoC Creator\\Defcon_Ba"
 813      73657273 
 813      5C727961 
 813      6E5C446F 
 813      63756D65 
 814 0060 6467655C 		.ascii	"dge\\Defcon_Badge.cydsn\000"
 814      44656663 
 814      6F6E5F42 
 814      61646765 
 814      2E637964 
 815              	.LASF11:
 816 0077 666C6F61 		.ascii	"float\000"
 816      7400
 817              	.LASF1:
 818 007d 756E7369 		.ascii	"unsigned char\000"
 818      676E6564 
 818      20636861 
 818      7200
 819              	.LASF24:
 820 008b 72616E64 		.ascii	"rand_num_right\000"
 820      5F6E756D 
 820      5F726967 
 820      687400
 821              	.LASF3:
 822 009a 73686F72 		.ascii	"short unsigned int\000"
 822      7420756E 
ARM GAS  C:\Users\ryan\AppData\Local\Temp\ccAw5m24.s 			page 18


 822      7369676E 
 822      65642069 
 822      6E7400
 823              	.LASF22:
 824 00ad 63757272 		.ascii	"current_color_right\000"
 824      656E745F 
 824      636F6C6F 
 824      725F7269 
 824      67687400 
 825              	.LASF25:
 826 00c1 474E5520 		.ascii	"GNU C11 5.4.1 20160609 (release) [ARM/embedded-5-br"
 826      43313120 
 826      352E342E 
 826      31203230 
 826      31363036 
 827 00f4 616E6368 		.ascii	"anch revision 237715] -mcpu=cortex-m0 -mthumb -g -O"
 827      20726576 
 827      6973696F 
 827      6E203233 
 827      37373135 
 828 0127 30202D66 		.ascii	"0 -ffunction-sections -ffat-lto-objects\000"
 828      66756E63 
 828      74696F6E 
 828      2D736563 
 828      74696F6E 
 829              	.LASF5:
 830 014f 6C6F6E67 		.ascii	"long unsigned int\000"
 830      20756E73 
 830      69676E65 
 830      6420696E 
 830      7400
 831              	.LASF20:
 832 0161 44454643 		.ascii	"DEFCON_Handler\000"
 832      4F4E5F48 
 832      616E646C 
 832      657200
 833              	.LASF10:
 834 0170 75696E74 		.ascii	"uint32\000"
 834      333200
 835              	.LASF8:
 836 0177 756E7369 		.ascii	"unsigned int\000"
 836      676E6564 
 836      20696E74 
 836      00
 837              	.LASF7:
 838 0184 6C6F6E67 		.ascii	"long long unsigned int\000"
 838      206C6F6E 
 838      6720756E 
 838      7369676E 
 838      65642069 
 839              	.LASF29:
 840 019b 656E6162 		.ascii	"enable_toggle_interrupts\000"
 840      6C655F74 
 840      6F67676C 
 840      655F696E 
 840      74657272 
 841              	.LASF23:
ARM GAS  C:\Users\ryan\AppData\Local\Temp\ccAw5m24.s 			page 19


 842 01b4 72616E64 		.ascii	"rand_num_left\000"
 842      5F6E756D 
 842      5F6C6566 
 842      7400
 843              	.LASF15:
 844 01c2 73697A65 		.ascii	"sizetype\000"
 844      74797065 
 844      00
 845              	.LASF26:
 846 01cb 746F6767 		.ascii	"togglelib.c\000"
 846      6C656C69 
 846      622E6300 
 847              	.LASF6:
 848 01d7 6C6F6E67 		.ascii	"long long int\000"
 848      206C6F6E 
 848      6720696E 
 848      7400
 849              	.LASF13:
 850 01e5 63686172 		.ascii	"char\000"
 850      00
 851              	.LASF16:
 852 01ea 63757272 		.ascii	"current_color\000"
 852      656E745F 
 852      636F6C6F 
 852      7200
 853              	.LASF2:
 854 01f8 73686F72 		.ascii	"short int\000"
 854      7420696E 
 854      7400
 855              	.LASF18:
 856 0202 53574C5F 		.ascii	"SWL_Handler\000"
 856      48616E64 
 856      6C657200 
 857              	.LASF9:
 858 020e 75696E74 		.ascii	"uint8\000"
 858      3800
 859              	.LASF17:
 860 0214 72616E64 		.ascii	"rand_color\000"
 860      5F636F6C 
 860      6F7200
 861              	.LASF4:
 862 021f 6C6F6E67 		.ascii	"long int\000"
 862      20696E74 
 862      00
 863              	.LASF14:
 864 0228 6C6F6E67 		.ascii	"long double\000"
 864      20646F75 
 864      626C6500 
 865              	.LASF0:
 866 0234 7369676E 		.ascii	"signed char\000"
 866      65642063 
 866      68617200 
 867              	.LASF28:
 868 0240 5357425F 		.ascii	"SWB_Handler\000"
 868      48616E64 
 868      6C657200 
 869              		.ident	"GCC: (GNU Tools for ARM Embedded Processors) 5.4.1 20160609 (release) [ARM/embedded-5-bran
ARM GAS  C:\Users\ryan\AppData\Local\Temp\ccAw5m24.s 			page 20


